<?xml version="1.0" encoding="UTF-8"?>
<testsuites name="Foleon Prod Test" time="38" tests="4" failures="0" errors="0">
   <testsuite name="Foleon Prod Test" tests="4" failures="0" errors="0" time="38" timestamp="2019-04-01 16:43:45" hostname="siju - 192.168.178.88" id="Test Suites/Foleon Prod Test">
      <properties>
         <property name="deviceName" value=""/>
         <property name="devicePlatform" value=""/>
         <property name="logFolder" value="/Users/siju/Documents/FOLEON PRODUCTION/Foleon Production/Reports/Foleon Prod Test/20190401_164333"/>
         <property name="logFiles" value="/Users/siju/Documents/FOLEON PRODUCTION/Foleon Production/Reports/Foleon Prod Test/20190401_164333/execution0.log"/>
         <property name="attachments" value=""/>
         <property name="hostName" value="siju - 192.168.178.88"/>
         <property name="os" value="Mac OS X 64bit"/>
         <property name="katalonVersion" value="6.1.0.1"/>
         <property name="browser" value="Chrome 73.0.3683.86"/>
         <property name="hostAddress" value="192.168.178.88"/>
         <property name="sessionId" value="7b963c9f80396c25d655fb2d3d41b518"/>
         <property name="seleniumVersion" value="3.7.1"/>
         <property name="proxyInformation" value="ProxyInformation{proxyOption=NO_PROXY, proxyServerType=HTTP, password=, proxyServerAddress=, proxyServerPort=0}"/>
         <property name="platform" value="Mac OS X"/>
      </properties>
      <testcase name="Test Cases/Foleon_Logon invalid authenticate" classname="Test Cases/Foleon_Logon invalid authenticate" status="PASSED">
         <system-out><![CDATA[2019-04-01 16:43:45 - [TEST_CASE][PASSED] - Test Cases/Foleon_Logon invalid authenticate: Test Cases/Foleon_Logon invalid authenticate

2019-04-01 16:43:45 - [TEST_STEP][PASSED] - openBrowser(""): Browser is opened with url: ''

2019-04-01 16:43:45 - [MESSAGE][INFO] - Starting 'Chrome' driver

2019-04-01 16:43:45 - [MESSAGE][INFO] - Action delay is set to 0 seconds

2019-04-01 16:43:47 - [MESSAGE][PASSED] - Browser is opened with url: ''

2019-04-01 16:43:47 - [TEST_STEP][PASSED] - maximizeWindow(STOP_ON_FAILURE): Current window maximized

2019-04-01 16:43:47 - [MESSAGE][PASSED] - Current window maximized

2019-04-01 16:43:48 - [TEST_STEP][PASSED] - navigateToUrl("http://my-develop.unicornheaven.co/"): Navigate to 'http://my-develop.unicornheaven.co/' successfully

2019-04-01 16:43:54 - [MESSAGE][PASSED] - Navigate to 'http://my-develop.unicornheaven.co/' successfully

2019-04-01 16:43:54 - [TEST_STEP][PASSED] - setText(findTestObject("Object Repository/Page_Foleon/input_Email address_sc-hSdWYo biyAbi"), Email): Text 'a' is set on object 'Object Repository/Page_Foleon/input_Email address_sc-hSdWYo biyAbi'

2019-04-01 16:43:54 - [MESSAGE][PASSED] - Text 'a' is set on object 'Object Repository/Page_Foleon/input_Email address_sc-hSdWYo biyAbi'

2019-04-01 16:43:54 - [TEST_STEP][PASSED] - setText(findTestObject("Object Repository/Page_Foleon/input_Password_sc-hSdWYo biyAbi"), Password): Text 'a' is set on object 'Object Repository/Page_Foleon/input_Password_sc-hSdWYo biyAbi'

2019-04-01 16:43:54 - [MESSAGE][PASSED] - Text 'a' is set on object 'Object Repository/Page_Foleon/input_Password_sc-hSdWYo biyAbi'

2019-04-01 16:43:54 - [TEST_STEP][PASSED] - click(findTestObject("Object Repository/Page_Foleon/button_Log in"), STOP_ON_FAILURE): Object: 'Object Repository/Page_Foleon/button_Log in' is clicked on

2019-04-01 16:43:54 - [MESSAGE][PASSED] - Object: 'Object Repository/Page_Foleon/button_Log in' is clicked on

2019-04-01 16:43:54 - [TEST_STEP][PASSED] - verifyElementPresent(findTestObject("Object Repository/Page_Foleon/span_The email address or password you entered is incorrect Please try again"), 2): Object 'Object Repository/Page_Foleon/span_The email address or password you entered is incorrect Please try again' is present

2019-04-01 16:43:55 - [MESSAGE][PASSED] - Object 'Object Repository/Page_Foleon/span_The email address or password you entered is incorrect Please try again' is present

2019-04-01 16:43:55 - [TEST_STEP][PASSED] - verifyElementPresent(findTestObject("Object Repository/Page_Foleon/div_The email address or password you entered is incorrect Please try again"), 2): Object 'Object Repository/Page_Foleon/div_The email address or password you entered is incorrect Please try again' is present

2019-04-01 16:43:55 - [MESSAGE][PASSED] - Object 'Object Repository/Page_Foleon/div_The email address or password you entered is incorrect Please try again' is present

2019-04-01 16:43:55 - [TEST_STEP][PASSED] - closeBrowser(): Browser is closed

2019-04-01 16:43:55 - [MESSAGE][PASSED] - Browser is closed]]></system-out>
         <system-err><![CDATA[]]></system-err>
      </testcase>
      <testcase name="Test Cases/Foleon_Logon invalid authenticate" classname="Test Cases/Foleon_Logon invalid authenticate" status="PASSED">
         <system-out><![CDATA[2019-04-01 16:43:55 - [TEST_CASE][PASSED] - Test Cases/Foleon_Logon invalid authenticate: Test Cases/Foleon_Logon invalid authenticate

2019-04-01 16:43:55 - [TEST_STEP][PASSED] - openBrowser(""): Browser is opened with url: ''

2019-04-01 16:43:55 - [MESSAGE][INFO] - Starting 'Chrome' driver

2019-04-01 16:43:56 - [MESSAGE][PASSED] - Browser is opened with url: ''

2019-04-01 16:43:56 - [TEST_STEP][PASSED] - maximizeWindow(STOP_ON_FAILURE): Current window maximized

2019-04-01 16:43:56 - [MESSAGE][PASSED] - Current window maximized

2019-04-01 16:43:56 - [TEST_STEP][PASSED] - navigateToUrl("http://my-develop.unicornheaven.co/"): Navigate to 'http://my-develop.unicornheaven.co/' successfully

2019-04-01 16:44:03 - [MESSAGE][PASSED] - Navigate to 'http://my-develop.unicornheaven.co/' successfully

2019-04-01 16:44:03 - [TEST_STEP][PASSED] - setText(findTestObject("Object Repository/Page_Foleon/input_Email address_sc-hSdWYo biyAbi"), Email): Text '' is set on object 'Object Repository/Page_Foleon/input_Email address_sc-hSdWYo biyAbi'

2019-04-01 16:44:03 - [MESSAGE][PASSED] - Text '' is set on object 'Object Repository/Page_Foleon/input_Email address_sc-hSdWYo biyAbi'

2019-04-01 16:44:03 - [TEST_STEP][PASSED] - setText(findTestObject("Object Repository/Page_Foleon/input_Password_sc-hSdWYo biyAbi"), Password): Text '' is set on object 'Object Repository/Page_Foleon/input_Password_sc-hSdWYo biyAbi'

2019-04-01 16:44:03 - [MESSAGE][PASSED] - Text '' is set on object 'Object Repository/Page_Foleon/input_Password_sc-hSdWYo biyAbi'

2019-04-01 16:44:03 - [TEST_STEP][PASSED] - click(findTestObject("Object Repository/Page_Foleon/button_Log in"), STOP_ON_FAILURE): Object: 'Object Repository/Page_Foleon/button_Log in' is clicked on

2019-04-01 16:44:04 - [MESSAGE][PASSED] - Object: 'Object Repository/Page_Foleon/button_Log in' is clicked on

2019-04-01 16:44:04 - [TEST_STEP][PASSED] - verifyElementPresent(findTestObject("Object Repository/Page_Foleon/span_The email address or password you entered is incorrect Please try again"), 2): Object 'Object Repository/Page_Foleon/span_The email address or password you entered is incorrect Please try again' is present

2019-04-01 16:44:05 - [MESSAGE][PASSED] - Object 'Object Repository/Page_Foleon/span_The email address or password you entered is incorrect Please try again' is present

2019-04-01 16:44:05 - [TEST_STEP][PASSED] - verifyElementPresent(findTestObject("Object Repository/Page_Foleon/div_The email address or password you entered is incorrect Please try again"), 2): Object 'Object Repository/Page_Foleon/div_The email address or password you entered is incorrect Please try again' is present

2019-04-01 16:44:05 - [MESSAGE][PASSED] - Object 'Object Repository/Page_Foleon/div_The email address or password you entered is incorrect Please try again' is present

2019-04-01 16:44:05 - [TEST_STEP][PASSED] - closeBrowser(): Browser is closed

2019-04-01 16:44:05 - [MESSAGE][PASSED] - Browser is closed]]></system-out>
         <system-err><![CDATA[]]></system-err>
      </testcase>
      <testcase name="Test Cases/Foleon_Logon invalid authenticate" classname="Test Cases/Foleon_Logon invalid authenticate" status="PASSED">
         <system-out><![CDATA[2019-04-01 16:44:05 - [TEST_CASE][PASSED] - Test Cases/Foleon_Logon invalid authenticate: Test Cases/Foleon_Logon invalid authenticate

2019-04-01 16:44:05 - [TEST_STEP][PASSED] - openBrowser(""): Browser is opened with url: ''

2019-04-01 16:44:05 - [MESSAGE][INFO] - Starting 'Chrome' driver

2019-04-01 16:44:06 - [MESSAGE][PASSED] - Browser is opened with url: ''

2019-04-01 16:44:06 - [TEST_STEP][PASSED] - maximizeWindow(STOP_ON_FAILURE): Current window maximized

2019-04-01 16:44:06 - [MESSAGE][PASSED] - Current window maximized

2019-04-01 16:44:06 - [TEST_STEP][PASSED] - navigateToUrl("http://my-develop.unicornheaven.co/"): Navigate to 'http://my-develop.unicornheaven.co/' successfully

2019-04-01 16:44:11 - [MESSAGE][PASSED] - Navigate to 'http://my-develop.unicornheaven.co/' successfully

2019-04-01 16:44:11 - [TEST_STEP][PASSED] - setText(findTestObject("Object Repository/Page_Foleon/input_Email address_sc-hSdWYo biyAbi"), Email): Text '#$@xy3.com' is set on object 'Object Repository/Page_Foleon/input_Email address_sc-hSdWYo biyAbi'

2019-04-01 16:44:12 - [MESSAGE][PASSED] - Text '#$@xy3.com' is set on object 'Object Repository/Page_Foleon/input_Email address_sc-hSdWYo biyAbi'

2019-04-01 16:44:12 - [TEST_STEP][PASSED] - setText(findTestObject("Object Repository/Page_Foleon/input_Password_sc-hSdWYo biyAbi"), Password): Text '  765' is set on object 'Object Repository/Page_Foleon/input_Password_sc-hSdWYo biyAbi'

2019-04-01 16:44:12 - [MESSAGE][PASSED] - Text '  765' is set on object 'Object Repository/Page_Foleon/input_Password_sc-hSdWYo biyAbi'

2019-04-01 16:44:12 - [TEST_STEP][PASSED] - click(findTestObject("Object Repository/Page_Foleon/button_Log in"), STOP_ON_FAILURE): Object: 'Object Repository/Page_Foleon/button_Log in' is clicked on

2019-04-01 16:44:12 - [MESSAGE][PASSED] - Object: 'Object Repository/Page_Foleon/button_Log in' is clicked on

2019-04-01 16:44:12 - [TEST_STEP][PASSED] - verifyElementPresent(findTestObject("Object Repository/Page_Foleon/span_The email address or password you entered is incorrect Please try again"), 2): Object 'Object Repository/Page_Foleon/span_The email address or password you entered is incorrect Please try again' is present

2019-04-01 16:44:13 - [MESSAGE][PASSED] - Object 'Object Repository/Page_Foleon/span_The email address or password you entered is incorrect Please try again' is present

2019-04-01 16:44:13 - [TEST_STEP][PASSED] - verifyElementPresent(findTestObject("Object Repository/Page_Foleon/div_The email address or password you entered is incorrect Please try again"), 2): Object 'Object Repository/Page_Foleon/div_The email address or password you entered is incorrect Please try again' is present

2019-04-01 16:44:13 - [MESSAGE][PASSED] - Object 'Object Repository/Page_Foleon/div_The email address or password you entered is incorrect Please try again' is present

2019-04-01 16:44:13 - [TEST_STEP][PASSED] - closeBrowser(): Browser is closed

2019-04-01 16:44:13 - [MESSAGE][PASSED] - Browser is closed]]></system-out>
         <system-err><![CDATA[]]></system-err>
      </testcase>
      <testcase name="Test Cases/Foleon_Logon invalid authenticate" classname="Test Cases/Foleon_Logon invalid authenticate" status="PASSED">
         <system-out><![CDATA[2019-04-01 16:44:13 - [TEST_CASE][PASSED] - Test Cases/Foleon_Logon invalid authenticate: Test Cases/Foleon_Logon invalid authenticate

2019-04-01 16:44:13 - [TEST_STEP][PASSED] - openBrowser(""): Browser is opened with url: ''

2019-04-01 16:44:13 - [MESSAGE][INFO] - Starting 'Chrome' driver

2019-04-01 16:44:14 - [MESSAGE][PASSED] - Browser is opened with url: ''

2019-04-01 16:44:14 - [TEST_STEP][PASSED] - maximizeWindow(STOP_ON_FAILURE): Current window maximized

2019-04-01 16:44:14 - [MESSAGE][PASSED] - Current window maximized

2019-04-01 16:44:14 - [TEST_STEP][PASSED] - navigateToUrl("http://my-develop.unicornheaven.co/"): Navigate to 'http://my-develop.unicornheaven.co/' successfully

2019-04-01 16:44:21 - [MESSAGE][PASSED] - Navigate to 'http://my-develop.unicornheaven.co/' successfully

2019-04-01 16:44:21 - [TEST_STEP][PASSED] - setText(findTestObject("Object Repository/Page_Foleon/input_Email address_sc-hSdWYo biyAbi"), Email): Text 'm.memic90@gmail.com' is set on object 'Object Repository/Page_Foleon/input_Email address_sc-hSdWYo biyAbi'

2019-04-01 16:44:22 - [MESSAGE][PASSED] - Text 'm.memic90@gmail.com' is set on object 'Object Repository/Page_Foleon/input_Email address_sc-hSdWYo biyAbi'

2019-04-01 16:44:22 - [TEST_STEP][PASSED] - setText(findTestObject("Object Repository/Page_Foleon/input_Password_sc-hSdWYo biyAbi"), Password): Text 'rtfm2013' is set on object 'Object Repository/Page_Foleon/input_Password_sc-hSdWYo biyAbi'

2019-04-01 16:44:22 - [MESSAGE][PASSED] - Text 'rtfm2013' is set on object 'Object Repository/Page_Foleon/input_Password_sc-hSdWYo biyAbi'

2019-04-01 16:44:22 - [TEST_STEP][PASSED] - click(findTestObject("Object Repository/Page_Foleon/button_Log in"), STOP_ON_FAILURE): Object: 'Object Repository/Page_Foleon/button_Log in' is clicked on

2019-04-01 16:44:22 - [MESSAGE][PASSED] - Object: 'Object Repository/Page_Foleon/button_Log in' is clicked on

2019-04-01 16:44:22 - [TEST_STEP][PASSED] - verifyElementPresent(findTestObject("Object Repository/Page_Foleon/span_The email address or password you entered is incorrect Please try again"), 2): Object 'Object Repository/Page_Foleon/span_The email address or password you entered is incorrect Please try again' is present

2019-04-01 16:44:23 - [MESSAGE][PASSED] - Object 'Object Repository/Page_Foleon/span_The email address or password you entered is incorrect Please try again' is present

2019-04-01 16:44:23 - [TEST_STEP][PASSED] - verifyElementPresent(findTestObject("Object Repository/Page_Foleon/div_The email address or password you entered is incorrect Please try again"), 2): Object 'Object Repository/Page_Foleon/div_The email address or password you entered is incorrect Please try again' is present

2019-04-01 16:44:23 - [MESSAGE][PASSED] - Object 'Object Repository/Page_Foleon/div_The email address or password you entered is incorrect Please try again' is present

2019-04-01 16:44:23 - [TEST_STEP][PASSED] - closeBrowser(): Browser is closed

2019-04-01 16:44:23 - [MESSAGE][PASSED] - Browser is closed]]></system-out>
         <system-err><![CDATA[]]></system-err>
      </testcase>
      <system-out><![CDATA[2019-04-01 16:43:45 - [TEST_SUITE][PASSED] - Foleon Prod Test: Test Cases/Foleon_Logon invalid authenticate]]></system-out>
      <system-err><![CDATA[]]></system-err>
   </testsuite>
</testsuites>
