<?xml version="1.0" encoding="UTF-8"?>
<testsuites name="Foleon Prod Test" time="170" tests="10" failures="2" errors="0">
   <testsuite name="Foleon Prod Test" tests="10" failures="2" errors="0" time="170" timestamp="2019-05-07 16:07:42" hostname="siju - 10.34.12.118" id="Test Suites/Foleon Prod Test">
      <properties>
         <property name="deviceName" value=""/>
         <property name="devicePlatform" value=""/>
         <property name="logFolder" value="/Users/siju/Documents/FOLEON PRODUCTION/Foleon Production/Reports/Foleon Prod Test/20190507_160740"/>
         <property name="logFiles" value="/Users/siju/Documents/FOLEON PRODUCTION/Foleon Production/Reports/Foleon Prod Test/20190507_160740/execution0.log"/>
         <property name="attachments" value="/Users/siju/Documents/FOLEON PRODUCTION/Foleon Production/Reports/Foleon Prod Test/20190507_160740/1557238168449.png, /Users/siju/Documents/FOLEON PRODUCTION/Foleon Production/Reports/Foleon Prod Test/20190507_160740/1557238168932.png, /Users/siju/Documents/FOLEON PRODUCTION/Foleon Production/Reports/Foleon Prod Test/20190507_160740/1557238232605.png"/>
         <property name="hostName" value="siju - 10.34.12.118"/>
         <property name="os" value="Mac OS X 64bit"/>
         <property name="katalonVersion" value="6.1.0.1"/>
         <property name="browser" value="Chrome 74.0.3729.131"/>
         <property name="hostAddress" value="10.34.12.118"/>
         <property name="sessionId" value="cad46831ea438f571691d6f4ed0fba23"/>
         <property name="seleniumVersion" value="3.7.1"/>
         <property name="proxyInformation" value="ProxyInformation{proxyOption=NO_PROXY, proxyServerType=HTTP, password=, proxyServerAddress=, proxyServerPort=0}"/>
         <property name="platform" value="Mac OS X"/>
      </properties>
      <testcase name="Test Cases/Foleon_Homepage_BG" classname="Test Cases/Foleon_Homepage_BG" status="PASSED">
         <system-out><![CDATA[2019-05-07 16:07:43 - [TEST_CASE][PASSED] - Test Cases/Foleon_Homepage_BG: Test Cases/Foleon_Homepage_BG

2019-05-07 16:07:43 - [TEST_STEP][PASSED] - openBrowser(""): Browser is opened with url: ''

2019-05-07 16:07:43 - [MESSAGE][INFO] - Starting 'Chrome' driver

2019-05-07 16:07:43 - [MESSAGE][INFO] - Action delay is set to 0 seconds

2019-05-07 16:07:46 - [MESSAGE][PASSED] - Browser is opened with url: ''

2019-05-07 16:07:46 - [TEST_STEP][PASSED] - maximizeWindow(STOP_ON_FAILURE): Current window maximized

2019-05-07 16:07:46 - [MESSAGE][PASSED] - Current window maximized

2019-05-07 16:07:46 - [TEST_STEP][PASSED] - navigateToUrl("http://my-develop.unicornheaven.co/"): Navigate to 'http://my-develop.unicornheaven.co/' successfully

2019-05-07 16:07:54 - [MESSAGE][PASSED] - Navigate to 'http://my-develop.unicornheaven.co/' successfully

2019-05-07 16:07:54 - [TEST_STEP][PASSED] - click(findTestObject("Page_Foleon/Foleon_BG")): Object: 'Object Repository/Page_Foleon/Foleon_BG' is clicked on

2019-05-07 16:07:54 - [MESSAGE][PASSED] - Object: 'Object Repository/Page_Foleon/Foleon_BG' is clicked on

2019-05-07 16:07:54 - [TEST_STEP][PASSED] - closeBrowser(): Browser is closed

2019-05-07 16:07:54 - [MESSAGE][PASSED] - Browser is closed]]></system-out>
         <system-err><![CDATA[]]></system-err>
      </testcase>
      <testcase name="Test Cases/Foleon_label check button_Start a free trial" classname="Test Cases/Foleon_label check button_Start a free trial" status="PASSED">
         <system-out><![CDATA[2019-05-07 16:07:54 - [TEST_CASE][PASSED] - Test Cases/Foleon_label check button_Start a free trial: Test Cases/Foleon_label check button_Start a free trial

2019-05-07 16:07:54 - [TEST_STEP][PASSED] - openBrowser(""): Browser is opened with url: ''

2019-05-07 16:07:54 - [MESSAGE][INFO] - Starting 'Chrome' driver

2019-05-07 16:07:55 - [MESSAGE][PASSED] - Browser is opened with url: ''

2019-05-07 16:07:55 - [TEST_STEP][PASSED] - maximizeWindow(STOP_ON_FAILURE): Current window maximized

2019-05-07 16:07:55 - [MESSAGE][PASSED] - Current window maximized

2019-05-07 16:07:55 - [TEST_STEP][PASSED] - navigateToUrl("http://my-develop.unicornheaven.co/"): Navigate to 'http://my-develop.unicornheaven.co/' successfully

2019-05-07 16:08:03 - [MESSAGE][PASSED] - Navigate to 'http://my-develop.unicornheaven.co/' successfully

2019-05-07 16:08:03 - [TEST_STEP][PASSED] - verifyElementPresent(findTestObject("Object Repository/Page_Foleon/button_Start a free trial"), 2): Object 'Object Repository/Page_Foleon/button_Start a free trial' is present

2019-05-07 16:08:03 - [MESSAGE][PASSED] - Object 'Object Repository/Page_Foleon/button_Start a free trial' is present

2019-05-07 16:08:03 - [TEST_STEP][PASSED] - closeBrowser(): Browser is closed

2019-05-07 16:08:03 - [MESSAGE][PASSED] - Browser is closed]]></system-out>
         <system-err><![CDATA[]]></system-err>
      </testcase>
      <testcase name="Test Cases/Foleon_Logon Click Start a free trial button" classname="Test Cases/Foleon_Logon Click Start a free trial button" status="PASSED">
         <system-out><![CDATA[2019-05-07 16:08:03 - [TEST_CASE][PASSED] - Test Cases/Foleon_Logon Click Start a free trial button: Test Cases/Foleon_Logon Click Start a free trial button

2019-05-07 16:08:03 - [TEST_STEP][PASSED] - openBrowser(""): Browser is opened with url: ''

2019-05-07 16:08:03 - [MESSAGE][INFO] - Starting 'Chrome' driver

2019-05-07 16:08:04 - [MESSAGE][PASSED] - Browser is opened with url: ''

2019-05-07 16:08:04 - [TEST_STEP][PASSED] - maximizeWindow(STOP_ON_FAILURE): Current window maximized

2019-05-07 16:08:04 - [MESSAGE][PASSED] - Current window maximized

2019-05-07 16:08:04 - [TEST_STEP][PASSED] - navigateToUrl("http://my-develop.unicornheaven.co/"): Navigate to 'http://my-develop.unicornheaven.co/' successfully

2019-05-07 16:08:12 - [MESSAGE][PASSED] - Navigate to 'http://my-develop.unicornheaven.co/' successfully

2019-05-07 16:08:12 - [TEST_STEP][PASSED] - click(findTestObject("Page_Foleon/button_Start a free trial"), STOP_ON_FAILURE): Object: 'Object Repository/Page_Foleon/button_Start a free trial' is clicked on

2019-05-07 16:08:18 - [MESSAGE][PASSED] - Object: 'Object Repository/Page_Foleon/button_Start a free trial' is clicked on

2019-05-07 16:08:18 - [TEST_STEP][PASSED] - verifyElementPresent(findTestObject("Object Repository/Page_Create account - Foleon/a_privacy policy"), 2): Object 'Object Repository/Page_Create account - Foleon/a_privacy policy' is present

2019-05-07 16:08:18 - [MESSAGE][PASSED] - Object 'Object Repository/Page_Create account - Foleon/a_privacy policy' is present

2019-05-07 16:08:18 - [TEST_STEP][PASSED] - verifyElementPresent(findTestObject("Object Repository/Page_Create account - Foleon/button_Create account"), 2): Object 'Object Repository/Page_Create account - Foleon/button_Create account' is present

2019-05-07 16:08:18 - [MESSAGE][PASSED] - Object 'Object Repository/Page_Create account - Foleon/button_Create account' is present

2019-05-07 16:08:18 - [TEST_STEP][PASSED] - verifyElementPresent(findTestObject("Object Repository/Page_Create account - Foleon/div_Already have an accountLog in here"), 2): Object 'Object Repository/Page_Create account - Foleon/div_Already have an accountLog in here' is present

2019-05-07 16:08:18 - [MESSAGE][PASSED] - Object 'Object Repository/Page_Create account - Foleon/div_Already have an accountLog in here' is present

2019-05-07 16:08:18 - [TEST_STEP][PASSED] - verifyElementPresent(findTestObject("Object Repository/Page_Create account - Foleon/div_Business email"), 2): Object 'Object Repository/Page_Create account - Foleon/div_Business email' is present

2019-05-07 16:08:18 - [MESSAGE][PASSED] - Object 'Object Repository/Page_Create account - Foleon/div_Business email' is present

2019-05-07 16:08:18 - [TEST_STEP][PASSED] - verifyElementPresent(findTestObject("Object Repository/Page_Create account - Foleon/div_Business email_css-1ji94hn"), 2): Object 'Object Repository/Page_Create account - Foleon/div_Business email_css-1ji94hn' is present

2019-05-07 16:08:18 - [MESSAGE][PASSED] - Object 'Object Repository/Page_Create account - Foleon/div_Business email_css-1ji94hn' is present

2019-05-07 16:08:18 - [TEST_STEP][PASSED] - verifyElementPresent(findTestObject("Object Repository/Page_Create account - Foleon/div_Password_css-1ji94hn"), 2): Object 'Object Repository/Page_Create account - Foleon/div_Password_css-1ji94hn' is present

2019-05-07 16:08:18 - [MESSAGE][PASSED] - Object 'Object Repository/Page_Create account - Foleon/div_Password_css-1ji94hn' is present

2019-05-07 16:08:18 - [TEST_STEP][PASSED] - verifyElementPresent(findTestObject("Object Repository/Page_Create account - Foleon/div_Try Foleon free for 7 days"), 2): Object 'Object Repository/Page_Create account - Foleon/div_Try Foleon free for 7 days' is present

2019-05-07 16:08:18 - [MESSAGE][PASSED] - Object 'Object Repository/Page_Create account - Foleon/div_Try Foleon free for 7 days' is present

2019-05-07 16:08:18 - [TEST_STEP][PASSED] - verifyElementPresent(findTestObject("Object Repository/Page_Create account - Foleon/h1_Try Foleon free for 7 days"), 2): Object 'Object Repository/Page_Create account - Foleon/h1_Try Foleon free for 7 days' is present

2019-05-07 16:08:18 - [MESSAGE][PASSED] - Object 'Object Repository/Page_Create account - Foleon/h1_Try Foleon free for 7 days' is present

2019-05-07 16:08:18 - [TEST_STEP][PASSED] - verifyElementPresent(findTestObject("Object Repository/Page_Create account - Foleon/input_Business email_email"), 2): Object 'Object Repository/Page_Create account - Foleon/input_Business email_email' is present

2019-05-07 16:08:18 - [MESSAGE][PASSED] - Object 'Object Repository/Page_Create account - Foleon/input_Business email_email' is present

2019-05-07 16:08:18 - [TEST_STEP][PASSED] - verifyElementPresent(findTestObject("Object Repository/Page_Create account - Foleon/input_Password_password"), 2): Object 'Object Repository/Page_Create account - Foleon/input_Password_password' is present

2019-05-07 16:08:18 - [MESSAGE][PASSED] - Object 'Object Repository/Page_Create account - Foleon/input_Password_password' is present

2019-05-07 16:08:18 - [TEST_STEP][PASSED] - verifyElementPresent(findTestObject("Object Repository/Page_Create account - Foleon/label_Get occasional blog updates and other inspirational emails_css-1m7xuyi"), 2): Object 'Object Repository/Page_Create account - Foleon/label_Get occasional blog updates and other inspirational emails_css-1m7xuyi' is present

2019-05-07 16:08:19 - [MESSAGE][PASSED] - Object 'Object Repository/Page_Create account - Foleon/label_Get occasional blog updates and other inspirational emails_css-1m7xuyi' is present

2019-05-07 16:08:19 - [TEST_STEP][PASSED] - verifyElementPresent(findTestObject("Object Repository/Page_Create account - Foleon/label_Password_css-1m7xuyi"), 2): Object 'Object Repository/Page_Create account - Foleon/label_Password_css-1m7xuyi' is present

2019-05-07 16:08:19 - [MESSAGE][PASSED] - Object 'Object Repository/Page_Create account - Foleon/label_Password_css-1m7xuyi' is present

2019-05-07 16:08:19 - [TEST_STEP][PASSED] - verifyElementPresent(findTestObject("Object Repository/Page_Create account - Foleon/span_Business email"), 2): Object 'Object Repository/Page_Create account - Foleon/span_Business email' is present

2019-05-07 16:08:19 - [MESSAGE][PASSED] - Object 'Object Repository/Page_Create account - Foleon/span_Business email' is present

2019-05-07 16:08:19 - [TEST_STEP][PASSED] - verifyElementPresent(findTestObject("Object Repository/Page_Create account - Foleon/span_Create account"), 2): Object 'Object Repository/Page_Create account - Foleon/span_Create account' is present

2019-05-07 16:08:19 - [MESSAGE][PASSED] - Object 'Object Repository/Page_Create account - Foleon/span_Create account' is present

2019-05-07 16:08:19 - [TEST_STEP][PASSED] - verifyElementPresent(findTestObject("Object Repository/Page_Create account - Foleon/span_Foleon will not share your data for commercial use Check our privacy policy"), 2): Object 'Object Repository/Page_Create account - Foleon/span_Foleon will not share your data for commercial use Check our privacy policy' is present

2019-05-07 16:08:19 - [MESSAGE][PASSED] - Object 'Object Repository/Page_Create account - Foleon/span_Foleon will not share your data for commercial use Check our privacy policy' is present

2019-05-07 16:08:19 - [TEST_STEP][PASSED] - verifyElementPresent(findTestObject("Object Repository/Page_Create account - Foleon/span_Get occasional blog updates and other inspirational emails"), 2): Object 'Object Repository/Page_Create account - Foleon/span_Get occasional blog updates and other inspirational emails' is present

2019-05-07 16:08:19 - [MESSAGE][PASSED] - Object 'Object Repository/Page_Create account - Foleon/span_Get occasional blog updates and other inspirational emails' is present

2019-05-07 16:08:19 - [TEST_STEP][PASSED] - verifyElementPresent(findTestObject("Object Repository/Page_Create account - Foleon/span_Get product-related news and features"), 2): Object 'Object Repository/Page_Create account - Foleon/span_Get product-related news and features' is present

2019-05-07 16:08:19 - [MESSAGE][PASSED] - Object 'Object Repository/Page_Create account - Foleon/span_Get product-related news and features' is present

2019-05-07 16:08:19 - [TEST_STEP][PASSED] - verifyElementPresent(findTestObject("Object Repository/Page_Create account - Foleon/span_Password"), 2): Object 'Object Repository/Page_Create account - Foleon/span_Password' is present

2019-05-07 16:08:19 - [MESSAGE][PASSED] - Object 'Object Repository/Page_Create account - Foleon/span_Password' is present

2019-05-07 16:08:19 - [TEST_STEP][PASSED] - closeBrowser(): Browser is closed

2019-05-07 16:08:19 - [MESSAGE][PASSED] - Browser is closed]]></system-out>
         <system-err><![CDATA[]]></system-err>
      </testcase>
      <testcase name="Test Cases/Foleon_check label email, password and Login" classname="Test Cases/Foleon_check label email, password and Login" status="PASSED">
         <system-out><![CDATA[2019-05-07 16:08:19 - [TEST_CASE][PASSED] - Test Cases/Foleon_check label email, password and Login: Test Cases/Foleon_check label email, password and Login

2019-05-07 16:08:19 - [TEST_STEP][PASSED] - openBrowser(""): Browser is opened with url: ''

2019-05-07 16:08:19 - [MESSAGE][INFO] - Starting 'Chrome' driver

2019-05-07 16:08:20 - [MESSAGE][PASSED] - Browser is opened with url: ''

2019-05-07 16:08:20 - [TEST_STEP][PASSED] - maximizeWindow(STOP_ON_FAILURE): Current window maximized

2019-05-07 16:08:20 - [MESSAGE][PASSED] - Current window maximized

2019-05-07 16:08:20 - [TEST_STEP][PASSED] - navigateToUrl("http://my-develop.unicornheaven.co/"): Navigate to 'http://my-develop.unicornheaven.co/' successfully

2019-05-07 16:08:28 - [MESSAGE][PASSED] - Navigate to 'http://my-develop.unicornheaven.co/' successfully

2019-05-07 16:08:28 - [TEST_STEP][PASSED] - verifyElementPresent(findTestObject("Object Repository/Page_Foleon/label_Email address"), 2): Object 'Object Repository/Page_Foleon/label_Email address' is present

2019-05-07 16:08:28 - [MESSAGE][PASSED] - Object 'Object Repository/Page_Foleon/label_Email address' is present

2019-05-07 16:08:28 - [TEST_STEP][PASSED] - verifyElementPresent(findTestObject("Object Repository/Page_Foleon/label_Password"), 2): Object 'Object Repository/Page_Foleon/label_Password' is present

2019-05-07 16:08:28 - [MESSAGE][PASSED] - Object 'Object Repository/Page_Foleon/label_Password' is present

2019-05-07 16:08:28 - [TEST_STEP][PASSED] - verifyElementPresent(findTestObject("Object Repository/Page_Foleon/div_Log in"), 2): Object 'Object Repository/Page_Foleon/div_Log in' is present

2019-05-07 16:08:28 - [MESSAGE][PASSED] - Object 'Object Repository/Page_Foleon/div_Log in' is present

2019-05-07 16:08:28 - [TEST_STEP][PASSED] - verifyElementPresent(findTestObject("Object Repository/Page_Foleon/button_Log in"), 2): Object 'Object Repository/Page_Foleon/button_Log in' is present

2019-05-07 16:08:28 - [MESSAGE][PASSED] - Object 'Object Repository/Page_Foleon/button_Log in' is present

2019-05-07 16:08:28 - [TEST_STEP][PASSED] - closeBrowser(): Browser is closed

2019-05-07 16:08:28 - [MESSAGE][PASSED] - Browser is closed]]></system-out>
         <system-err><![CDATA[]]></system-err>
      </testcase>
      <testcase name="Test Cases/Foleon_Logon Click Forgot password" classname="Test Cases/Foleon_Logon Click Forgot password" status="PASSED">
         <system-out><![CDATA[2019-05-07 16:08:28 - [TEST_CASE][PASSED] - Test Cases/Foleon_Logon Click Forgot password: Test Cases/Foleon_Logon Click Forgot password

2019-05-07 16:08:28 - [TEST_STEP][PASSED] - openBrowser(""): Browser is opened with url: ''

2019-05-07 16:08:28 - [MESSAGE][INFO] - Starting 'Chrome' driver

2019-05-07 16:08:29 - [MESSAGE][PASSED] - Browser is opened with url: ''

2019-05-07 16:08:29 - [TEST_STEP][PASSED] - maximizeWindow(STOP_ON_FAILURE): Current window maximized

2019-05-07 16:08:29 - [MESSAGE][PASSED] - Current window maximized

2019-05-07 16:08:29 - [TEST_STEP][PASSED] - navigateToUrl("http://my-develop.unicornheaven.co/"): Navigate to 'http://my-develop.unicornheaven.co/' successfully

2019-05-07 16:08:36 - [MESSAGE][PASSED] - Navigate to 'http://my-develop.unicornheaven.co/' successfully

2019-05-07 16:08:36 - [TEST_STEP][PASSED] - click(findTestObject("Object Repository/Page_Foleon/span_Forgot password"), STOP_ON_FAILURE): Object: 'Object Repository/Page_Foleon/span_Forgot password' is clicked on

2019-05-07 16:08:37 - [MESSAGE][PASSED] - Object: 'Object Repository/Page_Foleon/span_Forgot password' is clicked on

2019-05-07 16:08:37 - [TEST_STEP][PASSED] - verifyLinksAccessible(["http://portal.unicornheaven.co/forgot-password"]): All links are accessible

2019-05-07 16:08:38 - [MESSAGE][INFO] - HAR: /Users/siju/Documents/FOLEON PRODUCTION/Foleon Production/Reports/Foleon Prod Test/20190507_160740/requests/main/0.har

2019-05-07 16:08:38 - [MESSAGE][PASSED] - Send request successfully

2019-05-07 16:08:38 - [MESSAGE][PASSED] - All links are accessible

2019-05-07 16:08:38 - [TEST_STEP][PASSED] - verifyElementPresent(findTestObject("Object Repository/Page_Forgot password  Foleon/a_Contact us"), 2): Object 'Object Repository/Page_Forgot password  Foleon/a_Contact us' is present

2019-05-07 16:08:38 - [MESSAGE][PASSED] - Object 'Object Repository/Page_Forgot password  Foleon/a_Contact us' is present

2019-05-07 16:08:38 - [TEST_STEP][PASSED] - verifyElementPresent(findTestObject("Object Repository/Page_Forgot password  Foleon/button_send mail"), 2): Object 'Object Repository/Page_Forgot password  Foleon/button_send mail' is present

2019-05-07 16:08:38 - [MESSAGE][PASSED] - Object 'Object Repository/Page_Forgot password  Foleon/button_send mail' is present

2019-05-07 16:08:38 - [TEST_STEP][PASSED] - verifyElementPresent(findTestObject("Object Repository/Page_Forgot password  Foleon/div_Any questionsContact us"), 2): Object 'Object Repository/Page_Forgot password  Foleon/div_Any questionsContact us' is present

2019-05-07 16:08:38 - [MESSAGE][PASSED] - Object 'Object Repository/Page_Forgot password  Foleon/div_Any questionsContact us' is present

2019-05-07 16:08:38 - [TEST_STEP][PASSED] - verifyElementPresent(findTestObject("Object Repository/Page_Forgot password  Foleon/div_Email address"), 2): Object 'Object Repository/Page_Forgot password  Foleon/div_Email address' is present

2019-05-07 16:08:38 - [MESSAGE][PASSED] - Object 'Object Repository/Page_Forgot password  Foleon/div_Email address' is present

2019-05-07 16:08:38 - [TEST_STEP][PASSED] - verifyElementPresent(findTestObject("Object Repository/Page_Forgot password  Foleon/div_Email address_sc-bwzfXH sc-htpNat dnBLRv"), 2): Object 'Object Repository/Page_Forgot password  Foleon/div_Email address_sc-bwzfXH sc-htpNat dnBLRv' is present

2019-05-07 16:08:38 - [MESSAGE][PASSED] - Object 'Object Repository/Page_Forgot password  Foleon/div_Email address_sc-bwzfXH sc-htpNat dnBLRv' is present

2019-05-07 16:08:38 - [TEST_STEP][PASSED] - verifyElementPresent(findTestObject("Page_Forgot password  Foleon/div_Forgot your passwordEnter your email"), 2): Object 'Object Repository/Page_Forgot password  Foleon/div_Forgot your passwordEnter your email' is present

2019-05-07 16:08:38 - [MESSAGE][PASSED] - Object 'Object Repository/Page_Forgot password  Foleon/div_Forgot your passwordEnter your email' is present

2019-05-07 16:08:38 - [TEST_STEP][PASSED] - verifyElementPresent(findTestObject("Object Repository/Page_Forgot password  Foleon/div_Forgot your password frame"), 2): Object 'Object Repository/Page_Forgot password  Foleon/div_Forgot your password frame' is present

2019-05-07 16:08:38 - [MESSAGE][PASSED] - Object 'Object Repository/Page_Forgot password  Foleon/div_Forgot your password frame' is present

2019-05-07 16:08:38 - [TEST_STEP][PASSED] - verifyElementPresent(findTestObject("Object Repository/Page_Forgot password  Foleon/div_Forgot your password frame"), 2): Object 'Object Repository/Page_Forgot password  Foleon/div_Forgot your password frame' is present

2019-05-07 16:08:38 - [MESSAGE][PASSED] - Object 'Object Repository/Page_Forgot password  Foleon/div_Forgot your password frame' is present

2019-05-07 16:08:38 - [TEST_STEP][PASSED] - verifyElementPresent(findTestObject("Object Repository/Page_Forgot password  Foleon/div_Go back"), 2): Object 'Object Repository/Page_Forgot password  Foleon/div_Go back' is present

2019-05-07 16:08:38 - [MESSAGE][PASSED] - Object 'Object Repository/Page_Forgot password  Foleon/div_Go back' is present

2019-05-07 16:08:38 - [TEST_STEP][PASSED] - verifyElementPresent(findTestObject("Object Repository/Page_Forgot password  Foleon/div_New to FoleonStart a free trial"), 2): Object 'Object Repository/Page_Forgot password  Foleon/div_New to FoleonStart a free trial' is present

2019-05-07 16:08:38 - [MESSAGE][PASSED] - Object 'Object Repository/Page_Forgot password  Foleon/div_New to FoleonStart a free trial' is present

2019-05-07 16:08:38 - [TEST_STEP][PASSED] - verifyElementPresent(findTestObject("Object Repository/Page_Forgot password  Foleon/h2_Forgot your password"), 2): Object 'Object Repository/Page_Forgot password  Foleon/h2_Forgot your password' is present

2019-05-07 16:08:38 - [MESSAGE][PASSED] - Object 'Object Repository/Page_Forgot password  Foleon/h2_Forgot your password' is present

2019-05-07 16:08:38 - [TEST_STEP][PASSED] - verifyElementPresent(findTestObject("Object Repository/Page_Forgot password  Foleon/input_Email address_sc-fBuWsC kJDrms"), 2): Object 'Object Repository/Page_Forgot password  Foleon/input_Email address_sc-fBuWsC kJDrms' is present

2019-05-07 16:08:38 - [MESSAGE][PASSED] - Object 'Object Repository/Page_Forgot password  Foleon/input_Email address_sc-fBuWsC kJDrms' is present

2019-05-07 16:08:38 - [TEST_STEP][PASSED] - verifyElementPresent(findTestObject("Object Repository/Page_Forgot password  Foleon/p_Any questions"), 2): Object 'Object Repository/Page_Forgot password  Foleon/p_Any questions' is present

2019-05-07 16:08:38 - [MESSAGE][PASSED] - Object 'Object Repository/Page_Forgot password  Foleon/p_Any questions' is present

2019-05-07 16:08:38 - [TEST_STEP][PASSED] - verifyElementPresent(findTestObject("Object Repository/Page_Forgot password  Foleon/span_Enter your email address and well get you back on track"), 2): Object 'Object Repository/Page_Forgot password  Foleon/span_Enter your email address and well get you back on track' is present

2019-05-07 16:08:38 - [MESSAGE][PASSED] - Object 'Object Repository/Page_Forgot password  Foleon/span_Enter your email address and well get you back on track' is present

2019-05-07 16:08:38 - [TEST_STEP][PASSED] - verifyElementPresent(findTestObject("Object Repository/Page_Forgot password  Foleon/span_Go back"), 2): Object 'Object Repository/Page_Forgot password  Foleon/span_Go back' is present

2019-05-07 16:08:38 - [MESSAGE][PASSED] - Object 'Object Repository/Page_Forgot password  Foleon/span_Go back' is present

2019-05-07 16:08:38 - [TEST_STEP][PASSED] - verifyElementPresent(findTestObject("Object Repository/Page_Forgot password  Foleon/span_v20272"), 2): Object 'Object Repository/Page_Forgot password  Foleon/span_v20272' is present

2019-05-07 16:08:38 - [MESSAGE][PASSED] - Object 'Object Repository/Page_Forgot password  Foleon/span_v20272' is present

2019-05-07 16:08:38 - [TEST_STEP][PASSED] - closeBrowser(): Browser is closed

2019-05-07 16:08:38 - [MESSAGE][PASSED] - Browser is closed]]></system-out>
         <system-err><![CDATA[]]></system-err>
      </testcase>
      <testcase name="Test Cases/Foleon_Logon invalid authenticate" classname="Test Cases/Foleon_Logon invalid authenticate" status="PASSED">
         <system-out><![CDATA[2019-05-07 16:08:38 - [TEST_CASE][PASSED] - Test Cases/Foleon_Logon invalid authenticate: Test Cases/Foleon_Logon invalid authenticate

2019-05-07 16:08:38 - [TEST_STEP][PASSED] - openBrowser(""): Browser is opened with url: ''

2019-05-07 16:08:38 - [MESSAGE][INFO] - Starting 'Chrome' driver

2019-05-07 16:08:40 - [MESSAGE][PASSED] - Browser is opened with url: ''

2019-05-07 16:08:40 - [TEST_STEP][PASSED] - maximizeWindow(STOP_ON_FAILURE): Current window maximized

2019-05-07 16:08:40 - [MESSAGE][PASSED] - Current window maximized

2019-05-07 16:08:40 - [TEST_STEP][PASSED] - navigateToUrl("http://my-develop.unicornheaven.co/"): Navigate to 'http://my-develop.unicornheaven.co/' successfully

2019-05-07 16:08:46 - [MESSAGE][PASSED] - Navigate to 'http://my-develop.unicornheaven.co/' successfully

2019-05-07 16:08:46 - [TEST_STEP][PASSED] - setText(findTestObject("Object Repository/Page_Foleon/input_Email address_sc-hSdWYo biyAbi"), Email): Text 'a' is set on object 'Object Repository/Page_Foleon/input_Email address_sc-hSdWYo biyAbi'

2019-05-07 16:08:46 - [MESSAGE][PASSED] - Text 'a' is set on object 'Object Repository/Page_Foleon/input_Email address_sc-hSdWYo biyAbi'

2019-05-07 16:08:46 - [TEST_STEP][PASSED] - setText(findTestObject("Object Repository/Page_Foleon/input_Password_sc-hSdWYo biyAbi"), Password): Text 'a' is set on object 'Object Repository/Page_Foleon/input_Password_sc-hSdWYo biyAbi'

2019-05-07 16:08:46 - [MESSAGE][PASSED] - Text 'a' is set on object 'Object Repository/Page_Foleon/input_Password_sc-hSdWYo biyAbi'

2019-05-07 16:08:46 - [TEST_STEP][PASSED] - click(findTestObject("Object Repository/Page_Foleon/button_Log in"), STOP_ON_FAILURE): Object: 'Object Repository/Page_Foleon/button_Log in' is clicked on

2019-05-07 16:08:46 - [MESSAGE][PASSED] - Object: 'Object Repository/Page_Foleon/button_Log in' is clicked on

2019-05-07 16:08:46 - [TEST_STEP][PASSED] - verifyElementPresent(findTestObject("Object Repository/Page_Foleon/div_The email address or password you entered is incorrect Please try again"), 2): Object 'Object Repository/Page_Foleon/div_The email address or password you entered is incorrect Please try again' is present

2019-05-07 16:08:46 - [MESSAGE][PASSED] - Object 'Object Repository/Page_Foleon/div_The email address or password you entered is incorrect Please try again' is present

2019-05-07 16:08:46 - [TEST_STEP][PASSED] - closeBrowser(): Browser is closed

2019-05-07 16:08:47 - [MESSAGE][PASSED] - Browser is closed]]></system-out>
         <system-err><![CDATA[]]></system-err>
      </testcase>
      <testcase name="Test Cases/Foleon_Logon invalid authenticate" classname="Test Cases/Foleon_Logon invalid authenticate" status="PASSED">
         <system-out><![CDATA[2019-05-07 16:08:47 - [TEST_CASE][PASSED] - Test Cases/Foleon_Logon invalid authenticate: Test Cases/Foleon_Logon invalid authenticate

2019-05-07 16:08:47 - [TEST_STEP][PASSED] - openBrowser(""): Browser is opened with url: ''

2019-05-07 16:08:47 - [MESSAGE][INFO] - Starting 'Chrome' driver

2019-05-07 16:08:48 - [MESSAGE][PASSED] - Browser is opened with url: ''

2019-05-07 16:08:48 - [TEST_STEP][PASSED] - maximizeWindow(STOP_ON_FAILURE): Current window maximized

2019-05-07 16:08:48 - [MESSAGE][PASSED] - Current window maximized

2019-05-07 16:08:48 - [TEST_STEP][PASSED] - navigateToUrl("http://my-develop.unicornheaven.co/"): Navigate to 'http://my-develop.unicornheaven.co/' successfully

2019-05-07 16:08:54 - [MESSAGE][PASSED] - Navigate to 'http://my-develop.unicornheaven.co/' successfully

2019-05-07 16:08:54 - [TEST_STEP][PASSED] - setText(findTestObject("Object Repository/Page_Foleon/input_Email address_sc-hSdWYo biyAbi"), Email): Text '' is set on object 'Object Repository/Page_Foleon/input_Email address_sc-hSdWYo biyAbi'

2019-05-07 16:08:55 - [MESSAGE][PASSED] - Text '' is set on object 'Object Repository/Page_Foleon/input_Email address_sc-hSdWYo biyAbi'

2019-05-07 16:08:55 - [TEST_STEP][PASSED] - setText(findTestObject("Object Repository/Page_Foleon/input_Password_sc-hSdWYo biyAbi"), Password): Text '' is set on object 'Object Repository/Page_Foleon/input_Password_sc-hSdWYo biyAbi'

2019-05-07 16:08:55 - [MESSAGE][PASSED] - Text '' is set on object 'Object Repository/Page_Foleon/input_Password_sc-hSdWYo biyAbi'

2019-05-07 16:08:55 - [TEST_STEP][PASSED] - click(findTestObject("Object Repository/Page_Foleon/button_Log in"), STOP_ON_FAILURE): Object: 'Object Repository/Page_Foleon/button_Log in' is clicked on

2019-05-07 16:08:55 - [MESSAGE][PASSED] - Object: 'Object Repository/Page_Foleon/button_Log in' is clicked on

2019-05-07 16:08:55 - [TEST_STEP][PASSED] - verifyElementPresent(findTestObject("Object Repository/Page_Foleon/div_The email address or password you entered is incorrect Please try again"), 2): Object 'Object Repository/Page_Foleon/div_The email address or password you entered is incorrect Please try again' is present

2019-05-07 16:08:55 - [MESSAGE][PASSED] - Object 'Object Repository/Page_Foleon/div_The email address or password you entered is incorrect Please try again' is present

2019-05-07 16:08:55 - [TEST_STEP][PASSED] - closeBrowser(): Browser is closed

2019-05-07 16:08:55 - [MESSAGE][PASSED] - Browser is closed]]></system-out>
         <system-err><![CDATA[]]></system-err>
      </testcase>
      <testcase name="Test Cases/Foleon_Logon invalid authenticate" classname="Test Cases/Foleon_Logon invalid authenticate" status="PASSED">
         <system-out><![CDATA[2019-05-07 16:08:55 - [TEST_CASE][PASSED] - Test Cases/Foleon_Logon invalid authenticate: Test Cases/Foleon_Logon invalid authenticate

2019-05-07 16:08:55 - [TEST_STEP][PASSED] - openBrowser(""): Browser is opened with url: ''

2019-05-07 16:08:55 - [MESSAGE][INFO] - Starting 'Chrome' driver

2019-05-07 16:08:56 - [MESSAGE][PASSED] - Browser is opened with url: ''

2019-05-07 16:08:56 - [TEST_STEP][PASSED] - maximizeWindow(STOP_ON_FAILURE): Current window maximized

2019-05-07 16:08:56 - [MESSAGE][PASSED] - Current window maximized

2019-05-07 16:08:56 - [TEST_STEP][PASSED] - navigateToUrl("http://my-develop.unicornheaven.co/"): Navigate to 'http://my-develop.unicornheaven.co/' successfully

2019-05-07 16:09:02 - [MESSAGE][PASSED] - Navigate to 'http://my-develop.unicornheaven.co/' successfully

2019-05-07 16:09:02 - [TEST_STEP][PASSED] - setText(findTestObject("Object Repository/Page_Foleon/input_Email address_sc-hSdWYo biyAbi"), Email): Text '#$@xy3.com' is set on object 'Object Repository/Page_Foleon/input_Email address_sc-hSdWYo biyAbi'

2019-05-07 16:09:03 - [MESSAGE][PASSED] - Text '#$@xy3.com' is set on object 'Object Repository/Page_Foleon/input_Email address_sc-hSdWYo biyAbi'

2019-05-07 16:09:03 - [TEST_STEP][PASSED] - setText(findTestObject("Object Repository/Page_Foleon/input_Password_sc-hSdWYo biyAbi"), Password): Text '  765' is set on object 'Object Repository/Page_Foleon/input_Password_sc-hSdWYo biyAbi'

2019-05-07 16:09:03 - [MESSAGE][PASSED] - Text '  765' is set on object 'Object Repository/Page_Foleon/input_Password_sc-hSdWYo biyAbi'

2019-05-07 16:09:03 - [TEST_STEP][PASSED] - click(findTestObject("Object Repository/Page_Foleon/button_Log in"), STOP_ON_FAILURE): Object: 'Object Repository/Page_Foleon/button_Log in' is clicked on

2019-05-07 16:09:03 - [MESSAGE][PASSED] - Object: 'Object Repository/Page_Foleon/button_Log in' is clicked on

2019-05-07 16:09:03 - [TEST_STEP][PASSED] - verifyElementPresent(findTestObject("Object Repository/Page_Foleon/div_The email address or password you entered is incorrect Please try again"), 2): Object 'Object Repository/Page_Foleon/div_The email address or password you entered is incorrect Please try again' is present

2019-05-07 16:09:03 - [MESSAGE][PASSED] - Object 'Object Repository/Page_Foleon/div_The email address or password you entered is incorrect Please try again' is present

2019-05-07 16:09:03 - [TEST_STEP][PASSED] - closeBrowser(): Browser is closed

2019-05-07 16:09:03 - [MESSAGE][PASSED] - Browser is closed]]></system-out>
         <system-err><![CDATA[]]></system-err>
      </testcase>
      <testcase name="Test Cases/Foleon_Logon invalid authenticate" classname="Test Cases/Foleon_Logon invalid authenticate" status="PASSED">
         <system-out><![CDATA[2019-05-07 16:09:03 - [TEST_CASE][PASSED] - Test Cases/Foleon_Logon invalid authenticate: Test Cases/Foleon_Logon invalid authenticate

2019-05-07 16:09:03 - [TEST_STEP][PASSED] - openBrowser(""): Browser is opened with url: ''

2019-05-07 16:09:03 - [MESSAGE][INFO] - Starting 'Chrome' driver

2019-05-07 16:09:04 - [MESSAGE][PASSED] - Browser is opened with url: ''

2019-05-07 16:09:04 - [TEST_STEP][PASSED] - maximizeWindow(STOP_ON_FAILURE): Current window maximized

2019-05-07 16:09:04 - [MESSAGE][PASSED] - Current window maximized

2019-05-07 16:09:04 - [TEST_STEP][PASSED] - navigateToUrl("http://my-develop.unicornheaven.co/"): Navigate to 'http://my-develop.unicornheaven.co/' successfully

2019-05-07 16:09:10 - [MESSAGE][PASSED] - Navigate to 'http://my-develop.unicornheaven.co/' successfully

2019-05-07 16:09:10 - [TEST_STEP][PASSED] - setText(findTestObject("Object Repository/Page_Foleon/input_Email address_sc-hSdWYo biyAbi"), Email): Text 'm.memic90@gmail.com' is set on object 'Object Repository/Page_Foleon/input_Email address_sc-hSdWYo biyAbi'

2019-05-07 16:09:10 - [MESSAGE][PASSED] - Text 'm.memic90@gmail.com' is set on object 'Object Repository/Page_Foleon/input_Email address_sc-hSdWYo biyAbi'

2019-05-07 16:09:10 - [TEST_STEP][PASSED] - setText(findTestObject("Object Repository/Page_Foleon/input_Password_sc-hSdWYo biyAbi"), Password): Text 'rtfm2013' is set on object 'Object Repository/Page_Foleon/input_Password_sc-hSdWYo biyAbi'

2019-05-07 16:09:10 - [MESSAGE][PASSED] - Text 'rtfm2013' is set on object 'Object Repository/Page_Foleon/input_Password_sc-hSdWYo biyAbi'

2019-05-07 16:09:10 - [TEST_STEP][PASSED] - click(findTestObject("Object Repository/Page_Foleon/button_Log in"), STOP_ON_FAILURE): Object: 'Object Repository/Page_Foleon/button_Log in' is clicked on

2019-05-07 16:09:10 - [MESSAGE][PASSED] - Object: 'Object Repository/Page_Foleon/button_Log in' is clicked on

2019-05-07 16:09:10 - [TEST_STEP][PASSED] - verifyElementPresent(findTestObject("Object Repository/Page_Foleon/div_The email address or password you entered is incorrect Please try again"), 2): Object 'Object Repository/Page_Foleon/div_The email address or password you entered is incorrect Please try again' is present

2019-05-07 16:09:10 - [MESSAGE][PASSED] - Object 'Object Repository/Page_Foleon/div_The email address or password you entered is incorrect Please try again' is present

2019-05-07 16:09:10 - [TEST_STEP][PASSED] - closeBrowser(): Browser is closed

2019-05-07 16:09:11 - [MESSAGE][PASSED] - Browser is closed]]></system-out>
         <system-err><![CDATA[]]></system-err>
      </testcase>
      <testcase name="Test Cases/Foleon_Contact Us Page" classname="Test Cases/Foleon_Contact Us Page" status="FAILED">
         <failure type="FAILED" message="Test Cases/Foleon_Contact Us Page FAILED.
Reason:
com.kms.katalon.core.exception.StepFailedException: Unable to verify object 'Object Repository/Page_Contact Us  Foleon/a_FAQ  Support' is present
	at com.kms.katalon.core.webui.keyword.internal.WebUIKeywordMain.stepFailed(WebUIKeywordMain.groovy:64)
	at com.kms.katalon.core.webui.keyword.internal.WebUIKeywordMain.runKeyword(WebUIKeywordMain.groovy:26)
	at com.kms.katalon.core.webui.keyword.builtin.VerifyElementPresentKeyword.verifyElementPresent(VerifyElementPresentKeyword.groovy:92)
	at com.kms.katalon.core.webui.keyword.builtin.VerifyElementPresentKeyword.execute(VerifyElementPresentKeyword.groovy:68)
	at com.kms.katalon.core.keyword.internal.KeywordExecutor.executeKeywordForPlatform(KeywordExecutor.groovy:56)
	at com.kms.katalon.core.webui.keyword.WebUiBuiltInKeywords.verifyElementPresent(WebUiBuiltInKeywords.groovy:1434)
	at com.kms.katalon.core.webui.keyword.WebUiBuiltInKeywords$verifyElementPresent$4.call(Unknown Source)
	at Foleon_Contact Us Page.run(Foleon_Contact Us Page:35)
	at com.kms.katalon.core.main.ScriptEngine.run(ScriptEngine.java:194)
	at com.kms.katalon.core.main.ScriptEngine.runScriptAsRawText(ScriptEngine.java:119)
	at com.kms.katalon.core.main.TestCaseExecutor.runScript(TestCaseExecutor.java:331)
	at com.kms.katalon.core.main.TestCaseExecutor.doExecute(TestCaseExecutor.java:322)
	at com.kms.katalon.core.main.TestCaseExecutor.processExecutionPhase(TestCaseExecutor.java:301)
	at com.kms.katalon.core.main.TestCaseExecutor.accessMainPhase(TestCaseExecutor.java:293)
	at com.kms.katalon.core.main.TestCaseExecutor.execute(TestCaseExecutor.java:227)
	at com.kms.katalon.core.main.TestSuiteExecutor.accessTestCaseMainPhase(TestSuiteExecutor.java:129)
	at com.kms.katalon.core.main.TestSuiteExecutor.accessTestSuiteMainPhase(TestSuiteExecutor.java:112)
	at com.kms.katalon.core.main.TestSuiteExecutor.execute(TestSuiteExecutor.java:81)
	at com.kms.katalon.core.main.TestCaseMain.startTestSuite(TestCaseMain.java:157)
	at com.kms.katalon.core.main.TestCaseMain$startTestSuite$0.call(Unknown Source)
	at TempTestSuite1557238060660.run(TempTestSuite1557238060660.groovy:35)
Caused by: com.kms.katalon.core.exception.StepFailedException: com.kms.katalon.core.webui.exception.WebElementNotFoundException: Web element with id: 'Object Repository/Page_Contact Us  Foleon/a_FAQ  Support' located by 'By.xpath: id(&quot;jump&quot;)/div[@class=&quot;row small-up-1 medium-up-1 large-up-3 text-center&quot;]/div[@class=&quot;column&quot;]/a[1][count(. | //a[@href = '/frequently-asked-questions' and (text() = '
          
            
          
          FAQ
          Frequently asked questions
          Find out more
        ' or . = '
          
            
          
          FAQ
          Frequently asked questions
          Find out more
        ')]) = count(//a[@href = '/frequently-asked-questions' and (text() = '
          
            
          
          FAQ
          Frequently asked questions
          Find out more
        ' or . = '
          
            
          
          FAQ
          Frequently asked questions
          Find out more
        ')])]' not found
	at com.kms.katalon.core.webui.keyword.internal.WebUIKeywordMain.stepFailed(WebUIKeywordMain.groovy:64)
	at com.kms.katalon.core.webui.keyword.builtin.VerifyElementPresentKeyword$_verifyElementPresent_closure1.doCall(VerifyElementPresentKeyword.groovy:85)
	at com.kms.katalon.core.webui.keyword.builtin.VerifyElementPresentKeyword$_verifyElementPresent_closure1.call(VerifyElementPresentKeyword.groovy)
	at com.kms.katalon.core.webui.keyword.internal.WebUIKeywordMain.runKeyword(WebUIKeywordMain.groovy:20)
	... 19 more
"/>
         <system-out><![CDATA[2019-05-07 16:09:11 - [TEST_CASE][FAILED] - Test Cases/Foleon_Contact Us Page: Test Cases/Foleon_Contact Us Page FAILED.
Reason:
com.kms.katalon.core.exception.StepFailedException: Unable to verify object 'Object Repository/Page_Contact Us  Foleon/a_FAQ  Support' is present
	at com.kms.katalon.core.webui.keyword.internal.WebUIKeywordMain.stepFailed(WebUIKeywordMain.groovy:64)
	at com.kms.katalon.core.webui.keyword.internal.WebUIKeywordMain.runKeyword(WebUIKeywordMain.groovy:26)
	at com.kms.katalon.core.webui.keyword.builtin.VerifyElementPresentKeyword.verifyElementPresent(VerifyElementPresentKeyword.groovy:92)
	at com.kms.katalon.core.webui.keyword.builtin.VerifyElementPresentKeyword.execute(VerifyElementPresentKeyword.groovy:68)
	at com.kms.katalon.core.keyword.internal.KeywordExecutor.executeKeywordForPlatform(KeywordExecutor.groovy:56)
	at com.kms.katalon.core.webui.keyword.WebUiBuiltInKeywords.verifyElementPresent(WebUiBuiltInKeywords.groovy:1434)
	at com.kms.katalon.core.webui.keyword.WebUiBuiltInKeywords$verifyElementPresent$4.call(Unknown Source)
	at Foleon_Contact Us Page.run(Foleon_Contact Us Page:35)
	at com.kms.katalon.core.main.ScriptEngine.run(ScriptEngine.java:194)
	at com.kms.katalon.core.main.ScriptEngine.runScriptAsRawText(ScriptEngine.java:119)
	at com.kms.katalon.core.main.TestCaseExecutor.runScript(TestCaseExecutor.java:331)
	at com.kms.katalon.core.main.TestCaseExecutor.doExecute(TestCaseExecutor.java:322)
	at com.kms.katalon.core.main.TestCaseExecutor.processExecutionPhase(TestCaseExecutor.java:301)
	at com.kms.katalon.core.main.TestCaseExecutor.accessMainPhase(TestCaseExecutor.java:293)
	at com.kms.katalon.core.main.TestCaseExecutor.execute(TestCaseExecutor.java:227)
	at com.kms.katalon.core.main.TestSuiteExecutor.accessTestCaseMainPhase(TestSuiteExecutor.java:129)
	at com.kms.katalon.core.main.TestSuiteExecutor.accessTestSuiteMainPhase(TestSuiteExecutor.java:112)
	at com.kms.katalon.core.main.TestSuiteExecutor.execute(TestSuiteExecutor.java:81)
	at com.kms.katalon.core.main.TestCaseMain.startTestSuite(TestCaseMain.java:157)
	at com.kms.katalon.core.main.TestCaseMain$startTestSuite$0.call(Unknown Source)
	at TempTestSuite1557238060660.run(TempTestSuite1557238060660.groovy:35)
Caused by: com.kms.katalon.core.exception.StepFailedException: com.kms.katalon.core.webui.exception.WebElementNotFoundException: Web element with id: 'Object Repository/Page_Contact Us  Foleon/a_FAQ  Support' located by 'By.xpath: id("jump")/div[@class="row small-up-1 medium-up-1 large-up-3 text-center"]/div[@class="column"]/a[1][count(. | //a[@href = '/frequently-asked-questions' and (text() = '
          
            
          
          FAQ
          Frequently asked questions
          Find out more
        ' or . = '
          
            
          
          FAQ
          Frequently asked questions
          Find out more
        ')]) = count(//a[@href = '/frequently-asked-questions' and (text() = '
          
            
          
          FAQ
          Frequently asked questions
          Find out more
        ' or . = '
          
            
          
          FAQ
          Frequently asked questions
          Find out more
        ')])]' not found
	at com.kms.katalon.core.webui.keyword.internal.WebUIKeywordMain.stepFailed(WebUIKeywordMain.groovy:64)
	at com.kms.katalon.core.webui.keyword.builtin.VerifyElementPresentKeyword$_verifyElementPresent_closure1.doCall(VerifyElementPresentKeyword.groovy:85)
	at com.kms.katalon.core.webui.keyword.builtin.VerifyElementPresentKeyword$_verifyElementPresent_closure1.call(VerifyElementPresentKeyword.groovy)
	at com.kms.katalon.core.webui.keyword.internal.WebUIKeywordMain.runKeyword(WebUIKeywordMain.groovy:20)
	... 19 more


2019-05-07 16:09:11 - [TEST_STEP][PASSED] - openBrowser(""): Browser is opened with url: ''

2019-05-07 16:09:11 - [MESSAGE][INFO] - Starting 'Chrome' driver

2019-05-07 16:09:12 - [MESSAGE][PASSED] - Browser is opened with url: ''

2019-05-07 16:09:12 - [TEST_STEP][PASSED] - maximizeWindow(STOP_ON_FAILURE): Current window maximized

2019-05-07 16:09:12 - [MESSAGE][PASSED] - Current window maximized

2019-05-07 16:09:12 - [TEST_STEP][PASSED] - navigateToUrl("http://my-develop.unicornheaven.co/"): Navigate to 'http://my-develop.unicornheaven.co/' successfully

2019-05-07 16:09:18 - [MESSAGE][PASSED] - Navigate to 'http://my-develop.unicornheaven.co/' successfully

2019-05-07 16:09:18 - [TEST_STEP][PASSED] - click(findTestObject("Object Repository/Page_Foleon/a_Contact us"), STOP_ON_FAILURE): Object: 'Object Repository/Page_Foleon/a_Contact us' is clicked on

2019-05-07 16:09:18 - [MESSAGE][PASSED] - Object: 'Object Repository/Page_Foleon/a_Contact us' is clicked on

2019-05-07 16:09:18 - [TEST_STEP][PASSED] - delay(5): Delayed 5 second(s)

2019-05-07 16:09:23 - [MESSAGE][PASSED] - Delayed 5 second(s)

2019-05-07 16:09:23 - [TEST_STEP][PASSED] - switchToWindowIndex(1): Switched to window with index: '1'

2019-05-07 16:09:23 - [MESSAGE][PASSED] - Switched to window with index: '1'

2019-05-07 16:09:23 - [TEST_STEP][PASSED] - delay(3): Delayed 3 second(s)

2019-05-07 16:09:26 - [MESSAGE][PASSED] - Delayed 3 second(s)

2019-05-07 16:09:26 - [TEST_STEP][FAILED] - verifyElementPresent(findTestObject("Object Repository/Page_Contact Us  Foleon/a_FAQ  Support"), 2): verifyElementPresent(findTestObject("Object Repository/Page_Contact Us  Foleon/a_FAQ  Support"), 2) FAILED.
Reason:
com.kms.katalon.core.exception.StepFailedException: Unable to verify object 'Object Repository/Page_Contact Us  Foleon/a_FAQ  Support' is present
	at com.kms.katalon.core.webui.keyword.internal.WebUIKeywordMain.stepFailed(WebUIKeywordMain.groovy:64)
	at com.kms.katalon.core.webui.keyword.internal.WebUIKeywordMain.runKeyword(WebUIKeywordMain.groovy:26)
	at com.kms.katalon.core.webui.keyword.builtin.VerifyElementPresentKeyword.verifyElementPresent(VerifyElementPresentKeyword.groovy:92)
	at com.kms.katalon.core.webui.keyword.builtin.VerifyElementPresentKeyword.execute(VerifyElementPresentKeyword.groovy:68)
	at com.kms.katalon.core.keyword.internal.KeywordExecutor.executeKeywordForPlatform(KeywordExecutor.groovy:56)
	at com.kms.katalon.core.webui.keyword.WebUiBuiltInKeywords.verifyElementPresent(WebUiBuiltInKeywords.groovy:1434)
	at com.kms.katalon.core.webui.keyword.WebUiBuiltInKeywords$verifyElementPresent$4.call(Unknown Source)
	at Foleon_Contact Us Page.run(Foleon_Contact Us Page:35)
	at com.kms.katalon.core.main.ScriptEngine.run(ScriptEngine.java:194)
	at com.kms.katalon.core.main.ScriptEngine.runScriptAsRawText(ScriptEngine.java:119)
	at com.kms.katalon.core.main.TestCaseExecutor.runScript(TestCaseExecutor.java:331)
	at com.kms.katalon.core.main.TestCaseExecutor.doExecute(TestCaseExecutor.java:322)
	at com.kms.katalon.core.main.TestCaseExecutor.processExecutionPhase(TestCaseExecutor.java:301)
	at com.kms.katalon.core.main.TestCaseExecutor.accessMainPhase(TestCaseExecutor.java:293)
	at com.kms.katalon.core.main.TestCaseExecutor.execute(TestCaseExecutor.java:227)
	at com.kms.katalon.core.main.TestSuiteExecutor.accessTestCaseMainPhase(TestSuiteExecutor.java:129)
	at com.kms.katalon.core.main.TestSuiteExecutor.accessTestSuiteMainPhase(TestSuiteExecutor.java:112)
	at com.kms.katalon.core.main.TestSuiteExecutor.execute(TestSuiteExecutor.java:81)
	at com.kms.katalon.core.main.TestCaseMain.startTestSuite(TestCaseMain.java:157)
	at com.kms.katalon.core.main.TestCaseMain$startTestSuite$0.call(Unknown Source)
	at TempTestSuite1557238060660.run(TempTestSuite1557238060660.groovy:35)
Caused by: com.kms.katalon.core.exception.StepFailedException: com.kms.katalon.core.webui.exception.WebElementNotFoundException: Web element with id: 'Object Repository/Page_Contact Us  Foleon/a_FAQ  Support' located by 'By.xpath: id("jump")/div[@class="row small-up-1 medium-up-1 large-up-3 text-center"]/div[@class="column"]/a[1][count(. | //a[@href = '/frequently-asked-questions' and (text() = '
          
            
          
          FAQ
          Frequently asked questions
          Find out more
        ' or . = '
          
            
          
          FAQ
          Frequently asked questions
          Find out more
        ')]) = count(//a[@href = '/frequently-asked-questions' and (text() = '
          
            
          
          FAQ
          Frequently asked questions
          Find out more
        ' or . = '
          
            
          
          FAQ
          Frequently asked questions
          Find out more
        ')])]' not found
	at com.kms.katalon.core.webui.keyword.internal.WebUIKeywordMain.stepFailed(WebUIKeywordMain.groovy:64)
	at com.kms.katalon.core.webui.keyword.builtin.VerifyElementPresentKeyword$_verifyElementPresent_closure1.doCall(VerifyElementPresentKeyword.groovy:85)
	at com.kms.katalon.core.webui.keyword.builtin.VerifyElementPresentKeyword$_verifyElementPresent_closure1.call(VerifyElementPresentKeyword.groovy)
	at com.kms.katalon.core.webui.keyword.internal.WebUIKeywordMain.runKeyword(WebUIKeywordMain.groovy:20)
	... 19 more


2019-05-07 16:09:28 - [MESSAGE][INFO] - Unable to find the element located by 'By.xpath: id("jump")/div[@class="row small-up-1 medium-up-1 large-up-3 text-center"]/div[@class="column"]/a[1][count(. | //a[@href = '/frequently-asked-questions' and (text() = '
          
            
          
          FAQ
          Frequently asked questions
          Find out more
        ' or . = '
          
            
          
          FAQ
          Frequently asked questions
          Find out more
        ')]) = count(//a[@href = '/frequently-asked-questions' and (text() = '
          
            
          
          FAQ
          Frequently asked questions
          Find out more
        ' or . = '
          
            
          
          FAQ
          Frequently asked questions
          Find out more
        ')])]'. Please recheck the objects properties to make sure the desired element is located. 

2019-05-07 16:09:28 - [MESSAGE][FAILED] - com.kms.katalon.core.webui.exception.WebElementNotFoundException: Web element with id: 'Object Repository/Page_Contact Us  Foleon/a_FAQ  Support' located by 'By.xpath: id("jump")/div[@class="row small-up-1 medium-up-1 large-up-3 text-center"]/div[@class="column"]/a[1][count(. | //a[@href = '/frequently-asked-questions' and (text() = '
          
            
          
          FAQ
          Frequently asked questions
          Find out more
        ' or . = '
          
            
          
          FAQ
          Frequently asked questions
          Find out more
        ')]) = count(//a[@href = '/frequently-asked-questions' and (text() = '
          
            
          
          FAQ
          Frequently asked questions
          Find out more
        ' or . = '
          
            
          
          FAQ
          Frequently asked questions
          Find out more
        ')])]' not found (Root cause: com.kms.katalon.core.exception.StepFailedException: com.kms.katalon.core.webui.exception.WebElementNotFoundException: Web element with id: 'Object Repository/Page_Contact Us  Foleon/a_FAQ  Support' located by 'By.xpath: id("jump")/div[@class="row small-up-1 medium-up-1 large-up-3 text-center"]/div[@class="column"]/a[1][count(. | //a[@href = '/frequently-asked-questions' and (text() = '
          
            
          
          FAQ
          Frequently asked questions
          Find out more
        ' or . = '
          
            
          
          FAQ
          Frequently asked questions
          Find out more
        ')]) = count(//a[@href = '/frequently-asked-questions' and (text() = '
          
            
          
          FAQ
          Frequently asked questions
          Find out more
        ' or . = '
          
            
          
          FAQ
          Frequently asked questions
          Find out more
        ')])]' not found
	at com.kms.katalon.core.webui.keyword.internal.WebUIKeywordMain.stepFailed(WebUIKeywordMain.groovy:64)
	at com.kms.katalon.core.webui.keyword.builtin.VerifyElementPresentKeyword$_verifyElementPresent_closure1.doCall(VerifyElementPresentKeyword.groovy:85)
	at com.kms.katalon.core.webui.keyword.builtin.VerifyElementPresentKeyword$_verifyElementPresent_closure1.call(VerifyElementPresentKeyword.groovy)
	at com.kms.katalon.core.webui.keyword.internal.WebUIKeywordMain.runKeyword(WebUIKeywordMain.groovy:20)
	at com.kms.katalon.core.webui.keyword.builtin.VerifyElementPresentKeyword.verifyElementPresent(VerifyElementPresentKeyword.groovy:92)
	at com.kms.katalon.core.webui.keyword.builtin.VerifyElementPresentKeyword.execute(VerifyElementPresentKeyword.groovy:68)
	at com.kms.katalon.core.keyword.internal.KeywordExecutor.executeKeywordForPlatform(KeywordExecutor.groovy:56)
	at com.kms.katalon.core.webui.keyword.WebUiBuiltInKeywords.verifyElementPresent(WebUiBuiltInKeywords.groovy:1434)
	at com.kms.katalon.core.webui.keyword.WebUiBuiltInKeywords$verifyElementPresent$4.call(Unknown Source)
	at Foleon_Contact Us Page.run(Foleon_Contact Us Page:35)
	at com.kms.katalon.core.main.ScriptEngine.run(ScriptEngine.java:194)
	at com.kms.katalon.core.main.ScriptEngine.runScriptAsRawText(ScriptEngine.java:119)
	at com.kms.katalon.core.main.TestCaseExecutor.runScript(TestCaseExecutor.java:331)
	at com.kms.katalon.core.main.TestCaseExecutor.doExecute(TestCaseExecutor.java:322)
	at com.kms.katalon.core.main.TestCaseExecutor.processExecutionPhase(TestCaseExecutor.java:301)
	at com.kms.katalon.core.main.TestCaseExecutor.accessMainPhase(TestCaseExecutor.java:293)
	at com.kms.katalon.core.main.TestCaseExecutor.execute(TestCaseExecutor.java:227)
	at com.kms.katalon.core.main.TestSuiteExecutor.accessTestCaseMainPhase(TestSuiteExecutor.java:129)
	at com.kms.katalon.core.main.TestSuiteExecutor.accessTestSuiteMainPhase(TestSuiteExecutor.java:112)
	at com.kms.katalon.core.main.TestSuiteExecutor.execute(TestSuiteExecutor.java:81)
	at com.kms.katalon.core.main.TestCaseMain.startTestSuite(TestCaseMain.java:157)
	at com.kms.katalon.core.main.TestCaseMain$startTestSuite$0.call(Unknown Source)
	at TempTestSuite1557238060660.run(TempTestSuite1557238060660.groovy:35)
)
[[ATTACHMENT|/Users/siju/Documents/FOLEON PRODUCTION/Foleon Production/Reports/Foleon Prod Test/20190507_160740/1557238168449.png]]

2019-05-07 16:09:29 - [MESSAGE][FAILED] - Unable to verify object 'Object Repository/Page_Contact Us  Foleon/a_FAQ  Support' is present (Root cause: com.kms.katalon.core.exception.StepFailedException: Unable to verify object 'Object Repository/Page_Contact Us  Foleon/a_FAQ  Support' is present
	at com.kms.katalon.core.webui.keyword.internal.WebUIKeywordMain.stepFailed(WebUIKeywordMain.groovy:64)
	at com.kms.katalon.core.webui.keyword.internal.WebUIKeywordMain.runKeyword(WebUIKeywordMain.groovy:26)
	at com.kms.katalon.core.webui.keyword.builtin.VerifyElementPresentKeyword.verifyElementPresent(VerifyElementPresentKeyword.groovy:92)
	at com.kms.katalon.core.webui.keyword.builtin.VerifyElementPresentKeyword.execute(VerifyElementPresentKeyword.groovy:68)
	at com.kms.katalon.core.keyword.internal.KeywordExecutor.executeKeywordForPlatform(KeywordExecutor.groovy:56)
	at com.kms.katalon.core.webui.keyword.WebUiBuiltInKeywords.verifyElementPresent(WebUiBuiltInKeywords.groovy:1434)
	at com.kms.katalon.core.webui.keyword.WebUiBuiltInKeywords$verifyElementPresent$4.call(Unknown Source)
	at Foleon_Contact Us Page.run(Foleon_Contact Us Page:35)
	at com.kms.katalon.core.main.ScriptEngine.run(ScriptEngine.java:194)
	at com.kms.katalon.core.main.ScriptEngine.runScriptAsRawText(ScriptEngine.java:119)
	at com.kms.katalon.core.main.TestCaseExecutor.runScript(TestCaseExecutor.java:331)
	at com.kms.katalon.core.main.TestCaseExecutor.doExecute(TestCaseExecutor.java:322)
	at com.kms.katalon.core.main.TestCaseExecutor.processExecutionPhase(TestCaseExecutor.java:301)
	at com.kms.katalon.core.main.TestCaseExecutor.accessMainPhase(TestCaseExecutor.java:293)
	at com.kms.katalon.core.main.TestCaseExecutor.execute(TestCaseExecutor.java:227)
	at com.kms.katalon.core.main.TestSuiteExecutor.accessTestCaseMainPhase(TestSuiteExecutor.java:129)
	at com.kms.katalon.core.main.TestSuiteExecutor.accessTestSuiteMainPhase(TestSuiteExecutor.java:112)
	at com.kms.katalon.core.main.TestSuiteExecutor.execute(TestSuiteExecutor.java:81)
	at com.kms.katalon.core.main.TestCaseMain.startTestSuite(TestCaseMain.java:157)
	at com.kms.katalon.core.main.TestCaseMain$startTestSuite$0.call(Unknown Source)
	at TempTestSuite1557238060660.run(TempTestSuite1557238060660.groovy:35)
Caused by: com.kms.katalon.core.exception.StepFailedException: com.kms.katalon.core.webui.exception.WebElementNotFoundException: Web element with id: 'Object Repository/Page_Contact Us  Foleon/a_FAQ  Support' located by 'By.xpath: id("jump")/div[@class="row small-up-1 medium-up-1 large-up-3 text-center"]/div[@class="column"]/a[1][count(. | //a[@href = '/frequently-asked-questions' and (text() = '
          
            
          
          FAQ
          Frequently asked questions
          Find out more
        ' or . = '
          
            
          
          FAQ
          Frequently asked questions
          Find out more
        ')]) = count(//a[@href = '/frequently-asked-questions' and (text() = '
          
            
          
          FAQ
          Frequently asked questions
          Find out more
        ' or . = '
          
            
          
          FAQ
          Frequently asked questions
          Find out more
        ')])]' not found
	at com.kms.katalon.core.webui.keyword.internal.WebUIKeywordMain.stepFailed(WebUIKeywordMain.groovy:64)
	at com.kms.katalon.core.webui.keyword.builtin.VerifyElementPresentKeyword$_verifyElementPresent_closure1.doCall(VerifyElementPresentKeyword.groovy:85)
	at com.kms.katalon.core.webui.keyword.builtin.VerifyElementPresentKeyword$_verifyElementPresent_closure1.call(VerifyElementPresentKeyword.groovy)
	at com.kms.katalon.core.webui.keyword.internal.WebUIKeywordMain.runKeyword(WebUIKeywordMain.groovy:20)
	... 19 more
)
[[ATTACHMENT|/Users/siju/Documents/FOLEON PRODUCTION/Foleon Production/Reports/Foleon Prod Test/20190507_160740/1557238168932.png]]

2019-05-07 16:09:29 - [MESSAGE][FAILED] - verifyElementPresent(findTestObject("Object Repository/Page_Contact Us  Foleon/a_FAQ  Support"), 2) FAILED.
Reason:
com.kms.katalon.core.exception.StepFailedException: Unable to verify object 'Object Repository/Page_Contact Us  Foleon/a_FAQ  Support' is present
	at com.kms.katalon.core.webui.keyword.internal.WebUIKeywordMain.stepFailed(WebUIKeywordMain.groovy:64)
	at com.kms.katalon.core.webui.keyword.internal.WebUIKeywordMain.runKeyword(WebUIKeywordMain.groovy:26)
	at com.kms.katalon.core.webui.keyword.builtin.VerifyElementPresentKeyword.verifyElementPresent(VerifyElementPresentKeyword.groovy:92)
	at com.kms.katalon.core.webui.keyword.builtin.VerifyElementPresentKeyword.execute(VerifyElementPresentKeyword.groovy:68)
	at com.kms.katalon.core.keyword.internal.KeywordExecutor.executeKeywordForPlatform(KeywordExecutor.groovy:56)
	at com.kms.katalon.core.webui.keyword.WebUiBuiltInKeywords.verifyElementPresent(WebUiBuiltInKeywords.groovy:1434)
	at com.kms.katalon.core.webui.keyword.WebUiBuiltInKeywords$verifyElementPresent$4.call(Unknown Source)
	at Foleon_Contact Us Page.run(Foleon_Contact Us Page:35)
	at com.kms.katalon.core.main.ScriptEngine.run(ScriptEngine.java:194)
	at com.kms.katalon.core.main.ScriptEngine.runScriptAsRawText(ScriptEngine.java:119)
	at com.kms.katalon.core.main.TestCaseExecutor.runScript(TestCaseExecutor.java:331)
	at com.kms.katalon.core.main.TestCaseExecutor.doExecute(TestCaseExecutor.java:322)
	at com.kms.katalon.core.main.TestCaseExecutor.processExecutionPhase(TestCaseExecutor.java:301)
	at com.kms.katalon.core.main.TestCaseExecutor.accessMainPhase(TestCaseExecutor.java:293)
	at com.kms.katalon.core.main.TestCaseExecutor.execute(TestCaseExecutor.java:227)
	at com.kms.katalon.core.main.TestSuiteExecutor.accessTestCaseMainPhase(TestSuiteExecutor.java:129)
	at com.kms.katalon.core.main.TestSuiteExecutor.accessTestSuiteMainPhase(TestSuiteExecutor.java:112)
	at com.kms.katalon.core.main.TestSuiteExecutor.execute(TestSuiteExecutor.java:81)
	at com.kms.katalon.core.main.TestCaseMain.startTestSuite(TestCaseMain.java:157)
	at com.kms.katalon.core.main.TestCaseMain$startTestSuite$0.call(Unknown Source)
	at TempTestSuite1557238060660.run(TempTestSuite1557238060660.groovy:35)
Caused by: com.kms.katalon.core.exception.StepFailedException: com.kms.katalon.core.webui.exception.WebElementNotFoundException: Web element with id: 'Object Repository/Page_Contact Us  Foleon/a_FAQ  Support' located by 'By.xpath: id("jump")/div[@class="row small-up-1 medium-up-1 large-up-3 text-center"]/div[@class="column"]/a[1][count(. | //a[@href = '/frequently-asked-questions' and (text() = '
          
            
          
          FAQ
          Frequently asked questions
          Find out more
        ' or . = '
          
            
          
          FAQ
          Frequently asked questions
          Find out more
        ')]) = count(//a[@href = '/frequently-asked-questions' and (text() = '
          
            
          
          FAQ
          Frequently asked questions
          Find out more
        ' or . = '
          
            
          
          FAQ
          Frequently asked questions
          Find out more
        ')])]' not found
	at com.kms.katalon.core.webui.keyword.internal.WebUIKeywordMain.stepFailed(WebUIKeywordMain.groovy:64)
	at com.kms.katalon.core.webui.keyword.builtin.VerifyElementPresentKeyword$_verifyElementPresent_closure1.doCall(VerifyElementPresentKeyword.groovy:85)
	at com.kms.katalon.core.webui.keyword.builtin.VerifyElementPresentKeyword$_verifyElementPresent_closure1.call(VerifyElementPresentKeyword.groovy)
	at com.kms.katalon.core.webui.keyword.internal.WebUIKeywordMain.runKeyword(WebUIKeywordMain.groovy:20)
	... 19 more]]></system-out>
         <system-err><![CDATA[2019-05-07 16:09:11 - [TEST_CASE][FAILED] - Test Cases/Foleon_Contact Us Page: Test Cases/Foleon_Contact Us Page FAILED.
Reason:
com.kms.katalon.core.exception.StepFailedException: Unable to verify object 'Object Repository/Page_Contact Us  Foleon/a_FAQ  Support' is present
	at com.kms.katalon.core.webui.keyword.internal.WebUIKeywordMain.stepFailed(WebUIKeywordMain.groovy:64)
	at com.kms.katalon.core.webui.keyword.internal.WebUIKeywordMain.runKeyword(WebUIKeywordMain.groovy:26)
	at com.kms.katalon.core.webui.keyword.builtin.VerifyElementPresentKeyword.verifyElementPresent(VerifyElementPresentKeyword.groovy:92)
	at com.kms.katalon.core.webui.keyword.builtin.VerifyElementPresentKeyword.execute(VerifyElementPresentKeyword.groovy:68)
	at com.kms.katalon.core.keyword.internal.KeywordExecutor.executeKeywordForPlatform(KeywordExecutor.groovy:56)
	at com.kms.katalon.core.webui.keyword.WebUiBuiltInKeywords.verifyElementPresent(WebUiBuiltInKeywords.groovy:1434)
	at com.kms.katalon.core.webui.keyword.WebUiBuiltInKeywords$verifyElementPresent$4.call(Unknown Source)
	at Foleon_Contact Us Page.run(Foleon_Contact Us Page:35)
	at com.kms.katalon.core.main.ScriptEngine.run(ScriptEngine.java:194)
	at com.kms.katalon.core.main.ScriptEngine.runScriptAsRawText(ScriptEngine.java:119)
	at com.kms.katalon.core.main.TestCaseExecutor.runScript(TestCaseExecutor.java:331)
	at com.kms.katalon.core.main.TestCaseExecutor.doExecute(TestCaseExecutor.java:322)
	at com.kms.katalon.core.main.TestCaseExecutor.processExecutionPhase(TestCaseExecutor.java:301)
	at com.kms.katalon.core.main.TestCaseExecutor.accessMainPhase(TestCaseExecutor.java:293)
	at com.kms.katalon.core.main.TestCaseExecutor.execute(TestCaseExecutor.java:227)
	at com.kms.katalon.core.main.TestSuiteExecutor.accessTestCaseMainPhase(TestSuiteExecutor.java:129)
	at com.kms.katalon.core.main.TestSuiteExecutor.accessTestSuiteMainPhase(TestSuiteExecutor.java:112)
	at com.kms.katalon.core.main.TestSuiteExecutor.execute(TestSuiteExecutor.java:81)
	at com.kms.katalon.core.main.TestCaseMain.startTestSuite(TestCaseMain.java:157)
	at com.kms.katalon.core.main.TestCaseMain$startTestSuite$0.call(Unknown Source)
	at TempTestSuite1557238060660.run(TempTestSuite1557238060660.groovy:35)
Caused by: com.kms.katalon.core.exception.StepFailedException: com.kms.katalon.core.webui.exception.WebElementNotFoundException: Web element with id: 'Object Repository/Page_Contact Us  Foleon/a_FAQ  Support' located by 'By.xpath: id("jump")/div[@class="row small-up-1 medium-up-1 large-up-3 text-center"]/div[@class="column"]/a[1][count(. | //a[@href = '/frequently-asked-questions' and (text() = '
          
            
          
          FAQ
          Frequently asked questions
          Find out more
        ' or . = '
          
            
          
          FAQ
          Frequently asked questions
          Find out more
        ')]) = count(//a[@href = '/frequently-asked-questions' and (text() = '
          
            
          
          FAQ
          Frequently asked questions
          Find out more
        ' or . = '
          
            
          
          FAQ
          Frequently asked questions
          Find out more
        ')])]' not found
	at com.kms.katalon.core.webui.keyword.internal.WebUIKeywordMain.stepFailed(WebUIKeywordMain.groovy:64)
	at com.kms.katalon.core.webui.keyword.builtin.VerifyElementPresentKeyword$_verifyElementPresent_closure1.doCall(VerifyElementPresentKeyword.groovy:85)
	at com.kms.katalon.core.webui.keyword.builtin.VerifyElementPresentKeyword$_verifyElementPresent_closure1.call(VerifyElementPresentKeyword.groovy)
	at com.kms.katalon.core.webui.keyword.internal.WebUIKeywordMain.runKeyword(WebUIKeywordMain.groovy:20)
	... 19 more]]></system-err>
      </testcase>
      <testcase name="Test Cases/SignUp page" classname="Test Cases/SignUp page" status="PASSED">
         <system-out><![CDATA[2019-05-07 16:09:29 - [TEST_CASE][PASSED] - Test Cases/SignUp page: Test Cases/SignUp page

2019-05-07 16:09:29 - [TEST_STEP][PASSED] - openBrowser(""): Browser is opened with url: ''

2019-05-07 16:09:29 - [MESSAGE][WARNING] - A browser is already opened. Closing browser and opening a new one

2019-05-07 16:09:29 - [MESSAGE][INFO] - Starting 'Chrome' driver

2019-05-07 16:09:30 - [MESSAGE][PASSED] - Browser is opened with url: ''

2019-05-07 16:09:30 - [TEST_STEP][PASSED] - maximizeWindow(STOP_ON_FAILURE): Current window maximized

2019-05-07 16:09:30 - [MESSAGE][PASSED] - Current window maximized

2019-05-07 16:09:30 - [TEST_STEP][PASSED] - navigateToUrl("http://my-develop.unicornheaven.co/create-account"): Navigate to 'http://my-develop.unicornheaven.co/create-account' successfully

2019-05-07 16:09:36 - [MESSAGE][PASSED] - Navigate to 'http://my-develop.unicornheaven.co/create-account' successfully

2019-05-07 16:09:36 - [TEST_STEP][PASSED] - verifyElementPresent(findTestObject("Object Repository/Page_Create account - Foleon/a_privacy policy"), 2): Object 'Object Repository/Page_Create account - Foleon/a_privacy policy' is present

2019-05-07 16:09:36 - [MESSAGE][PASSED] - Object 'Object Repository/Page_Create account - Foleon/a_privacy policy' is present

2019-05-07 16:09:36 - [TEST_STEP][PASSED] - verifyElementPresent(findTestObject("Object Repository/Page_Create account - Foleon/button_Create account"), 2): Object 'Object Repository/Page_Create account - Foleon/button_Create account' is present

2019-05-07 16:09:36 - [MESSAGE][PASSED] - Object 'Object Repository/Page_Create account - Foleon/button_Create account' is present

2019-05-07 16:09:36 - [TEST_STEP][PASSED] - verifyElementPresent(findTestObject("Object Repository/Page_Create account - Foleon/div_Already have an accountLog in here"), 2): Object 'Object Repository/Page_Create account - Foleon/div_Already have an accountLog in here' is present

2019-05-07 16:09:36 - [MESSAGE][PASSED] - Object 'Object Repository/Page_Create account - Foleon/div_Already have an accountLog in here' is present

2019-05-07 16:09:36 - [TEST_STEP][PASSED] - verifyElementPresent(findTestObject("Object Repository/Page_Create account - Foleon/div_Business email"), 2): Object 'Object Repository/Page_Create account - Foleon/div_Business email' is present

2019-05-07 16:09:36 - [MESSAGE][PASSED] - Object 'Object Repository/Page_Create account - Foleon/div_Business email' is present

2019-05-07 16:09:36 - [TEST_STEP][PASSED] - verifyElementPresent(findTestObject("Object Repository/Page_Create account - Foleon/div_Business email_css-1ji94hn"), 2): Object 'Object Repository/Page_Create account - Foleon/div_Business email_css-1ji94hn' is present

2019-05-07 16:09:36 - [MESSAGE][PASSED] - Object 'Object Repository/Page_Create account - Foleon/div_Business email_css-1ji94hn' is present

2019-05-07 16:09:36 - [TEST_STEP][PASSED] - verifyElementPresent(findTestObject("Object Repository/Page_Create account - Foleon/div_Password_css-1ji94hn"), 2): Object 'Object Repository/Page_Create account - Foleon/div_Password_css-1ji94hn' is present

2019-05-07 16:09:37 - [MESSAGE][PASSED] - Object 'Object Repository/Page_Create account - Foleon/div_Password_css-1ji94hn' is present

2019-05-07 16:09:37 - [TEST_STEP][PASSED] - verifyElementPresent(findTestObject("Object Repository/Page_Create account - Foleon/div_Try Foleon free for 7 days"), 2): Object 'Object Repository/Page_Create account - Foleon/div_Try Foleon free for 7 days' is present

2019-05-07 16:09:37 - [MESSAGE][PASSED] - Object 'Object Repository/Page_Create account - Foleon/div_Try Foleon free for 7 days' is present

2019-05-07 16:09:37 - [TEST_STEP][PASSED] - verifyElementPresent(findTestObject("Object Repository/Page_Create account - Foleon/h1_Try Foleon free for 7 days"), 2): Object 'Object Repository/Page_Create account - Foleon/h1_Try Foleon free for 7 days' is present

2019-05-07 16:09:37 - [MESSAGE][PASSED] - Object 'Object Repository/Page_Create account - Foleon/h1_Try Foleon free for 7 days' is present

2019-05-07 16:09:37 - [TEST_STEP][PASSED] - verifyElementPresent(findTestObject("Object Repository/Page_Create account - Foleon/input_Business email_email"), 2): Object 'Object Repository/Page_Create account - Foleon/input_Business email_email' is present

2019-05-07 16:09:37 - [MESSAGE][PASSED] - Object 'Object Repository/Page_Create account - Foleon/input_Business email_email' is present

2019-05-07 16:09:37 - [TEST_STEP][PASSED] - verifyElementPresent(findTestObject("Object Repository/Page_Create account - Foleon/input_Password_password"), 2): Object 'Object Repository/Page_Create account - Foleon/input_Password_password' is present

2019-05-07 16:09:37 - [MESSAGE][PASSED] - Object 'Object Repository/Page_Create account - Foleon/input_Password_password' is present

2019-05-07 16:09:37 - [TEST_STEP][PASSED] - verifyElementPresent(findTestObject("Object Repository/Page_Create account - Foleon/label_Get occasional blog updates and other inspirational emails_css-1m7xuyi"), 2): Object 'Object Repository/Page_Create account - Foleon/label_Get occasional blog updates and other inspirational emails_css-1m7xuyi' is present

2019-05-07 16:09:37 - [MESSAGE][PASSED] - Object 'Object Repository/Page_Create account - Foleon/label_Get occasional blog updates and other inspirational emails_css-1m7xuyi' is present

2019-05-07 16:09:37 - [TEST_STEP][PASSED] - verifyElementPresent(findTestObject("Object Repository/Page_Create account - Foleon/label_Password_css-1m7xuyi"), 2): Object 'Object Repository/Page_Create account - Foleon/label_Password_css-1m7xuyi' is present

2019-05-07 16:09:37 - [MESSAGE][PASSED] - Object 'Object Repository/Page_Create account - Foleon/label_Password_css-1m7xuyi' is present

2019-05-07 16:09:37 - [TEST_STEP][PASSED] - verifyElementPresent(findTestObject("Object Repository/Page_Create account - Foleon/span_Business email"), 2): Object 'Object Repository/Page_Create account - Foleon/span_Business email' is present

2019-05-07 16:09:37 - [MESSAGE][PASSED] - Object 'Object Repository/Page_Create account - Foleon/span_Business email' is present

2019-05-07 16:09:37 - [TEST_STEP][PASSED] - verifyElementPresent(findTestObject("Object Repository/Page_Create account - Foleon/span_Create account"), 2): Object 'Object Repository/Page_Create account - Foleon/span_Create account' is present

2019-05-07 16:09:37 - [MESSAGE][PASSED] - Object 'Object Repository/Page_Create account - Foleon/span_Create account' is present

2019-05-07 16:09:37 - [TEST_STEP][PASSED] - verifyElementPresent(findTestObject("Object Repository/Page_Create account - Foleon/span_Foleon will not share your data for commercial use Check our privacy policy"), 2): Object 'Object Repository/Page_Create account - Foleon/span_Foleon will not share your data for commercial use Check our privacy policy' is present

2019-05-07 16:09:37 - [MESSAGE][PASSED] - Object 'Object Repository/Page_Create account - Foleon/span_Foleon will not share your data for commercial use Check our privacy policy' is present

2019-05-07 16:09:37 - [TEST_STEP][PASSED] - verifyElementPresent(findTestObject("Object Repository/Page_Create account - Foleon/span_Get occasional blog updates and other inspirational emails"), 2): Object 'Object Repository/Page_Create account - Foleon/span_Get occasional blog updates and other inspirational emails' is present

2019-05-07 16:09:37 - [MESSAGE][PASSED] - Object 'Object Repository/Page_Create account - Foleon/span_Get occasional blog updates and other inspirational emails' is present

2019-05-07 16:09:37 - [TEST_STEP][PASSED] - verifyElementPresent(findTestObject("Object Repository/Page_Create account - Foleon/span_Get product-related news and features"), 2): Object 'Object Repository/Page_Create account - Foleon/span_Get product-related news and features' is present

2019-05-07 16:09:37 - [MESSAGE][PASSED] - Object 'Object Repository/Page_Create account - Foleon/span_Get product-related news and features' is present

2019-05-07 16:09:37 - [TEST_STEP][PASSED] - verifyElementPresent(findTestObject("Object Repository/Page_Create account - Foleon/span_Password"), 2): Object 'Object Repository/Page_Create account - Foleon/span_Password' is present

2019-05-07 16:09:37 - [MESSAGE][PASSED] - Object 'Object Repository/Page_Create account - Foleon/span_Password' is present

2019-05-07 16:09:37 - [TEST_STEP][PASSED] - setText(findTestObject("Object Repository/Page_Create account - Foleon/input_Business email_email"), address): Text 'a@a' is set on object 'Object Repository/Page_Create account - Foleon/input_Business email_email'

2019-05-07 16:09:37 - [MESSAGE][PASSED] - Text 'a@a' is set on object 'Object Repository/Page_Create account - Foleon/input_Business email_email'

2019-05-07 16:09:37 - [TEST_STEP][PASSED] - click(findTestObject("Object Repository/Page_Create account - Foleon/button_Create account"), STOP_ON_FAILURE): Object: 'Object Repository/Page_Create account - Foleon/button_Create account' is clicked on

2019-05-07 16:09:37 - [MESSAGE][PASSED] - Object: 'Object Repository/Page_Create account - Foleon/button_Create account' is clicked on

2019-05-07 16:09:37 - [TEST_STEP][PASSED] - verifyElementPresent(findTestObject("Object Repository/Page_Create account - Foleon/li_a is not a valid hostname for the email address"), 2): Object 'Object Repository/Page_Create account - Foleon/li_a is not a valid hostname for the email address' is present

2019-05-07 16:09:38 - [MESSAGE][PASSED] - Object 'Object Repository/Page_Create account - Foleon/li_a is not a valid hostname for the email address' is present

2019-05-07 16:09:38 - [TEST_STEP][PASSED] - setText(findTestObject("Object Repository/Page_Create account - Foleon/input_Business email_email"), email): Text 'sijujohn728@gmail.com' is set on object 'Object Repository/Page_Create account - Foleon/input_Business email_email'

2019-05-07 16:09:38 - [MESSAGE][PASSED] - Text 'sijujohn728@gmail.com' is set on object 'Object Repository/Page_Create account - Foleon/input_Business email_email'

2019-05-07 16:09:38 - [TEST_STEP][PASSED] - click(findTestObject("Object Repository/Page_Create account - Foleon/button_Create account"), STOP_ON_FAILURE): Object: 'Object Repository/Page_Create account - Foleon/button_Create account' is clicked on

2019-05-07 16:09:38 - [MESSAGE][PASSED] - Object: 'Object Repository/Page_Create account - Foleon/button_Create account' is clicked on

2019-05-07 16:09:38 - [TEST_STEP][PASSED] - verifyElementPresent(findTestObject("Object Repository/Page_Create account - Foleon/li_E-mail address is already in use"), 2): Object 'Object Repository/Page_Create account - Foleon/li_E-mail address is already in use' is present

2019-05-07 16:09:38 - [MESSAGE][PASSED] - Object 'Object Repository/Page_Create account - Foleon/li_E-mail address is already in use' is present

2019-05-07 16:09:38 - [TEST_STEP][PASSED] - setText(findTestObject("Object Repository/Page_Create account - Foleon/input_Business email_email"), Email): Text 'a' is set on object 'Object Repository/Page_Create account - Foleon/input_Business email_email'

2019-05-07 16:09:38 - [MESSAGE][PASSED] - Text 'a' is set on object 'Object Repository/Page_Create account - Foleon/input_Business email_email'

2019-05-07 16:09:38 - [TEST_STEP][PASSED] - click(findTestObject("Object Repository/Page_Create account - Foleon/button_Create account"), STOP_ON_FAILURE): Object: 'Object Repository/Page_Create account - Foleon/button_Create account' is clicked on

2019-05-07 16:09:38 - [MESSAGE][PASSED] - Object: 'Object Repository/Page_Create account - Foleon/button_Create account' is clicked on

2019-05-07 16:09:38 - [TEST_STEP][PASSED] - waitForAlert(5): No alert found after 5 second(s).

2019-05-07 16:09:44 - [MESSAGE][WARNING] - No alert found after 5 second(s).

2019-05-07 16:09:44 - [TEST_STEP][PASSED] - closeBrowser(): Browser is closed

2019-05-07 16:09:44 - [MESSAGE][PASSED] - Browser is closed]]></system-out>
         <system-err><![CDATA[]]></system-err>
      </testcase>
      <testcase name="Test Cases/Foleon_Get started" classname="Test Cases/Foleon_Get started" status="FAILED">
         <failure type="FAILED" message="Test Cases/Foleon_Get started FAILED.
Reason:
com.kms.katalon.core.exception.StepFailedException: Unable to click on object 'Object Repository/Page_Get started - Foleon/span_Back'
	at com.kms.katalon.core.webui.keyword.internal.WebUIKeywordMain.stepFailed(WebUIKeywordMain.groovy:64)
	at com.kms.katalon.core.webui.keyword.internal.WebUIKeywordMain.runKeyword(WebUIKeywordMain.groovy:26)
	at com.kms.katalon.core.webui.keyword.builtin.ClickKeyword.click(ClickKeyword.groovy:86)
	at com.kms.katalon.core.webui.keyword.builtin.ClickKeyword.execute(ClickKeyword.groovy:67)
	at com.kms.katalon.core.keyword.internal.KeywordExecutor.executeKeywordForPlatform(KeywordExecutor.groovy:56)
	at com.kms.katalon.core.webui.keyword.WebUiBuiltInKeywords.click(WebUiBuiltInKeywords.groovy:604)
	at com.kms.katalon.core.webui.keyword.WebUiBuiltInKeywords$click$5.call(Unknown Source)
	at Foleon_Get started.run(Foleon_Get started:37)
	at com.kms.katalon.core.main.ScriptEngine.run(ScriptEngine.java:194)
	at com.kms.katalon.core.main.ScriptEngine.runScriptAsRawText(ScriptEngine.java:119)
	at com.kms.katalon.core.main.TestCaseExecutor.runScript(TestCaseExecutor.java:331)
	at com.kms.katalon.core.main.TestCaseExecutor.doExecute(TestCaseExecutor.java:322)
	at com.kms.katalon.core.main.TestCaseExecutor.processExecutionPhase(TestCaseExecutor.java:301)
	at com.kms.katalon.core.main.TestCaseExecutor.accessMainPhase(TestCaseExecutor.java:293)
	at com.kms.katalon.core.main.TestCaseExecutor.execute(TestCaseExecutor.java:227)
	at com.kms.katalon.core.main.TestSuiteExecutor.accessTestCaseMainPhase(TestSuiteExecutor.java:129)
	at com.kms.katalon.core.main.TestSuiteExecutor.accessTestSuiteMainPhase(TestSuiteExecutor.java:112)
	at com.kms.katalon.core.main.TestSuiteExecutor.execute(TestSuiteExecutor.java:81)
	at com.kms.katalon.core.main.TestCaseMain.startTestSuite(TestCaseMain.java:157)
	at com.kms.katalon.core.main.TestCaseMain$startTestSuite$0.call(Unknown Source)
	at TempTestSuite1557238060660.run(TempTestSuite1557238060660.groovy:35)
Caused by: com.kms.katalon.core.webui.exception.WebElementNotFoundException: Web element with id: 'Object Repository/Page_Get started - Foleon/span_Back' located by 'By.xpath: //div[@id='root']/div/div/div/div/button/span' not found
	at com.kms.katalon.core.webui.common.WebUiCommonHelper.findWebElement(WebUiCommonHelper.java:1053)
	at com.kms.katalon.core.webui.keyword.internal.WebUIAbstractKeyword.findWebElement(WebUIAbstractKeyword.groovy:27)
	at com.kms.katalon.core.webui.keyword.internal.WebUIAbstractKeyword.findWebElement(WebUIAbstractKeyword.groovy:26)
	at com.kms.katalon.core.webui.keyword.builtin.ClickKeyword$_click_closure1.doCall(ClickKeyword.groovy:77)
	at com.kms.katalon.core.webui.keyword.builtin.ClickKeyword$_click_closure1.call(ClickKeyword.groovy)
	at com.kms.katalon.core.webui.keyword.internal.WebUIKeywordMain.runKeyword(WebUIKeywordMain.groovy:20)
	at com.kms.katalon.core.webui.keyword.builtin.ClickKeyword.click(ClickKeyword.groovy:86)
	at com.kms.katalon.core.webui.keyword.builtin.ClickKeyword.execute(ClickKeyword.groovy:67)
	at com.kms.katalon.core.keyword.internal.KeywordExecutor.executeKeywordForPlatform(KeywordExecutor.groovy:56)
	at com.kms.katalon.core.webui.keyword.WebUiBuiltInKeywords.click(WebUiBuiltInKeywords.groovy:604)
	at com.kms.katalon.core.webui.keyword.WebUiBuiltInKeywords$click$5.call(Unknown Source)
	at Script1554710683978.run(Script1554710683978.groovy:37)
	... 13 more
"/>
         <system-out><![CDATA[2019-05-07 16:09:44 - [TEST_CASE][FAILED] - Test Cases/Foleon_Get started: Test Cases/Foleon_Get started FAILED.
Reason:
com.kms.katalon.core.exception.StepFailedException: Unable to click on object 'Object Repository/Page_Get started - Foleon/span_Back'
	at com.kms.katalon.core.webui.keyword.internal.WebUIKeywordMain.stepFailed(WebUIKeywordMain.groovy:64)
	at com.kms.katalon.core.webui.keyword.internal.WebUIKeywordMain.runKeyword(WebUIKeywordMain.groovy:26)
	at com.kms.katalon.core.webui.keyword.builtin.ClickKeyword.click(ClickKeyword.groovy:86)
	at com.kms.katalon.core.webui.keyword.builtin.ClickKeyword.execute(ClickKeyword.groovy:67)
	at com.kms.katalon.core.keyword.internal.KeywordExecutor.executeKeywordForPlatform(KeywordExecutor.groovy:56)
	at com.kms.katalon.core.webui.keyword.WebUiBuiltInKeywords.click(WebUiBuiltInKeywords.groovy:604)
	at com.kms.katalon.core.webui.keyword.WebUiBuiltInKeywords$click$5.call(Unknown Source)
	at Foleon_Get started.run(Foleon_Get started:37)
	at com.kms.katalon.core.main.ScriptEngine.run(ScriptEngine.java:194)
	at com.kms.katalon.core.main.ScriptEngine.runScriptAsRawText(ScriptEngine.java:119)
	at com.kms.katalon.core.main.TestCaseExecutor.runScript(TestCaseExecutor.java:331)
	at com.kms.katalon.core.main.TestCaseExecutor.doExecute(TestCaseExecutor.java:322)
	at com.kms.katalon.core.main.TestCaseExecutor.processExecutionPhase(TestCaseExecutor.java:301)
	at com.kms.katalon.core.main.TestCaseExecutor.accessMainPhase(TestCaseExecutor.java:293)
	at com.kms.katalon.core.main.TestCaseExecutor.execute(TestCaseExecutor.java:227)
	at com.kms.katalon.core.main.TestSuiteExecutor.accessTestCaseMainPhase(TestSuiteExecutor.java:129)
	at com.kms.katalon.core.main.TestSuiteExecutor.accessTestSuiteMainPhase(TestSuiteExecutor.java:112)
	at com.kms.katalon.core.main.TestSuiteExecutor.execute(TestSuiteExecutor.java:81)
	at com.kms.katalon.core.main.TestCaseMain.startTestSuite(TestCaseMain.java:157)
	at com.kms.katalon.core.main.TestCaseMain$startTestSuite$0.call(Unknown Source)
	at TempTestSuite1557238060660.run(TempTestSuite1557238060660.groovy:35)
Caused by: com.kms.katalon.core.webui.exception.WebElementNotFoundException: Web element with id: 'Object Repository/Page_Get started - Foleon/span_Back' located by 'By.xpath: //div[@id='root']/div/div/div/div/button/span' not found
	at com.kms.katalon.core.webui.common.WebUiCommonHelper.findWebElement(WebUiCommonHelper.java:1053)
	at com.kms.katalon.core.webui.keyword.internal.WebUIAbstractKeyword.findWebElement(WebUIAbstractKeyword.groovy:27)
	at com.kms.katalon.core.webui.keyword.internal.WebUIAbstractKeyword.findWebElement(WebUIAbstractKeyword.groovy:26)
	at com.kms.katalon.core.webui.keyword.builtin.ClickKeyword$_click_closure1.doCall(ClickKeyword.groovy:77)
	at com.kms.katalon.core.webui.keyword.builtin.ClickKeyword$_click_closure1.call(ClickKeyword.groovy)
	at com.kms.katalon.core.webui.keyword.internal.WebUIKeywordMain.runKeyword(WebUIKeywordMain.groovy:20)
	at com.kms.katalon.core.webui.keyword.builtin.ClickKeyword.click(ClickKeyword.groovy:86)
	at com.kms.katalon.core.webui.keyword.builtin.ClickKeyword.execute(ClickKeyword.groovy:67)
	at com.kms.katalon.core.keyword.internal.KeywordExecutor.executeKeywordForPlatform(KeywordExecutor.groovy:56)
	at com.kms.katalon.core.webui.keyword.WebUiBuiltInKeywords.click(WebUiBuiltInKeywords.groovy:604)
	at com.kms.katalon.core.webui.keyword.WebUiBuiltInKeywords$click$5.call(Unknown Source)
	at Script1554710683978.run(Script1554710683978.groovy:37)
	... 13 more


2019-05-07 16:09:44 - [TEST_STEP][PASSED] - openBrowser(""): Browser is opened with url: ''

2019-05-07 16:09:44 - [MESSAGE][INFO] - Starting 'Chrome' driver

2019-05-07 16:09:45 - [MESSAGE][PASSED] - Browser is opened with url: ''

2019-05-07 16:09:45 - [TEST_STEP][PASSED] - maximizeWindow(STOP_ON_FAILURE): Current window maximized

2019-05-07 16:09:45 - [MESSAGE][PASSED] - Current window maximized

2019-05-07 16:09:45 - [TEST_STEP][PASSED] - navigateToUrl("http://my-develop.unicornheaven.co/login"): Navigate to 'http://my-develop.unicornheaven.co/login' successfully

2019-05-07 16:09:51 - [MESSAGE][PASSED] - Navigate to 'http://my-develop.unicornheaven.co/login' successfully

2019-05-07 16:09:51 - [TEST_STEP][PASSED] - verifyElementPresent(findTestObject("Object Repository/Page_Login  Foleon/label_Email address"), 2): Object 'Object Repository/Page_Login  Foleon/label_Email address' is present

2019-05-07 16:09:51 - [MESSAGE][PASSED] - Object 'Object Repository/Page_Login  Foleon/label_Email address' is present

2019-05-07 16:09:51 - [TEST_STEP][PASSED] - verifyElementPresent(findTestObject("Object Repository/Page_Login  Foleon/label_Password"), 2): Object 'Object Repository/Page_Login  Foleon/label_Password' is present

2019-05-07 16:09:51 - [MESSAGE][PASSED] - Object 'Object Repository/Page_Login  Foleon/label_Password' is present

2019-05-07 16:09:51 - [TEST_STEP][PASSED] - setText(findTestObject("Object Repository/Page_Login  Foleon/input_Email address_sc-ifAKCX bkhdWj"), fieldemail): Text 'john@papps.nl' is set on object 'Object Repository/Page_Login  Foleon/input_Email address_sc-ifAKCX bkhdWj'

2019-05-07 16:09:51 - [MESSAGE][PASSED] - Text 'john@papps.nl' is set on object 'Object Repository/Page_Login  Foleon/input_Email address_sc-ifAKCX bkhdWj'

2019-05-07 16:09:51 - [TEST_STEP][PASSED] - setText(findTestObject("Object Repository/Page_Login  Foleon/input_Email address_sc-ifAKCX bkhdWj"), fieldpassword): Text 'Foleon728$' is set on object 'Object Repository/Page_Login  Foleon/input_Email address_sc-ifAKCX bkhdWj'

2019-05-07 16:09:51 - [MESSAGE][PASSED] - Text 'Foleon728$' is set on object 'Object Repository/Page_Login  Foleon/input_Email address_sc-ifAKCX bkhdWj'

2019-05-07 16:09:51 - [TEST_STEP][PASSED] - click(findTestObject("Object Repository/Page_Login  Foleon/button_Log in"), STOP_ON_FAILURE): Object: 'Object Repository/Page_Login  Foleon/button_Log in' is clicked on

2019-05-07 16:09:51 - [MESSAGE][PASSED] - Object: 'Object Repository/Page_Login  Foleon/button_Log in' is clicked on

2019-05-07 16:09:51 - [TEST_STEP][PASSED] - delay(10): Delayed 10 second(s)

2019-05-07 16:10:01 - [MESSAGE][PASSED] - Delayed 10 second(s)

2019-05-07 16:10:01 - [TEST_STEP][FAILED] - click(findTestObject("Object Repository/Page_Get started - Foleon/span_Back"), STOP_ON_FAILURE): click(findTestObject("Object Repository/Page_Get started - Foleon/span_Back"), STOP_ON_FAILURE) FAILED.
Reason:
com.kms.katalon.core.exception.StepFailedException: Unable to click on object 'Object Repository/Page_Get started - Foleon/span_Back'
	at com.kms.katalon.core.webui.keyword.internal.WebUIKeywordMain.stepFailed(WebUIKeywordMain.groovy:64)
	at com.kms.katalon.core.webui.keyword.internal.WebUIKeywordMain.runKeyword(WebUIKeywordMain.groovy:26)
	at com.kms.katalon.core.webui.keyword.builtin.ClickKeyword.click(ClickKeyword.groovy:86)
	at com.kms.katalon.core.webui.keyword.builtin.ClickKeyword.execute(ClickKeyword.groovy:67)
	at com.kms.katalon.core.keyword.internal.KeywordExecutor.executeKeywordForPlatform(KeywordExecutor.groovy:56)
	at com.kms.katalon.core.webui.keyword.WebUiBuiltInKeywords.click(WebUiBuiltInKeywords.groovy:604)
	at com.kms.katalon.core.webui.keyword.WebUiBuiltInKeywords$click$5.call(Unknown Source)
	at Foleon_Get started.run(Foleon_Get started:37)
	at com.kms.katalon.core.main.ScriptEngine.run(ScriptEngine.java:194)
	at com.kms.katalon.core.main.ScriptEngine.runScriptAsRawText(ScriptEngine.java:119)
	at com.kms.katalon.core.main.TestCaseExecutor.runScript(TestCaseExecutor.java:331)
	at com.kms.katalon.core.main.TestCaseExecutor.doExecute(TestCaseExecutor.java:322)
	at com.kms.katalon.core.main.TestCaseExecutor.processExecutionPhase(TestCaseExecutor.java:301)
	at com.kms.katalon.core.main.TestCaseExecutor.accessMainPhase(TestCaseExecutor.java:293)
	at com.kms.katalon.core.main.TestCaseExecutor.execute(TestCaseExecutor.java:227)
	at com.kms.katalon.core.main.TestSuiteExecutor.accessTestCaseMainPhase(TestSuiteExecutor.java:129)
	at com.kms.katalon.core.main.TestSuiteExecutor.accessTestSuiteMainPhase(TestSuiteExecutor.java:112)
	at com.kms.katalon.core.main.TestSuiteExecutor.execute(TestSuiteExecutor.java:81)
	at com.kms.katalon.core.main.TestCaseMain.startTestSuite(TestCaseMain.java:157)
	at com.kms.katalon.core.main.TestCaseMain$startTestSuite$0.call(Unknown Source)
	at TempTestSuite1557238060660.run(TempTestSuite1557238060660.groovy:35)
Caused by: com.kms.katalon.core.webui.exception.WebElementNotFoundException: Web element with id: 'Object Repository/Page_Get started - Foleon/span_Back' located by 'By.xpath: //div[@id='root']/div/div/div/div/button/span' not found
	at com.kms.katalon.core.webui.common.WebUiCommonHelper.findWebElement(WebUiCommonHelper.java:1053)
	at com.kms.katalon.core.webui.keyword.internal.WebUIAbstractKeyword.findWebElement(WebUIAbstractKeyword.groovy:27)
	at com.kms.katalon.core.webui.keyword.internal.WebUIAbstractKeyword.findWebElement(WebUIAbstractKeyword.groovy:26)
	at com.kms.katalon.core.webui.keyword.builtin.ClickKeyword$_click_closure1.doCall(ClickKeyword.groovy:77)
	at com.kms.katalon.core.webui.keyword.builtin.ClickKeyword$_click_closure1.call(ClickKeyword.groovy)
	at com.kms.katalon.core.webui.keyword.internal.WebUIKeywordMain.runKeyword(WebUIKeywordMain.groovy:20)
	at com.kms.katalon.core.webui.keyword.builtin.ClickKeyword.click(ClickKeyword.groovy:86)
	at com.kms.katalon.core.webui.keyword.builtin.ClickKeyword.execute(ClickKeyword.groovy:67)
	at com.kms.katalon.core.keyword.internal.KeywordExecutor.executeKeywordForPlatform(KeywordExecutor.groovy:56)
	at com.kms.katalon.core.webui.keyword.WebUiBuiltInKeywords.click(WebUiBuiltInKeywords.groovy:604)
	at com.kms.katalon.core.webui.keyword.WebUiBuiltInKeywords$click$5.call(Unknown Source)
	at Script1554710683978.run(Script1554710683978.groovy:37)
	... 13 more


2019-05-07 16:10:32 - [MESSAGE][INFO] - Unable to find the element located by 'By.xpath: //div[@id='root']/div/div/div/div/button/span'. Please recheck the objects properties to make sure the desired element is located. 

2019-05-07 16:10:33 - [MESSAGE][FAILED] - Unable to click on object 'Object Repository/Page_Get started - Foleon/span_Back' (Root cause: com.kms.katalon.core.exception.StepFailedException: Unable to click on object 'Object Repository/Page_Get started - Foleon/span_Back'
	at com.kms.katalon.core.webui.keyword.internal.WebUIKeywordMain.stepFailed(WebUIKeywordMain.groovy:64)
	at com.kms.katalon.core.webui.keyword.internal.WebUIKeywordMain.runKeyword(WebUIKeywordMain.groovy:26)
	at com.kms.katalon.core.webui.keyword.builtin.ClickKeyword.click(ClickKeyword.groovy:86)
	at com.kms.katalon.core.webui.keyword.builtin.ClickKeyword.execute(ClickKeyword.groovy:67)
	at com.kms.katalon.core.keyword.internal.KeywordExecutor.executeKeywordForPlatform(KeywordExecutor.groovy:56)
	at com.kms.katalon.core.webui.keyword.WebUiBuiltInKeywords.click(WebUiBuiltInKeywords.groovy:604)
	at com.kms.katalon.core.webui.keyword.WebUiBuiltInKeywords$click$5.call(Unknown Source)
	at Foleon_Get started.run(Foleon_Get started:37)
	at com.kms.katalon.core.main.ScriptEngine.run(ScriptEngine.java:194)
	at com.kms.katalon.core.main.ScriptEngine.runScriptAsRawText(ScriptEngine.java:119)
	at com.kms.katalon.core.main.TestCaseExecutor.runScript(TestCaseExecutor.java:331)
	at com.kms.katalon.core.main.TestCaseExecutor.doExecute(TestCaseExecutor.java:322)
	at com.kms.katalon.core.main.TestCaseExecutor.processExecutionPhase(TestCaseExecutor.java:301)
	at com.kms.katalon.core.main.TestCaseExecutor.accessMainPhase(TestCaseExecutor.java:293)
	at com.kms.katalon.core.main.TestCaseExecutor.execute(TestCaseExecutor.java:227)
	at com.kms.katalon.core.main.TestSuiteExecutor.accessTestCaseMainPhase(TestSuiteExecutor.java:129)
	at com.kms.katalon.core.main.TestSuiteExecutor.accessTestSuiteMainPhase(TestSuiteExecutor.java:112)
	at com.kms.katalon.core.main.TestSuiteExecutor.execute(TestSuiteExecutor.java:81)
	at com.kms.katalon.core.main.TestCaseMain.startTestSuite(TestCaseMain.java:157)
	at com.kms.katalon.core.main.TestCaseMain$startTestSuite$0.call(Unknown Source)
	at TempTestSuite1557238060660.run(TempTestSuite1557238060660.groovy:35)
Caused by: com.kms.katalon.core.webui.exception.WebElementNotFoundException: Web element with id: 'Object Repository/Page_Get started - Foleon/span_Back' located by 'By.xpath: //div[@id='root']/div/div/div/div/button/span' not found
	at com.kms.katalon.core.webui.common.WebUiCommonHelper.findWebElement(WebUiCommonHelper.java:1053)
	at com.kms.katalon.core.webui.keyword.internal.WebUIAbstractKeyword.findWebElement(WebUIAbstractKeyword.groovy:27)
	at com.kms.katalon.core.webui.keyword.internal.WebUIAbstractKeyword.findWebElement(WebUIAbstractKeyword.groovy:26)
	at com.kms.katalon.core.webui.keyword.builtin.ClickKeyword$_click_closure1.doCall(ClickKeyword.groovy:77)
	at com.kms.katalon.core.webui.keyword.builtin.ClickKeyword$_click_closure1.call(ClickKeyword.groovy)
	at com.kms.katalon.core.webui.keyword.internal.WebUIKeywordMain.runKeyword(WebUIKeywordMain.groovy:20)
	at com.kms.katalon.core.webui.keyword.builtin.ClickKeyword.click(ClickKeyword.groovy:86)
	at com.kms.katalon.core.webui.keyword.builtin.ClickKeyword.execute(ClickKeyword.groovy:67)
	at com.kms.katalon.core.keyword.internal.KeywordExecutor.executeKeywordForPlatform(KeywordExecutor.groovy:56)
	at com.kms.katalon.core.webui.keyword.WebUiBuiltInKeywords.click(WebUiBuiltInKeywords.groovy:604)
	at com.kms.katalon.core.webui.keyword.WebUiBuiltInKeywords$click$5.call(Unknown Source)
	at Script1554710683978.run(Script1554710683978.groovy:37)
	... 13 more
)
[[ATTACHMENT|/Users/siju/Documents/FOLEON PRODUCTION/Foleon Production/Reports/Foleon Prod Test/20190507_160740/1557238232605.png]]

2019-05-07 16:10:33 - [MESSAGE][FAILED] - click(findTestObject("Object Repository/Page_Get started - Foleon/span_Back"), STOP_ON_FAILURE) FAILED.
Reason:
com.kms.katalon.core.exception.StepFailedException: Unable to click on object 'Object Repository/Page_Get started - Foleon/span_Back'
	at com.kms.katalon.core.webui.keyword.internal.WebUIKeywordMain.stepFailed(WebUIKeywordMain.groovy:64)
	at com.kms.katalon.core.webui.keyword.internal.WebUIKeywordMain.runKeyword(WebUIKeywordMain.groovy:26)
	at com.kms.katalon.core.webui.keyword.builtin.ClickKeyword.click(ClickKeyword.groovy:86)
	at com.kms.katalon.core.webui.keyword.builtin.ClickKeyword.execute(ClickKeyword.groovy:67)
	at com.kms.katalon.core.keyword.internal.KeywordExecutor.executeKeywordForPlatform(KeywordExecutor.groovy:56)
	at com.kms.katalon.core.webui.keyword.WebUiBuiltInKeywords.click(WebUiBuiltInKeywords.groovy:604)
	at com.kms.katalon.core.webui.keyword.WebUiBuiltInKeywords$click$5.call(Unknown Source)
	at Foleon_Get started.run(Foleon_Get started:37)
	at com.kms.katalon.core.main.ScriptEngine.run(ScriptEngine.java:194)
	at com.kms.katalon.core.main.ScriptEngine.runScriptAsRawText(ScriptEngine.java:119)
	at com.kms.katalon.core.main.TestCaseExecutor.runScript(TestCaseExecutor.java:331)
	at com.kms.katalon.core.main.TestCaseExecutor.doExecute(TestCaseExecutor.java:322)
	at com.kms.katalon.core.main.TestCaseExecutor.processExecutionPhase(TestCaseExecutor.java:301)
	at com.kms.katalon.core.main.TestCaseExecutor.accessMainPhase(TestCaseExecutor.java:293)
	at com.kms.katalon.core.main.TestCaseExecutor.execute(TestCaseExecutor.java:227)
	at com.kms.katalon.core.main.TestSuiteExecutor.accessTestCaseMainPhase(TestSuiteExecutor.java:129)
	at com.kms.katalon.core.main.TestSuiteExecutor.accessTestSuiteMainPhase(TestSuiteExecutor.java:112)
	at com.kms.katalon.core.main.TestSuiteExecutor.execute(TestSuiteExecutor.java:81)
	at com.kms.katalon.core.main.TestCaseMain.startTestSuite(TestCaseMain.java:157)
	at com.kms.katalon.core.main.TestCaseMain$startTestSuite$0.call(Unknown Source)
	at TempTestSuite1557238060660.run(TempTestSuite1557238060660.groovy:35)
Caused by: com.kms.katalon.core.webui.exception.WebElementNotFoundException: Web element with id: 'Object Repository/Page_Get started - Foleon/span_Back' located by 'By.xpath: //div[@id='root']/div/div/div/div/button/span' not found
	at com.kms.katalon.core.webui.common.WebUiCommonHelper.findWebElement(WebUiCommonHelper.java:1053)
	at com.kms.katalon.core.webui.keyword.internal.WebUIAbstractKeyword.findWebElement(WebUIAbstractKeyword.groovy:27)
	at com.kms.katalon.core.webui.keyword.internal.WebUIAbstractKeyword.findWebElement(WebUIAbstractKeyword.groovy:26)
	at com.kms.katalon.core.webui.keyword.builtin.ClickKeyword$_click_closure1.doCall(ClickKeyword.groovy:77)
	at com.kms.katalon.core.webui.keyword.builtin.ClickKeyword$_click_closure1.call(ClickKeyword.groovy)
	at com.kms.katalon.core.webui.keyword.internal.WebUIKeywordMain.runKeyword(WebUIKeywordMain.groovy:20)
	at com.kms.katalon.core.webui.keyword.builtin.ClickKeyword.click(ClickKeyword.groovy:86)
	at com.kms.katalon.core.webui.keyword.builtin.ClickKeyword.execute(ClickKeyword.groovy:67)
	at com.kms.katalon.core.keyword.internal.KeywordExecutor.executeKeywordForPlatform(KeywordExecutor.groovy:56)
	at com.kms.katalon.core.webui.keyword.WebUiBuiltInKeywords.click(WebUiBuiltInKeywords.groovy:604)
	at com.kms.katalon.core.webui.keyword.WebUiBuiltInKeywords$click$5.call(Unknown Source)
	at Script1554710683978.run(Script1554710683978.groovy:37)
	... 13 more]]></system-out>
         <system-err><![CDATA[2019-05-07 16:09:44 - [TEST_CASE][FAILED] - Test Cases/Foleon_Get started: Test Cases/Foleon_Get started FAILED.
Reason:
com.kms.katalon.core.exception.StepFailedException: Unable to click on object 'Object Repository/Page_Get started - Foleon/span_Back'
	at com.kms.katalon.core.webui.keyword.internal.WebUIKeywordMain.stepFailed(WebUIKeywordMain.groovy:64)
	at com.kms.katalon.core.webui.keyword.internal.WebUIKeywordMain.runKeyword(WebUIKeywordMain.groovy:26)
	at com.kms.katalon.core.webui.keyword.builtin.ClickKeyword.click(ClickKeyword.groovy:86)
	at com.kms.katalon.core.webui.keyword.builtin.ClickKeyword.execute(ClickKeyword.groovy:67)
	at com.kms.katalon.core.keyword.internal.KeywordExecutor.executeKeywordForPlatform(KeywordExecutor.groovy:56)
	at com.kms.katalon.core.webui.keyword.WebUiBuiltInKeywords.click(WebUiBuiltInKeywords.groovy:604)
	at com.kms.katalon.core.webui.keyword.WebUiBuiltInKeywords$click$5.call(Unknown Source)
	at Foleon_Get started.run(Foleon_Get started:37)
	at com.kms.katalon.core.main.ScriptEngine.run(ScriptEngine.java:194)
	at com.kms.katalon.core.main.ScriptEngine.runScriptAsRawText(ScriptEngine.java:119)
	at com.kms.katalon.core.main.TestCaseExecutor.runScript(TestCaseExecutor.java:331)
	at com.kms.katalon.core.main.TestCaseExecutor.doExecute(TestCaseExecutor.java:322)
	at com.kms.katalon.core.main.TestCaseExecutor.processExecutionPhase(TestCaseExecutor.java:301)
	at com.kms.katalon.core.main.TestCaseExecutor.accessMainPhase(TestCaseExecutor.java:293)
	at com.kms.katalon.core.main.TestCaseExecutor.execute(TestCaseExecutor.java:227)
	at com.kms.katalon.core.main.TestSuiteExecutor.accessTestCaseMainPhase(TestSuiteExecutor.java:129)
	at com.kms.katalon.core.main.TestSuiteExecutor.accessTestSuiteMainPhase(TestSuiteExecutor.java:112)
	at com.kms.katalon.core.main.TestSuiteExecutor.execute(TestSuiteExecutor.java:81)
	at com.kms.katalon.core.main.TestCaseMain.startTestSuite(TestCaseMain.java:157)
	at com.kms.katalon.core.main.TestCaseMain$startTestSuite$0.call(Unknown Source)
	at TempTestSuite1557238060660.run(TempTestSuite1557238060660.groovy:35)
Caused by: com.kms.katalon.core.webui.exception.WebElementNotFoundException: Web element with id: 'Object Repository/Page_Get started - Foleon/span_Back' located by 'By.xpath: //div[@id='root']/div/div/div/div/button/span' not found
	at com.kms.katalon.core.webui.common.WebUiCommonHelper.findWebElement(WebUiCommonHelper.java:1053)
	at com.kms.katalon.core.webui.keyword.internal.WebUIAbstractKeyword.findWebElement(WebUIAbstractKeyword.groovy:27)
	at com.kms.katalon.core.webui.keyword.internal.WebUIAbstractKeyword.findWebElement(WebUIAbstractKeyword.groovy:26)
	at com.kms.katalon.core.webui.keyword.builtin.ClickKeyword$_click_closure1.doCall(ClickKeyword.groovy:77)
	at com.kms.katalon.core.webui.keyword.builtin.ClickKeyword$_click_closure1.call(ClickKeyword.groovy)
	at com.kms.katalon.core.webui.keyword.internal.WebUIKeywordMain.runKeyword(WebUIKeywordMain.groovy:20)
	at com.kms.katalon.core.webui.keyword.builtin.ClickKeyword.click(ClickKeyword.groovy:86)
	at com.kms.katalon.core.webui.keyword.builtin.ClickKeyword.execute(ClickKeyword.groovy:67)
	at com.kms.katalon.core.keyword.internal.KeywordExecutor.executeKeywordForPlatform(KeywordExecutor.groovy:56)
	at com.kms.katalon.core.webui.keyword.WebUiBuiltInKeywords.click(WebUiBuiltInKeywords.groovy:604)
	at com.kms.katalon.core.webui.keyword.WebUiBuiltInKeywords$click$5.call(Unknown Source)
	at Script1554710683978.run(Script1554710683978.groovy:37)
	... 13 more]]></system-err>
      </testcase>
      <system-out><![CDATA[2019-05-07 16:07:42 - [TEST_SUITE][FAILED] - Foleon Prod Test: Test Cases/Foleon_Contact Us Page FAILED.
Reason:
com.kms.katalon.core.exception.StepFailedException: Unable to verify object 'Object Repository/Page_Contact Us  Foleon/a_FAQ  Support' is present
	at com.kms.katalon.core.webui.keyword.internal.WebUIKeywordMain.stepFailed(WebUIKeywordMain.groovy:64)
	at com.kms.katalon.core.webui.keyword.internal.WebUIKeywordMain.runKeyword(WebUIKeywordMain.groovy:26)
	at com.kms.katalon.core.webui.keyword.builtin.VerifyElementPresentKeyword.verifyElementPresent(VerifyElementPresentKeyword.groovy:92)
	at com.kms.katalon.core.webui.keyword.builtin.VerifyElementPresentKeyword.execute(VerifyElementPresentKeyword.groovy:68)
	at com.kms.katalon.core.keyword.internal.KeywordExecutor.executeKeywordForPlatform(KeywordExecutor.groovy:56)
	at com.kms.katalon.core.webui.keyword.WebUiBuiltInKeywords.verifyElementPresent(WebUiBuiltInKeywords.groovy:1434)
	at com.kms.katalon.core.webui.keyword.WebUiBuiltInKeywords$verifyElementPresent$4.call(Unknown Source)
	at Foleon_Contact Us Page.run(Foleon_Contact Us Page:35)
	at com.kms.katalon.core.main.ScriptEngine.run(ScriptEngine.java:194)
	at com.kms.katalon.core.main.ScriptEngine.runScriptAsRawText(ScriptEngine.java:119)
	at com.kms.katalon.core.main.TestCaseExecutor.runScript(TestCaseExecutor.java:331)
	at com.kms.katalon.core.main.TestCaseExecutor.doExecute(TestCaseExecutor.java:322)
	at com.kms.katalon.core.main.TestCaseExecutor.processExecutionPhase(TestCaseExecutor.java:301)
	at com.kms.katalon.core.main.TestCaseExecutor.accessMainPhase(TestCaseExecutor.java:293)
	at com.kms.katalon.core.main.TestCaseExecutor.execute(TestCaseExecutor.java:227)
	at com.kms.katalon.core.main.TestSuiteExecutor.accessTestCaseMainPhase(TestSuiteExecutor.java:129)
	at com.kms.katalon.core.main.TestSuiteExecutor.accessTestSuiteMainPhase(TestSuiteExecutor.java:112)
	at com.kms.katalon.core.main.TestSuiteExecutor.execute(TestSuiteExecutor.java:81)
	at com.kms.katalon.core.main.TestCaseMain.startTestSuite(TestCaseMain.java:157)
	at com.kms.katalon.core.main.TestCaseMain$startTestSuite$0.call(Unknown Source)
	at TempTestSuite1557238060660.run(TempTestSuite1557238060660.groovy:35)
Caused by: com.kms.katalon.core.exception.StepFailedException: com.kms.katalon.core.webui.exception.WebElementNotFoundException: Web element with id: 'Object Repository/Page_Contact Us  Foleon/a_FAQ  Support' located by 'By.xpath: id("jump")/div[@class="row small-up-1 medium-up-1 large-up-3 text-center"]/div[@class="column"]/a[1][count(. | //a[@href = '/frequently-asked-questions' and (text() = '
          
            
          
          FAQ
          Frequently asked questions
          Find out more
        ' or . = '
          
            
          
          FAQ
          Frequently asked questions
          Find out more
        ')]) = count(//a[@href = '/frequently-asked-questions' and (text() = '
          
            
          
          FAQ
          Frequently asked questions
          Find out more
        ' or . = '
          
            
          
          FAQ
          Frequently asked questions
          Find out more
        ')])]' not found
	at com.kms.katalon.core.webui.keyword.internal.WebUIKeywordMain.stepFailed(WebUIKeywordMain.groovy:64)
	at com.kms.katalon.core.webui.keyword.builtin.VerifyElementPresentKeyword$_verifyElementPresent_closure1.doCall(VerifyElementPresentKeyword.groovy:85)
	at com.kms.katalon.core.webui.keyword.builtin.VerifyElementPresentKeyword$_verifyElementPresent_closure1.call(VerifyElementPresentKeyword.groovy)
	at com.kms.katalon.core.webui.keyword.internal.WebUIKeywordMain.runKeyword(WebUIKeywordMain.groovy:20)
	... 19 more]]></system-out>
      <system-err><![CDATA[2019-05-07 16:07:42 - [TEST_SUITE][FAILED] - Foleon Prod Test: Test Cases/Foleon_Contact Us Page FAILED.
Reason:
com.kms.katalon.core.exception.StepFailedException: Unable to verify object 'Object Repository/Page_Contact Us  Foleon/a_FAQ  Support' is present
	at com.kms.katalon.core.webui.keyword.internal.WebUIKeywordMain.stepFailed(WebUIKeywordMain.groovy:64)
	at com.kms.katalon.core.webui.keyword.internal.WebUIKeywordMain.runKeyword(WebUIKeywordMain.groovy:26)
	at com.kms.katalon.core.webui.keyword.builtin.VerifyElementPresentKeyword.verifyElementPresent(VerifyElementPresentKeyword.groovy:92)
	at com.kms.katalon.core.webui.keyword.builtin.VerifyElementPresentKeyword.execute(VerifyElementPresentKeyword.groovy:68)
	at com.kms.katalon.core.keyword.internal.KeywordExecutor.executeKeywordForPlatform(KeywordExecutor.groovy:56)
	at com.kms.katalon.core.webui.keyword.WebUiBuiltInKeywords.verifyElementPresent(WebUiBuiltInKeywords.groovy:1434)
	at com.kms.katalon.core.webui.keyword.WebUiBuiltInKeywords$verifyElementPresent$4.call(Unknown Source)
	at Foleon_Contact Us Page.run(Foleon_Contact Us Page:35)
	at com.kms.katalon.core.main.ScriptEngine.run(ScriptEngine.java:194)
	at com.kms.katalon.core.main.ScriptEngine.runScriptAsRawText(ScriptEngine.java:119)
	at com.kms.katalon.core.main.TestCaseExecutor.runScript(TestCaseExecutor.java:331)
	at com.kms.katalon.core.main.TestCaseExecutor.doExecute(TestCaseExecutor.java:322)
	at com.kms.katalon.core.main.TestCaseExecutor.processExecutionPhase(TestCaseExecutor.java:301)
	at com.kms.katalon.core.main.TestCaseExecutor.accessMainPhase(TestCaseExecutor.java:293)
	at com.kms.katalon.core.main.TestCaseExecutor.execute(TestCaseExecutor.java:227)
	at com.kms.katalon.core.main.TestSuiteExecutor.accessTestCaseMainPhase(TestSuiteExecutor.java:129)
	at com.kms.katalon.core.main.TestSuiteExecutor.accessTestSuiteMainPhase(TestSuiteExecutor.java:112)
	at com.kms.katalon.core.main.TestSuiteExecutor.execute(TestSuiteExecutor.java:81)
	at com.kms.katalon.core.main.TestCaseMain.startTestSuite(TestCaseMain.java:157)
	at com.kms.katalon.core.main.TestCaseMain$startTestSuite$0.call(Unknown Source)
	at TempTestSuite1557238060660.run(TempTestSuite1557238060660.groovy:35)
Caused by: com.kms.katalon.core.exception.StepFailedException: com.kms.katalon.core.webui.exception.WebElementNotFoundException: Web element with id: 'Object Repository/Page_Contact Us  Foleon/a_FAQ  Support' located by 'By.xpath: id("jump")/div[@class="row small-up-1 medium-up-1 large-up-3 text-center"]/div[@class="column"]/a[1][count(. | //a[@href = '/frequently-asked-questions' and (text() = '
          
            
          
          FAQ
          Frequently asked questions
          Find out more
        ' or . = '
          
            
          
          FAQ
          Frequently asked questions
          Find out more
        ')]) = count(//a[@href = '/frequently-asked-questions' and (text() = '
          
            
          
          FAQ
          Frequently asked questions
          Find out more
        ' or . = '
          
            
          
          FAQ
          Frequently asked questions
          Find out more
        ')])]' not found
	at com.kms.katalon.core.webui.keyword.internal.WebUIKeywordMain.stepFailed(WebUIKeywordMain.groovy:64)
	at com.kms.katalon.core.webui.keyword.builtin.VerifyElementPresentKeyword$_verifyElementPresent_closure1.doCall(VerifyElementPresentKeyword.groovy:85)
	at com.kms.katalon.core.webui.keyword.builtin.VerifyElementPresentKeyword$_verifyElementPresent_closure1.call(VerifyElementPresentKeyword.groovy)
	at com.kms.katalon.core.webui.keyword.internal.WebUIKeywordMain.runKeyword(WebUIKeywordMain.groovy:20)
	... 19 more]]></system-err>
   </testsuite>
</testsuites>
