<?xml version="1.0" encoding="UTF-8"?>
<testsuites name="Foleon Prod Test" time="87" tests="9" failures="1" errors="0">
   <testsuite name="Foleon Prod Test" tests="9" failures="1" errors="0" time="87" timestamp="2019-03-27 11:26:57" hostname="siju - 10.34.12.118" id="Test Suites/Foleon Prod Test">
      <properties>
         <property name="deviceName" value=""/>
         <property name="devicePlatform" value=""/>
         <property name="logFolder" value="/Users/siju/Documents/FOLEON PRODUCTION/Foleon Production/Reports/Foleon Prod Test/20190327_112646"/>
         <property name="logFiles" value="/Users/siju/Documents/FOLEON PRODUCTION/Foleon Production/Reports/Foleon Prod Test/20190327_112646/execution0.log"/>
         <property name="attachments" value="/Users/siju/Documents/FOLEON PRODUCTION/Foleon Production/Reports/Foleon Prod Test/20190327_112646/1553682500978.png, /Users/siju/Documents/FOLEON PRODUCTION/Foleon Production/Reports/Foleon Prod Test/20190327_112646/1553682504571.png"/>
         <property name="hostName" value="siju - 10.34.12.118"/>
         <property name="os" value="Mac OS X 64bit"/>
         <property name="katalonVersion" value="6.1.0.1"/>
         <property name="browser" value="Chrome 73.0.3683.86"/>
         <property name="hostAddress" value="10.34.12.118"/>
         <property name="sessionId" value="8894ffdc93b5da96a07e39eb1c7a7b3a"/>
         <property name="seleniumVersion" value="3.7.1"/>
         <property name="proxyInformation" value="ProxyInformation{proxyOption=NO_PROXY, proxyServerType=HTTP, password=, proxyServerAddress=, proxyServerPort=0}"/>
         <property name="platform" value="Mac OS X"/>
      </properties>
      <testcase name="Test Cases/Foleon_Homepage_BG" classname="Test Cases/Foleon_Homepage_BG" status="PASSED">
         <system-out><![CDATA[2019-03-27 11:26:58 - [TEST_CASE][PASSED] - Test Cases/Foleon_Homepage_BG: Test Cases/Foleon_Homepage_BG

2019-03-27 11:26:58 - [TEST_STEP][PASSED] - openBrowser(""): Browser is opened with url: ''

2019-03-27 11:26:58 - [MESSAGE][INFO] - Starting 'Chrome' driver

2019-03-27 11:26:58 - [MESSAGE][INFO] - Action delay is set to 0 seconds

2019-03-27 11:27:00 - [MESSAGE][PASSED] - Browser is opened with url: ''

2019-03-27 11:27:00 - [TEST_STEP][PASSED] - navigateToUrl("http://editor.unicornheaven.co/login"): Navigate to 'http://editor.unicornheaven.co/login' successfully

2019-03-27 11:27:05 - [MESSAGE][PASSED] - Navigate to 'http://editor.unicornheaven.co/login' successfully

2019-03-27 11:27:05 - [TEST_STEP][PASSED] - click(findTestObject("Page_Foleon/Foleon_BG")): Object: 'Object Repository/Page_Foleon/Foleon_BG' is clicked on

2019-03-27 11:27:05 - [MESSAGE][PASSED] - Object: 'Object Repository/Page_Foleon/Foleon_BG' is clicked on

2019-03-27 11:27:05 - [TEST_STEP][PASSED] - closeBrowser(): Browser is closed

2019-03-27 11:27:06 - [MESSAGE][PASSED] - Browser is closed]]></system-out>
         <system-err><![CDATA[]]></system-err>
      </testcase>
      <testcase name="Test Cases/Foleon_Logo" classname="Test Cases/Foleon_Logo" status="PASSED">
         <system-out><![CDATA[2019-03-27 11:27:06 - [TEST_CASE][PASSED] - Test Cases/Foleon_Logo: Test Cases/Foleon_Logo

2019-03-27 11:27:06 - [TEST_STEP][PASSED] - openBrowser(""): Browser is opened with url: ''

2019-03-27 11:27:06 - [MESSAGE][INFO] - Starting 'Chrome' driver

2019-03-27 11:27:07 - [MESSAGE][PASSED] - Browser is opened with url: ''

2019-03-27 11:27:07 - [TEST_STEP][PASSED] - navigateToUrl("http://editor.unicornheaven.co/login"): Navigate to 'http://editor.unicornheaven.co/login' successfully

2019-03-27 11:27:12 - [MESSAGE][PASSED] - Navigate to 'http://editor.unicornheaven.co/login' successfully

2019-03-27 11:27:12 - [TEST_STEP][PASSED] - verifyElementPresent(findTestObject("Page_Foleon/svg_New to Foleon logo"), 2): Object 'Object Repository/Page_Foleon/svg_New to Foleon logo' is present

2019-03-27 11:27:12 - [MESSAGE][PASSED] - Object 'Object Repository/Page_Foleon/svg_New to Foleon logo' is present

2019-03-27 11:27:12 - [TEST_STEP][PASSED] - closeBrowser(): Browser is closed

2019-03-27 11:27:13 - [MESSAGE][PASSED] - Browser is closed]]></system-out>
         <system-err><![CDATA[]]></system-err>
      </testcase>
      <testcase name="Test Cases/Foleon_label check button_Start a free trial" classname="Test Cases/Foleon_label check button_Start a free trial" status="PASSED">
         <system-out><![CDATA[2019-03-27 11:27:13 - [TEST_CASE][PASSED] - Test Cases/Foleon_label check button_Start a free trial: Test Cases/Foleon_label check button_Start a free trial

2019-03-27 11:27:13 - [TEST_STEP][PASSED] - openBrowser(""): Browser is opened with url: ''

2019-03-27 11:27:13 - [MESSAGE][INFO] - Starting 'Chrome' driver

2019-03-27 11:27:14 - [MESSAGE][PASSED] - Browser is opened with url: ''

2019-03-27 11:27:14 - [TEST_STEP][PASSED] - navigateToUrl("http://editor.unicornheaven.co/login"): Navigate to 'http://editor.unicornheaven.co/login' successfully

2019-03-27 11:27:19 - [MESSAGE][PASSED] - Navigate to 'http://editor.unicornheaven.co/login' successfully

2019-03-27 11:27:19 - [TEST_STEP][PASSED] - verifyElementPresent(findTestObject("Object Repository/Page_Foleon/button_Start a free trial"), 2): Object 'Object Repository/Page_Foleon/button_Start a free trial' is present

2019-03-27 11:27:19 - [MESSAGE][PASSED] - Object 'Object Repository/Page_Foleon/button_Start a free trial' is present

2019-03-27 11:27:19 - [TEST_STEP][PASSED] - closeBrowser(): Browser is closed

2019-03-27 11:27:19 - [MESSAGE][PASSED] - Browser is closed]]></system-out>
         <system-err><![CDATA[]]></system-err>
      </testcase>
      <testcase name="Test Cases/Foleon_Logon Click Start a free trial button" classname="Test Cases/Foleon_Logon Click Start a free trial button" status="PASSED">
         <system-out><![CDATA[2019-03-27 11:27:19 - [TEST_CASE][PASSED] - Test Cases/Foleon_Logon Click Start a free trial button: Test Cases/Foleon_Logon Click Start a free trial button

2019-03-27 11:27:20 - [TEST_STEP][PASSED] - openBrowser(""): Browser is opened with url: ''

2019-03-27 11:27:20 - [MESSAGE][INFO] - Starting 'Chrome' driver

2019-03-27 11:27:21 - [MESSAGE][PASSED] - Browser is opened with url: ''

2019-03-27 11:27:21 - [TEST_STEP][PASSED] - navigateToUrl("http://editor.unicornheaven.co/login"): Navigate to 'http://editor.unicornheaven.co/login' successfully

2019-03-27 11:27:26 - [MESSAGE][PASSED] - Navigate to 'http://editor.unicornheaven.co/login' successfully

2019-03-27 11:27:26 - [TEST_STEP][PASSED] - click(findTestObject("Page_Foleon/button_Start a free trial"), STOP_ON_FAILURE): Object: 'Object Repository/Page_Foleon/button_Start a free trial' is clicked on

2019-03-27 11:27:32 - [MESSAGE][PASSED] - Object: 'Object Repository/Page_Foleon/button_Start a free trial' is clicked on

2019-03-27 11:27:32 - [TEST_STEP][PASSED] - verifyElementPresent(findTestObject("Object Repository/Page_Create account - Foleon/a_privacy policy"), 2): Object 'Object Repository/Page_Create account - Foleon/a_privacy policy' is present

2019-03-27 11:27:32 - [MESSAGE][PASSED] - Object 'Object Repository/Page_Create account - Foleon/a_privacy policy' is present

2019-03-27 11:27:32 - [TEST_STEP][PASSED] - verifyElementPresent(findTestObject("Object Repository/Page_Create account - Foleon/button_Create account"), 2): Object 'Object Repository/Page_Create account - Foleon/button_Create account' is present

2019-03-27 11:27:32 - [MESSAGE][PASSED] - Object 'Object Repository/Page_Create account - Foleon/button_Create account' is present

2019-03-27 11:27:32 - [TEST_STEP][PASSED] - verifyElementPresent(findTestObject("Object Repository/Page_Create account - Foleon/div_Already have an accountLog in here"), 2): Object 'Object Repository/Page_Create account - Foleon/div_Already have an accountLog in here' is present

2019-03-27 11:27:32 - [MESSAGE][PASSED] - Object 'Object Repository/Page_Create account - Foleon/div_Already have an accountLog in here' is present

2019-03-27 11:27:32 - [TEST_STEP][PASSED] - verifyElementPresent(findTestObject("Object Repository/Page_Create account - Foleon/div_Business email"), 2): Object 'Object Repository/Page_Create account - Foleon/div_Business email' is present

2019-03-27 11:27:32 - [MESSAGE][PASSED] - Object 'Object Repository/Page_Create account - Foleon/div_Business email' is present

2019-03-27 11:27:32 - [TEST_STEP][PASSED] - verifyElementPresent(findTestObject("Object Repository/Page_Create account - Foleon/div_Business email_css-1ji94hn"), 2): Object 'Object Repository/Page_Create account - Foleon/div_Business email_css-1ji94hn' is present

2019-03-27 11:27:32 - [MESSAGE][PASSED] - Object 'Object Repository/Page_Create account - Foleon/div_Business email_css-1ji94hn' is present

2019-03-27 11:27:32 - [TEST_STEP][PASSED] - verifyElementPresent(findTestObject("Object Repository/Page_Create account - Foleon/div_Password_css-1ji94hn"), 2): Object 'Object Repository/Page_Create account - Foleon/div_Password_css-1ji94hn' is present

2019-03-27 11:27:32 - [MESSAGE][PASSED] - Object 'Object Repository/Page_Create account - Foleon/div_Password_css-1ji94hn' is present

2019-03-27 11:27:32 - [TEST_STEP][PASSED] - verifyElementPresent(findTestObject("Object Repository/Page_Create account - Foleon/div_Try Foleon free for 7 days"), 2): Object 'Object Repository/Page_Create account - Foleon/div_Try Foleon free for 7 days' is present

2019-03-27 11:27:32 - [MESSAGE][PASSED] - Object 'Object Repository/Page_Create account - Foleon/div_Try Foleon free for 7 days' is present

2019-03-27 11:27:32 - [TEST_STEP][PASSED] - verifyElementPresent(findTestObject("Object Repository/Page_Create account - Foleon/h1_Try Foleon free for 7 days"), 2): Object 'Object Repository/Page_Create account - Foleon/h1_Try Foleon free for 7 days' is present

2019-03-27 11:27:32 - [MESSAGE][PASSED] - Object 'Object Repository/Page_Create account - Foleon/h1_Try Foleon free for 7 days' is present

2019-03-27 11:27:32 - [TEST_STEP][PASSED] - verifyElementPresent(findTestObject("Object Repository/Page_Create account - Foleon/input_Business email_email"), 2): Object 'Object Repository/Page_Create account - Foleon/input_Business email_email' is present

2019-03-27 11:27:32 - [MESSAGE][PASSED] - Object 'Object Repository/Page_Create account - Foleon/input_Business email_email' is present

2019-03-27 11:27:32 - [TEST_STEP][PASSED] - verifyElementPresent(findTestObject("Object Repository/Page_Create account - Foleon/input_Password_password"), 2): Object 'Object Repository/Page_Create account - Foleon/input_Password_password' is present

2019-03-27 11:27:32 - [MESSAGE][PASSED] - Object 'Object Repository/Page_Create account - Foleon/input_Password_password' is present

2019-03-27 11:27:32 - [TEST_STEP][PASSED] - verifyElementPresent(findTestObject("Object Repository/Page_Create account - Foleon/label_Get occasional blog updates and other inspirational emails_css-1m7xuyi"), 2): Object 'Object Repository/Page_Create account - Foleon/label_Get occasional blog updates and other inspirational emails_css-1m7xuyi' is present

2019-03-27 11:27:32 - [MESSAGE][PASSED] - Object 'Object Repository/Page_Create account - Foleon/label_Get occasional blog updates and other inspirational emails_css-1m7xuyi' is present

2019-03-27 11:27:32 - [TEST_STEP][PASSED] - verifyElementPresent(findTestObject("Object Repository/Page_Create account - Foleon/label_Password_css-1m7xuyi"), 2): Object 'Object Repository/Page_Create account - Foleon/label_Password_css-1m7xuyi' is present

2019-03-27 11:27:32 - [MESSAGE][PASSED] - Object 'Object Repository/Page_Create account - Foleon/label_Password_css-1m7xuyi' is present

2019-03-27 11:27:32 - [TEST_STEP][PASSED] - verifyElementPresent(findTestObject("Object Repository/Page_Create account - Foleon/span_Business email"), 2): Object 'Object Repository/Page_Create account - Foleon/span_Business email' is present

2019-03-27 11:27:32 - [MESSAGE][PASSED] - Object 'Object Repository/Page_Create account - Foleon/span_Business email' is present

2019-03-27 11:27:32 - [TEST_STEP][PASSED] - verifyElementPresent(findTestObject("Object Repository/Page_Create account - Foleon/span_Create account"), 2): Object 'Object Repository/Page_Create account - Foleon/span_Create account' is present

2019-03-27 11:27:32 - [MESSAGE][PASSED] - Object 'Object Repository/Page_Create account - Foleon/span_Create account' is present

2019-03-27 11:27:32 - [TEST_STEP][PASSED] - verifyElementPresent(findTestObject("Object Repository/Page_Create account - Foleon/span_Foleon will not share your data for commercial use Check our privacy policy"), 2): Object 'Object Repository/Page_Create account - Foleon/span_Foleon will not share your data for commercial use Check our privacy policy' is present

2019-03-27 11:27:32 - [MESSAGE][PASSED] - Object 'Object Repository/Page_Create account - Foleon/span_Foleon will not share your data for commercial use Check our privacy policy' is present

2019-03-27 11:27:32 - [TEST_STEP][PASSED] - verifyElementPresent(findTestObject("Object Repository/Page_Create account - Foleon/span_Get occasional blog updates and other inspirational emails"), 2): Object 'Object Repository/Page_Create account - Foleon/span_Get occasional blog updates and other inspirational emails' is present

2019-03-27 11:27:32 - [MESSAGE][PASSED] - Object 'Object Repository/Page_Create account - Foleon/span_Get occasional blog updates and other inspirational emails' is present

2019-03-27 11:27:32 - [TEST_STEP][PASSED] - verifyElementPresent(findTestObject("Object Repository/Page_Create account - Foleon/span_Get product-related news and features"), 2): Object 'Object Repository/Page_Create account - Foleon/span_Get product-related news and features' is present

2019-03-27 11:27:32 - [MESSAGE][PASSED] - Object 'Object Repository/Page_Create account - Foleon/span_Get product-related news and features' is present

2019-03-27 11:27:32 - [TEST_STEP][PASSED] - verifyElementPresent(findTestObject("Object Repository/Page_Create account - Foleon/span_Password"), 2): Object 'Object Repository/Page_Create account - Foleon/span_Password' is present

2019-03-27 11:27:32 - [MESSAGE][PASSED] - Object 'Object Repository/Page_Create account - Foleon/span_Password' is present

2019-03-27 11:27:32 - [TEST_STEP][PASSED] - closeBrowser(): Browser is closed

2019-03-27 11:27:32 - [MESSAGE][PASSED] - Browser is closed]]></system-out>
         <system-err><![CDATA[]]></system-err>
      </testcase>
      <testcase name="Test Cases/Foleon_check label email, password and Login" classname="Test Cases/Foleon_check label email, password and Login" status="PASSED">
         <system-out><![CDATA[2019-03-27 11:27:32 - [TEST_CASE][PASSED] - Test Cases/Foleon_check label email, password and Login: Test Cases/Foleon_check label email, password and Login

2019-03-27 11:27:32 - [TEST_STEP][PASSED] - openBrowser(""): Browser is opened with url: ''

2019-03-27 11:27:32 - [MESSAGE][INFO] - Starting 'Chrome' driver

2019-03-27 11:27:34 - [MESSAGE][PASSED] - Browser is opened with url: ''

2019-03-27 11:27:34 - [TEST_STEP][PASSED] - navigateToUrl("http://editor.unicornheaven.co/login"): Navigate to 'http://editor.unicornheaven.co/login' successfully

2019-03-27 11:27:39 - [MESSAGE][PASSED] - Navigate to 'http://editor.unicornheaven.co/login' successfully

2019-03-27 11:27:39 - [TEST_STEP][PASSED] - verifyElementPresent(findTestObject("Object Repository/Page_Foleon/label_Email address"), 2): Object 'Object Repository/Page_Foleon/label_Email address' is present

2019-03-27 11:27:39 - [MESSAGE][PASSED] - Object 'Object Repository/Page_Foleon/label_Email address' is present

2019-03-27 11:27:39 - [TEST_STEP][PASSED] - verifyElementPresent(findTestObject("Object Repository/Page_Foleon/label_Password"), 2): Object 'Object Repository/Page_Foleon/label_Password' is present

2019-03-27 11:27:39 - [MESSAGE][PASSED] - Object 'Object Repository/Page_Foleon/label_Password' is present

2019-03-27 11:27:39 - [TEST_STEP][PASSED] - verifyElementPresent(findTestObject("Object Repository/Page_Foleon/div_Log in"), 2): Object 'Object Repository/Page_Foleon/div_Log in' is present

2019-03-27 11:27:40 - [MESSAGE][PASSED] - Object 'Object Repository/Page_Foleon/div_Log in' is present

2019-03-27 11:27:40 - [TEST_STEP][PASSED] - verifyElementPresent(findTestObject("Object Repository/Page_Foleon/button_Log in"), 2): Object 'Object Repository/Page_Foleon/button_Log in' is present

2019-03-27 11:27:40 - [MESSAGE][PASSED] - Object 'Object Repository/Page_Foleon/button_Log in' is present

2019-03-27 11:27:40 - [TEST_STEP][PASSED] - closeBrowser(): Browser is closed

2019-03-27 11:27:40 - [MESSAGE][PASSED] - Browser is closed]]></system-out>
         <system-err><![CDATA[]]></system-err>
      </testcase>
      <testcase name="Test Cases/Foleon_Logon Click Forgot password" classname="Test Cases/Foleon_Logon Click Forgot password" status="PASSED">
         <system-out><![CDATA[2019-03-27 11:27:40 - [TEST_CASE][PASSED] - Test Cases/Foleon_Logon Click Forgot password: Test Cases/Foleon_Logon Click Forgot password

2019-03-27 11:27:40 - [TEST_STEP][PASSED] - openBrowser(""): Browser is opened with url: ''

2019-03-27 11:27:40 - [MESSAGE][INFO] - Starting 'Chrome' driver

2019-03-27 11:27:41 - [MESSAGE][PASSED] - Browser is opened with url: ''

2019-03-27 11:27:41 - [TEST_STEP][PASSED] - navigateToUrl("http://editor.unicornheaven.co/login"): Navigate to 'http://editor.unicornheaven.co/login' successfully

2019-03-27 11:27:46 - [MESSAGE][PASSED] - Navigate to 'http://editor.unicornheaven.co/login' successfully

2019-03-27 11:27:46 - [TEST_STEP][PASSED] - click(findTestObject("Object Repository/Page_Foleon/span_Forgot password"), STOP_ON_FAILURE): Object: 'Object Repository/Page_Foleon/span_Forgot password' is clicked on

2019-03-27 11:27:47 - [MESSAGE][PASSED] - Object: 'Object Repository/Page_Foleon/span_Forgot password' is clicked on

2019-03-27 11:27:47 - [TEST_STEP][PASSED] - verifyElementPresent(findTestObject("Object Repository/Page_Forgot password  Foleon/a_Contact us"), 2): Object 'Object Repository/Page_Forgot password  Foleon/a_Contact us' is present

2019-03-27 11:27:47 - [MESSAGE][PASSED] - Object 'Object Repository/Page_Forgot password  Foleon/a_Contact us' is present

2019-03-27 11:27:47 - [TEST_STEP][PASSED] - verifyElementPresent(findTestObject("Object Repository/Page_Forgot password  Foleon/button_send mail"), 2): Object 'Object Repository/Page_Forgot password  Foleon/button_send mail' is present

2019-03-27 11:27:47 - [MESSAGE][PASSED] - Object 'Object Repository/Page_Forgot password  Foleon/button_send mail' is present

2019-03-27 11:27:47 - [TEST_STEP][PASSED] - verifyElementPresent(findTestObject("Object Repository/Page_Forgot password  Foleon/div_Any questionsContact us"), 2): Object 'Object Repository/Page_Forgot password  Foleon/div_Any questionsContact us' is present

2019-03-27 11:27:47 - [MESSAGE][PASSED] - Object 'Object Repository/Page_Forgot password  Foleon/div_Any questionsContact us' is present

2019-03-27 11:27:47 - [TEST_STEP][PASSED] - verifyElementPresent(findTestObject("Object Repository/Page_Forgot password  Foleon/div_Email address"), 2): Object 'Object Repository/Page_Forgot password  Foleon/div_Email address' is present

2019-03-27 11:27:47 - [MESSAGE][PASSED] - Object 'Object Repository/Page_Forgot password  Foleon/div_Email address' is present

2019-03-27 11:27:47 - [TEST_STEP][PASSED] - verifyElementPresent(findTestObject("Object Repository/Page_Forgot password  Foleon/div_Email address_sc-bwzfXH sc-htpNat dnBLRv"), 2): Object 'Object Repository/Page_Forgot password  Foleon/div_Email address_sc-bwzfXH sc-htpNat dnBLRv' is present

2019-03-27 11:27:47 - [MESSAGE][PASSED] - Object 'Object Repository/Page_Forgot password  Foleon/div_Email address_sc-bwzfXH sc-htpNat dnBLRv' is present

2019-03-27 11:27:47 - [TEST_STEP][PASSED] - verifyElementPresent(findTestObject("Page_Forgot password  Foleon/div_Forgot your passwordEnter your email"), 2): Object 'Object Repository/Page_Forgot password  Foleon/div_Forgot your passwordEnter your email' is present

2019-03-27 11:27:47 - [MESSAGE][PASSED] - Object 'Object Repository/Page_Forgot password  Foleon/div_Forgot your passwordEnter your email' is present

2019-03-27 11:27:47 - [TEST_STEP][PASSED] - verifyElementPresent(findTestObject("Object Repository/Page_Forgot password  Foleon/div_Forgot your password frame"), 2): Object 'Object Repository/Page_Forgot password  Foleon/div_Forgot your password frame' is present

2019-03-27 11:27:47 - [MESSAGE][PASSED] - Object 'Object Repository/Page_Forgot password  Foleon/div_Forgot your password frame' is present

2019-03-27 11:27:47 - [TEST_STEP][PASSED] - verifyElementPresent(findTestObject("Object Repository/Page_Forgot password  Foleon/div_Forgot your password frame"), 2): Object 'Object Repository/Page_Forgot password  Foleon/div_Forgot your password frame' is present

2019-03-27 11:27:47 - [MESSAGE][PASSED] - Object 'Object Repository/Page_Forgot password  Foleon/div_Forgot your password frame' is present

2019-03-27 11:27:47 - [TEST_STEP][PASSED] - verifyElementPresent(findTestObject("Object Repository/Page_Forgot password  Foleon/div_Go back"), 2): Object 'Object Repository/Page_Forgot password  Foleon/div_Go back' is present

2019-03-27 11:27:47 - [MESSAGE][PASSED] - Object 'Object Repository/Page_Forgot password  Foleon/div_Go back' is present

2019-03-27 11:27:47 - [TEST_STEP][PASSED] - verifyElementPresent(findTestObject("Object Repository/Page_Forgot password  Foleon/div_New to FoleonStart a free trial"), 2): Object 'Object Repository/Page_Forgot password  Foleon/div_New to FoleonStart a free trial' is present

2019-03-27 11:27:47 - [MESSAGE][PASSED] - Object 'Object Repository/Page_Forgot password  Foleon/div_New to FoleonStart a free trial' is present

2019-03-27 11:27:47 - [TEST_STEP][PASSED] - verifyElementPresent(findTestObject("Object Repository/Page_Forgot password  Foleon/h2_Forgot your password"), 2): Object 'Object Repository/Page_Forgot password  Foleon/h2_Forgot your password' is present

2019-03-27 11:27:47 - [MESSAGE][PASSED] - Object 'Object Repository/Page_Forgot password  Foleon/h2_Forgot your password' is present

2019-03-27 11:27:47 - [TEST_STEP][PASSED] - verifyElementPresent(findTestObject("Object Repository/Page_Forgot password  Foleon/input_Email address_sc-fBuWsC kJDrms"), 2): Object 'Object Repository/Page_Forgot password  Foleon/input_Email address_sc-fBuWsC kJDrms' is present

2019-03-27 11:27:47 - [MESSAGE][PASSED] - Object 'Object Repository/Page_Forgot password  Foleon/input_Email address_sc-fBuWsC kJDrms' is present

2019-03-27 11:27:47 - [TEST_STEP][PASSED] - verifyElementPresent(findTestObject("Object Repository/Page_Forgot password  Foleon/p_Any questions"), 2): Object 'Object Repository/Page_Forgot password  Foleon/p_Any questions' is present

2019-03-27 11:27:47 - [MESSAGE][PASSED] - Object 'Object Repository/Page_Forgot password  Foleon/p_Any questions' is present

2019-03-27 11:27:47 - [TEST_STEP][PASSED] - verifyElementPresent(findTestObject("Object Repository/Page_Forgot password  Foleon/span_Enter your email address and well get you back on track"), 2): Object 'Object Repository/Page_Forgot password  Foleon/span_Enter your email address and well get you back on track' is present

2019-03-27 11:27:47 - [MESSAGE][PASSED] - Object 'Object Repository/Page_Forgot password  Foleon/span_Enter your email address and well get you back on track' is present

2019-03-27 11:27:47 - [TEST_STEP][PASSED] - verifyElementPresent(findTestObject("Object Repository/Page_Forgot password  Foleon/span_Go back"), 2): Object 'Object Repository/Page_Forgot password  Foleon/span_Go back' is present

2019-03-27 11:27:47 - [MESSAGE][PASSED] - Object 'Object Repository/Page_Forgot password  Foleon/span_Go back' is present

2019-03-27 11:27:47 - [TEST_STEP][PASSED] - verifyElementPresent(findTestObject("Object Repository/Page_Forgot password  Foleon/span_v20272"), 2): Object 'Object Repository/Page_Forgot password  Foleon/span_v20272' is present

2019-03-27 11:27:47 - [MESSAGE][PASSED] - Object 'Object Repository/Page_Forgot password  Foleon/span_v20272' is present

2019-03-27 11:27:47 - [TEST_STEP][PASSED] - closeBrowser(): Browser is closed

2019-03-27 11:27:47 - [MESSAGE][PASSED] - Browser is closed]]></system-out>
         <system-err><![CDATA[]]></system-err>
      </testcase>
      <testcase name="Test Cases/Foleon_Logon invalid authenticate" classname="Test Cases/Foleon_Logon invalid authenticate" status="PASSED">
         <system-out><![CDATA[2019-03-27 11:27:47 - [TEST_CASE][PASSED] - Test Cases/Foleon_Logon invalid authenticate: Test Cases/Foleon_Logon invalid authenticate

2019-03-27 11:27:47 - [TEST_STEP][PASSED] - openBrowser(""): Browser is opened with url: ''

2019-03-27 11:27:47 - [MESSAGE][INFO] - Starting 'Chrome' driver

2019-03-27 11:27:48 - [MESSAGE][PASSED] - Browser is opened with url: ''

2019-03-27 11:27:48 - [TEST_STEP][PASSED] - navigateToUrl("http://editor.unicornheaven.co/login"): Navigate to 'http://editor.unicornheaven.co/login' successfully

2019-03-27 11:27:54 - [MESSAGE][PASSED] - Navigate to 'http://editor.unicornheaven.co/login' successfully

2019-03-27 11:27:54 - [TEST_STEP][PASSED] - setText(findTestObject("Object Repository/Page_Foleon/input_Email address_sc-hSdWYo biyAbi"), Email): Text 'a' is set on object 'Object Repository/Page_Foleon/input_Email address_sc-hSdWYo biyAbi'

2019-03-27 11:27:54 - [MESSAGE][PASSED] - Text 'a' is set on object 'Object Repository/Page_Foleon/input_Email address_sc-hSdWYo biyAbi'

2019-03-27 11:27:54 - [TEST_STEP][PASSED] - setText(findTestObject("Object Repository/Page_Foleon/input_Password_sc-hSdWYo biyAbi"), Password): Text 'a' is set on object 'Object Repository/Page_Foleon/input_Password_sc-hSdWYo biyAbi'

2019-03-27 11:27:54 - [MESSAGE][PASSED] - Text 'a' is set on object 'Object Repository/Page_Foleon/input_Password_sc-hSdWYo biyAbi'

2019-03-27 11:27:54 - [TEST_STEP][PASSED] - click(findTestObject("Object Repository/Page_Foleon/button_Log in"), STOP_ON_FAILURE): Object: 'Object Repository/Page_Foleon/button_Log in' is clicked on

2019-03-27 11:27:55 - [MESSAGE][PASSED] - Object: 'Object Repository/Page_Foleon/button_Log in' is clicked on

2019-03-27 11:27:55 - [TEST_STEP][PASSED] - verifyElementPresent(findTestObject("Object Repository/Page_Foleon/span_The email address or password you entered is incorrect Please try again"), 2): Object 'Object Repository/Page_Foleon/span_The email address or password you entered is incorrect Please try again' is present

2019-03-27 11:27:56 - [MESSAGE][PASSED] - Object 'Object Repository/Page_Foleon/span_The email address or password you entered is incorrect Please try again' is present

2019-03-27 11:27:56 - [TEST_STEP][PASSED] - verifyElementPresent(findTestObject("Object Repository/Page_Foleon/div_The email address or password you entered is incorrect Please try again"), 2): Object 'Object Repository/Page_Foleon/div_The email address or password you entered is incorrect Please try again' is present

2019-03-27 11:27:56 - [MESSAGE][PASSED] - Object 'Object Repository/Page_Foleon/div_The email address or password you entered is incorrect Please try again' is present

2019-03-27 11:27:56 - [TEST_STEP][PASSED] - closeBrowser(): Browser is closed

2019-03-27 11:27:56 - [MESSAGE][PASSED] - Browser is closed]]></system-out>
         <system-err><![CDATA[]]></system-err>
      </testcase>
      <testcase name="Test Cases/Foleon_Logon invalid authenticate" classname="Test Cases/Foleon_Logon invalid authenticate" status="PASSED">
         <system-out><![CDATA[2019-03-27 11:27:56 - [TEST_CASE][PASSED] - Test Cases/Foleon_Logon invalid authenticate: Test Cases/Foleon_Logon invalid authenticate

2019-03-27 11:27:56 - [TEST_STEP][PASSED] - openBrowser(""): Browser is opened with url: ''

2019-03-27 11:27:56 - [MESSAGE][INFO] - Starting 'Chrome' driver

2019-03-27 11:27:57 - [MESSAGE][PASSED] - Browser is opened with url: ''

2019-03-27 11:27:57 - [TEST_STEP][PASSED] - navigateToUrl("http://editor.unicornheaven.co/login"): Navigate to 'http://editor.unicornheaven.co/login' successfully

2019-03-27 11:28:02 - [MESSAGE][PASSED] - Navigate to 'http://editor.unicornheaven.co/login' successfully

2019-03-27 11:28:02 - [TEST_STEP][PASSED] - setText(findTestObject("Object Repository/Page_Foleon/input_Email address_sc-hSdWYo biyAbi"), Email): Text '' is set on object 'Object Repository/Page_Foleon/input_Email address_sc-hSdWYo biyAbi'

2019-03-27 11:28:02 - [MESSAGE][PASSED] - Text '' is set on object 'Object Repository/Page_Foleon/input_Email address_sc-hSdWYo biyAbi'

2019-03-27 11:28:02 - [TEST_STEP][PASSED] - setText(findTestObject("Object Repository/Page_Foleon/input_Password_sc-hSdWYo biyAbi"), Password): Text '' is set on object 'Object Repository/Page_Foleon/input_Password_sc-hSdWYo biyAbi'

2019-03-27 11:28:03 - [MESSAGE][PASSED] - Text '' is set on object 'Object Repository/Page_Foleon/input_Password_sc-hSdWYo biyAbi'

2019-03-27 11:28:03 - [TEST_STEP][PASSED] - click(findTestObject("Object Repository/Page_Foleon/button_Log in"), STOP_ON_FAILURE): Object: 'Object Repository/Page_Foleon/button_Log in' is clicked on

2019-03-27 11:28:03 - [MESSAGE][PASSED] - Object: 'Object Repository/Page_Foleon/button_Log in' is clicked on

2019-03-27 11:28:03 - [TEST_STEP][PASSED] - verifyElementPresent(findTestObject("Object Repository/Page_Foleon/span_The email address or password you entered is incorrect Please try again"), 2): Object 'Object Repository/Page_Foleon/span_The email address or password you entered is incorrect Please try again' is present

2019-03-27 11:28:03 - [MESSAGE][PASSED] - Object 'Object Repository/Page_Foleon/span_The email address or password you entered is incorrect Please try again' is present

2019-03-27 11:28:03 - [TEST_STEP][PASSED] - verifyElementPresent(findTestObject("Object Repository/Page_Foleon/div_The email address or password you entered is incorrect Please try again"), 2): Object 'Object Repository/Page_Foleon/div_The email address or password you entered is incorrect Please try again' is present

2019-03-27 11:28:03 - [MESSAGE][PASSED] - Object 'Object Repository/Page_Foleon/div_The email address or password you entered is incorrect Please try again' is present

2019-03-27 11:28:03 - [TEST_STEP][PASSED] - closeBrowser(): Browser is closed

2019-03-27 11:28:03 - [MESSAGE][PASSED] - Browser is closed]]></system-out>
         <system-err><![CDATA[]]></system-err>
      </testcase>
      <testcase name="Test Cases/Foleon_Logon invalid authenticate" classname="Test Cases/Foleon_Logon invalid authenticate" status="PASSED">
         <system-out><![CDATA[2019-03-27 11:28:03 - [TEST_CASE][PASSED] - Test Cases/Foleon_Logon invalid authenticate: Test Cases/Foleon_Logon invalid authenticate

2019-03-27 11:28:03 - [TEST_STEP][PASSED] - openBrowser(""): Browser is opened with url: ''

2019-03-27 11:28:03 - [MESSAGE][INFO] - Starting 'Chrome' driver

2019-03-27 11:28:04 - [MESSAGE][PASSED] - Browser is opened with url: ''

2019-03-27 11:28:04 - [TEST_STEP][PASSED] - navigateToUrl("http://editor.unicornheaven.co/login"): Navigate to 'http://editor.unicornheaven.co/login' successfully

2019-03-27 11:28:10 - [MESSAGE][PASSED] - Navigate to 'http://editor.unicornheaven.co/login' successfully

2019-03-27 11:28:10 - [TEST_STEP][PASSED] - setText(findTestObject("Object Repository/Page_Foleon/input_Email address_sc-hSdWYo biyAbi"), Email): Text '#$@xy3.com' is set on object 'Object Repository/Page_Foleon/input_Email address_sc-hSdWYo biyAbi'

2019-03-27 11:28:10 - [MESSAGE][PASSED] - Text '#$@xy3.com' is set on object 'Object Repository/Page_Foleon/input_Email address_sc-hSdWYo biyAbi'

2019-03-27 11:28:10 - [TEST_STEP][PASSED] - setText(findTestObject("Object Repository/Page_Foleon/input_Password_sc-hSdWYo biyAbi"), Password): Text '  765' is set on object 'Object Repository/Page_Foleon/input_Password_sc-hSdWYo biyAbi'

2019-03-27 11:28:10 - [MESSAGE][PASSED] - Text '  765' is set on object 'Object Repository/Page_Foleon/input_Password_sc-hSdWYo biyAbi'

2019-03-27 11:28:10 - [TEST_STEP][PASSED] - click(findTestObject("Object Repository/Page_Foleon/button_Log in"), STOP_ON_FAILURE): Object: 'Object Repository/Page_Foleon/button_Log in' is clicked on

2019-03-27 11:28:10 - [MESSAGE][PASSED] - Object: 'Object Repository/Page_Foleon/button_Log in' is clicked on

2019-03-27 11:28:10 - [TEST_STEP][PASSED] - verifyElementPresent(findTestObject("Object Repository/Page_Foleon/span_The email address or password you entered is incorrect Please try again"), 2): Object 'Object Repository/Page_Foleon/span_The email address or password you entered is incorrect Please try again' is present

2019-03-27 11:28:11 - [MESSAGE][PASSED] - Object 'Object Repository/Page_Foleon/span_The email address or password you entered is incorrect Please try again' is present

2019-03-27 11:28:11 - [TEST_STEP][PASSED] - verifyElementPresent(findTestObject("Object Repository/Page_Foleon/div_The email address or password you entered is incorrect Please try again"), 2): Object 'Object Repository/Page_Foleon/div_The email address or password you entered is incorrect Please try again' is present

2019-03-27 11:28:11 - [MESSAGE][PASSED] - Object 'Object Repository/Page_Foleon/div_The email address or password you entered is incorrect Please try again' is present

2019-03-27 11:28:11 - [TEST_STEP][PASSED] - closeBrowser(): Browser is closed

2019-03-27 11:28:11 - [MESSAGE][PASSED] - Browser is closed]]></system-out>
         <system-err><![CDATA[]]></system-err>
      </testcase>
      <testcase name="Test Cases/Foleon_Logon invalid authenticate" classname="Test Cases/Foleon_Logon invalid authenticate" status="FAILED">
         <failure type="FAILED" message="Test Cases/Foleon_Logon invalid authenticate FAILED.
Reason:
com.kms.katalon.core.exception.StepFailedException: Unable to verify object 'Object Repository/Page_Foleon/span_The email address or password you entered is incorrect Please try again' is present
	at com.kms.katalon.core.webui.keyword.internal.WebUIKeywordMain.stepFailed(WebUIKeywordMain.groovy:64)
	at com.kms.katalon.core.webui.keyword.internal.WebUIKeywordMain.runKeyword(WebUIKeywordMain.groovy:26)
	at com.kms.katalon.core.webui.keyword.builtin.VerifyElementPresentKeyword.verifyElementPresent(VerifyElementPresentKeyword.groovy:92)
	at com.kms.katalon.core.webui.keyword.builtin.VerifyElementPresentKeyword.execute(VerifyElementPresentKeyword.groovy:68)
	at com.kms.katalon.core.keyword.internal.KeywordExecutor.executeKeywordForPlatform(KeywordExecutor.groovy:56)
	at com.kms.katalon.core.webui.keyword.WebUiBuiltInKeywords.verifyElementPresent(WebUiBuiltInKeywords.groovy:1434)
	at com.kms.katalon.core.webui.keyword.WebUiBuiltInKeywords$verifyElementPresent$3.call(Unknown Source)
	at Foleon_Logon invalid authenticate.run(Foleon_Logon invalid authenticate:29)
	at com.kms.katalon.core.main.ScriptEngine.run(ScriptEngine.java:194)
	at com.kms.katalon.core.main.ScriptEngine.runScriptAsRawText(ScriptEngine.java:119)
	at com.kms.katalon.core.main.TestCaseExecutor.runScript(TestCaseExecutor.java:331)
	at com.kms.katalon.core.main.TestCaseExecutor.doExecute(TestCaseExecutor.java:322)
	at com.kms.katalon.core.main.TestCaseExecutor.processExecutionPhase(TestCaseExecutor.java:301)
	at com.kms.katalon.core.main.TestCaseExecutor.accessMainPhase(TestCaseExecutor.java:293)
	at com.kms.katalon.core.main.TestCaseExecutor.execute(TestCaseExecutor.java:227)
	at com.kms.katalon.core.main.TestSuiteExecutor.accessTestCaseMainPhase(TestSuiteExecutor.java:129)
	at com.kms.katalon.core.main.TestSuiteExecutor.accessTestSuiteMainPhase(TestSuiteExecutor.java:112)
	at com.kms.katalon.core.main.TestSuiteExecutor.execute(TestSuiteExecutor.java:81)
	at com.kms.katalon.core.main.TestCaseMain.startTestSuite(TestCaseMain.java:157)
	at com.kms.katalon.core.main.TestCaseMain$startTestSuite$0.call(Unknown Source)
	at TempTestSuite1553682416297.run(TempTestSuite1553682416297.groovy:35)
Caused by: com.kms.katalon.core.exception.StepFailedException: com.kms.katalon.core.webui.exception.WebElementNotFoundException: Web element with id: 'Object Repository/Page_Foleon/span_The email address or password you entered is incorrect Please try again' located by 'By.xpath: //*[@font-size = 'xs']' not found
	at com.kms.katalon.core.webui.keyword.internal.WebUIKeywordMain.stepFailed(WebUIKeywordMain.groovy:64)
	at com.kms.katalon.core.webui.keyword.builtin.VerifyElementPresentKeyword$_verifyElementPresent_closure1.doCall(VerifyElementPresentKeyword.groovy:85)
	at com.kms.katalon.core.webui.keyword.builtin.VerifyElementPresentKeyword$_verifyElementPresent_closure1.call(VerifyElementPresentKeyword.groovy)
	at com.kms.katalon.core.webui.keyword.internal.WebUIKeywordMain.runKeyword(WebUIKeywordMain.groovy:20)
	... 19 more
"/>
         <system-out><![CDATA[2019-03-27 11:28:11 - [TEST_CASE][FAILED] - Test Cases/Foleon_Logon invalid authenticate: Test Cases/Foleon_Logon invalid authenticate FAILED.
Reason:
com.kms.katalon.core.exception.StepFailedException: Unable to verify object 'Object Repository/Page_Foleon/span_The email address or password you entered is incorrect Please try again' is present
	at com.kms.katalon.core.webui.keyword.internal.WebUIKeywordMain.stepFailed(WebUIKeywordMain.groovy:64)
	at com.kms.katalon.core.webui.keyword.internal.WebUIKeywordMain.runKeyword(WebUIKeywordMain.groovy:26)
	at com.kms.katalon.core.webui.keyword.builtin.VerifyElementPresentKeyword.verifyElementPresent(VerifyElementPresentKeyword.groovy:92)
	at com.kms.katalon.core.webui.keyword.builtin.VerifyElementPresentKeyword.execute(VerifyElementPresentKeyword.groovy:68)
	at com.kms.katalon.core.keyword.internal.KeywordExecutor.executeKeywordForPlatform(KeywordExecutor.groovy:56)
	at com.kms.katalon.core.webui.keyword.WebUiBuiltInKeywords.verifyElementPresent(WebUiBuiltInKeywords.groovy:1434)
	at com.kms.katalon.core.webui.keyword.WebUiBuiltInKeywords$verifyElementPresent$3.call(Unknown Source)
	at Foleon_Logon invalid authenticate.run(Foleon_Logon invalid authenticate:29)
	at com.kms.katalon.core.main.ScriptEngine.run(ScriptEngine.java:194)
	at com.kms.katalon.core.main.ScriptEngine.runScriptAsRawText(ScriptEngine.java:119)
	at com.kms.katalon.core.main.TestCaseExecutor.runScript(TestCaseExecutor.java:331)
	at com.kms.katalon.core.main.TestCaseExecutor.doExecute(TestCaseExecutor.java:322)
	at com.kms.katalon.core.main.TestCaseExecutor.processExecutionPhase(TestCaseExecutor.java:301)
	at com.kms.katalon.core.main.TestCaseExecutor.accessMainPhase(TestCaseExecutor.java:293)
	at com.kms.katalon.core.main.TestCaseExecutor.execute(TestCaseExecutor.java:227)
	at com.kms.katalon.core.main.TestSuiteExecutor.accessTestCaseMainPhase(TestSuiteExecutor.java:129)
	at com.kms.katalon.core.main.TestSuiteExecutor.accessTestSuiteMainPhase(TestSuiteExecutor.java:112)
	at com.kms.katalon.core.main.TestSuiteExecutor.execute(TestSuiteExecutor.java:81)
	at com.kms.katalon.core.main.TestCaseMain.startTestSuite(TestCaseMain.java:157)
	at com.kms.katalon.core.main.TestCaseMain$startTestSuite$0.call(Unknown Source)
	at TempTestSuite1553682416297.run(TempTestSuite1553682416297.groovy:35)
Caused by: com.kms.katalon.core.exception.StepFailedException: com.kms.katalon.core.webui.exception.WebElementNotFoundException: Web element with id: 'Object Repository/Page_Foleon/span_The email address or password you entered is incorrect Please try again' located by 'By.xpath: //*[@font-size = 'xs']' not found
	at com.kms.katalon.core.webui.keyword.internal.WebUIKeywordMain.stepFailed(WebUIKeywordMain.groovy:64)
	at com.kms.katalon.core.webui.keyword.builtin.VerifyElementPresentKeyword$_verifyElementPresent_closure1.doCall(VerifyElementPresentKeyword.groovy:85)
	at com.kms.katalon.core.webui.keyword.builtin.VerifyElementPresentKeyword$_verifyElementPresent_closure1.call(VerifyElementPresentKeyword.groovy)
	at com.kms.katalon.core.webui.keyword.internal.WebUIKeywordMain.runKeyword(WebUIKeywordMain.groovy:20)
	... 19 more


2019-03-27 11:28:11 - [TEST_STEP][PASSED] - openBrowser(""): Browser is opened with url: ''

2019-03-27 11:28:11 - [MESSAGE][INFO] - Starting 'Chrome' driver

2019-03-27 11:28:12 - [MESSAGE][PASSED] - Browser is opened with url: ''

2019-03-27 11:28:12 - [TEST_STEP][PASSED] - navigateToUrl("http://editor.unicornheaven.co/login"): Navigate to 'http://editor.unicornheaven.co/login' successfully

2019-03-27 11:28:18 - [MESSAGE][PASSED] - Navigate to 'http://editor.unicornheaven.co/login' successfully

2019-03-27 11:28:18 - [TEST_STEP][PASSED] - setText(findTestObject("Object Repository/Page_Foleon/input_Email address_sc-hSdWYo biyAbi"), Email): Text 'm.memic90@gmail.com' is set on object 'Object Repository/Page_Foleon/input_Email address_sc-hSdWYo biyAbi'

2019-03-27 11:28:18 - [MESSAGE][PASSED] - Text 'm.memic90@gmail.com' is set on object 'Object Repository/Page_Foleon/input_Email address_sc-hSdWYo biyAbi'

2019-03-27 11:28:18 - [TEST_STEP][PASSED] - setText(findTestObject("Object Repository/Page_Foleon/input_Password_sc-hSdWYo biyAbi"), Password): Text 'rtfm2013' is set on object 'Object Repository/Page_Foleon/input_Password_sc-hSdWYo biyAbi'

2019-03-27 11:28:18 - [MESSAGE][PASSED] - Text 'rtfm2013' is set on object 'Object Repository/Page_Foleon/input_Password_sc-hSdWYo biyAbi'

2019-03-27 11:28:18 - [TEST_STEP][PASSED] - click(findTestObject("Object Repository/Page_Foleon/button_Log in"), STOP_ON_FAILURE): Object: 'Object Repository/Page_Foleon/button_Log in' is clicked on

2019-03-27 11:28:18 - [MESSAGE][PASSED] - Object: 'Object Repository/Page_Foleon/button_Log in' is clicked on

2019-03-27 11:28:18 - [TEST_STEP][FAILED] - verifyElementPresent(findTestObject("Object Repository/Page_Foleon/span_The email address or password you entered is incorrect Please try again"), 2): verifyElementPresent(findTestObject("Object Repository/Page_Foleon/span_The email address or password you entered is incorrect Please try again"), 2) FAILED.
Reason:
com.kms.katalon.core.exception.StepFailedException: Unable to verify object 'Object Repository/Page_Foleon/span_The email address or password you entered is incorrect Please try again' is present
	at com.kms.katalon.core.webui.keyword.internal.WebUIKeywordMain.stepFailed(WebUIKeywordMain.groovy:64)
	at com.kms.katalon.core.webui.keyword.internal.WebUIKeywordMain.runKeyword(WebUIKeywordMain.groovy:26)
	at com.kms.katalon.core.webui.keyword.builtin.VerifyElementPresentKeyword.verifyElementPresent(VerifyElementPresentKeyword.groovy:92)
	at com.kms.katalon.core.webui.keyword.builtin.VerifyElementPresentKeyword.execute(VerifyElementPresentKeyword.groovy:68)
	at com.kms.katalon.core.keyword.internal.KeywordExecutor.executeKeywordForPlatform(KeywordExecutor.groovy:56)
	at com.kms.katalon.core.webui.keyword.WebUiBuiltInKeywords.verifyElementPresent(WebUiBuiltInKeywords.groovy:1434)
	at com.kms.katalon.core.webui.keyword.WebUiBuiltInKeywords$verifyElementPresent$3.call(Unknown Source)
	at Foleon_Logon invalid authenticate.run(Foleon_Logon invalid authenticate:29)
	at com.kms.katalon.core.main.ScriptEngine.run(ScriptEngine.java:194)
	at com.kms.katalon.core.main.ScriptEngine.runScriptAsRawText(ScriptEngine.java:119)
	at com.kms.katalon.core.main.TestCaseExecutor.runScript(TestCaseExecutor.java:331)
	at com.kms.katalon.core.main.TestCaseExecutor.doExecute(TestCaseExecutor.java:322)
	at com.kms.katalon.core.main.TestCaseExecutor.processExecutionPhase(TestCaseExecutor.java:301)
	at com.kms.katalon.core.main.TestCaseExecutor.accessMainPhase(TestCaseExecutor.java:293)
	at com.kms.katalon.core.main.TestCaseExecutor.execute(TestCaseExecutor.java:227)
	at com.kms.katalon.core.main.TestSuiteExecutor.accessTestCaseMainPhase(TestSuiteExecutor.java:129)
	at com.kms.katalon.core.main.TestSuiteExecutor.accessTestSuiteMainPhase(TestSuiteExecutor.java:112)
	at com.kms.katalon.core.main.TestSuiteExecutor.execute(TestSuiteExecutor.java:81)
	at com.kms.katalon.core.main.TestCaseMain.startTestSuite(TestCaseMain.java:157)
	at com.kms.katalon.core.main.TestCaseMain$startTestSuite$0.call(Unknown Source)
	at TempTestSuite1553682416297.run(TempTestSuite1553682416297.groovy:35)
Caused by: com.kms.katalon.core.exception.StepFailedException: com.kms.katalon.core.webui.exception.WebElementNotFoundException: Web element with id: 'Object Repository/Page_Foleon/span_The email address or password you entered is incorrect Please try again' located by 'By.xpath: //*[@font-size = 'xs']' not found
	at com.kms.katalon.core.webui.keyword.internal.WebUIKeywordMain.stepFailed(WebUIKeywordMain.groovy:64)
	at com.kms.katalon.core.webui.keyword.builtin.VerifyElementPresentKeyword$_verifyElementPresent_closure1.doCall(VerifyElementPresentKeyword.groovy:85)
	at com.kms.katalon.core.webui.keyword.builtin.VerifyElementPresentKeyword$_verifyElementPresent_closure1.call(VerifyElementPresentKeyword.groovy)
	at com.kms.katalon.core.webui.keyword.internal.WebUIKeywordMain.runKeyword(WebUIKeywordMain.groovy:20)
	... 19 more


2019-03-27 11:28:20 - [MESSAGE][INFO] - Unable to find the element located by 'By.xpath: //*[@font-size = 'xs']'. Please recheck the objects properties to make sure the desired element is located. 

2019-03-27 11:28:24 - [MESSAGE][FAILED] - com.kms.katalon.core.webui.exception.WebElementNotFoundException: Web element with id: 'Object Repository/Page_Foleon/span_The email address or password you entered is incorrect Please try again' located by 'By.xpath: //*[@font-size = 'xs']' not found (Root cause: com.kms.katalon.core.exception.StepFailedException: com.kms.katalon.core.webui.exception.WebElementNotFoundException: Web element with id: 'Object Repository/Page_Foleon/span_The email address or password you entered is incorrect Please try again' located by 'By.xpath: //*[@font-size = 'xs']' not found
	at com.kms.katalon.core.webui.keyword.internal.WebUIKeywordMain.stepFailed(WebUIKeywordMain.groovy:64)
	at com.kms.katalon.core.webui.keyword.builtin.VerifyElementPresentKeyword$_verifyElementPresent_closure1.doCall(VerifyElementPresentKeyword.groovy:85)
	at com.kms.katalon.core.webui.keyword.builtin.VerifyElementPresentKeyword$_verifyElementPresent_closure1.call(VerifyElementPresentKeyword.groovy)
	at com.kms.katalon.core.webui.keyword.internal.WebUIKeywordMain.runKeyword(WebUIKeywordMain.groovy:20)
	at com.kms.katalon.core.webui.keyword.builtin.VerifyElementPresentKeyword.verifyElementPresent(VerifyElementPresentKeyword.groovy:92)
	at com.kms.katalon.core.webui.keyword.builtin.VerifyElementPresentKeyword.execute(VerifyElementPresentKeyword.groovy:68)
	at com.kms.katalon.core.keyword.internal.KeywordExecutor.executeKeywordForPlatform(KeywordExecutor.groovy:56)
	at com.kms.katalon.core.webui.keyword.WebUiBuiltInKeywords.verifyElementPresent(WebUiBuiltInKeywords.groovy:1434)
	at com.kms.katalon.core.webui.keyword.WebUiBuiltInKeywords$verifyElementPresent$3.call(Unknown Source)
	at Foleon_Logon invalid authenticate.run(Foleon_Logon invalid authenticate:29)
	at com.kms.katalon.core.main.ScriptEngine.run(ScriptEngine.java:194)
	at com.kms.katalon.core.main.ScriptEngine.runScriptAsRawText(ScriptEngine.java:119)
	at com.kms.katalon.core.main.TestCaseExecutor.runScript(TestCaseExecutor.java:331)
	at com.kms.katalon.core.main.TestCaseExecutor.doExecute(TestCaseExecutor.java:322)
	at com.kms.katalon.core.main.TestCaseExecutor.processExecutionPhase(TestCaseExecutor.java:301)
	at com.kms.katalon.core.main.TestCaseExecutor.accessMainPhase(TestCaseExecutor.java:293)
	at com.kms.katalon.core.main.TestCaseExecutor.execute(TestCaseExecutor.java:227)
	at com.kms.katalon.core.main.TestSuiteExecutor.accessTestCaseMainPhase(TestSuiteExecutor.java:129)
	at com.kms.katalon.core.main.TestSuiteExecutor.accessTestSuiteMainPhase(TestSuiteExecutor.java:112)
	at com.kms.katalon.core.main.TestSuiteExecutor.execute(TestSuiteExecutor.java:81)
	at com.kms.katalon.core.main.TestCaseMain.startTestSuite(TestCaseMain.java:157)
	at com.kms.katalon.core.main.TestCaseMain$startTestSuite$0.call(Unknown Source)
	at TempTestSuite1553682416297.run(TempTestSuite1553682416297.groovy:35)
)
[[ATTACHMENT|/Users/siju/Documents/FOLEON PRODUCTION/Foleon Production/Reports/Foleon Prod Test/20190327_112646/1553682500978.png]]

2019-03-27 11:28:24 - [MESSAGE][FAILED] - Unable to verify object 'Object Repository/Page_Foleon/span_The email address or password you entered is incorrect Please try again' is present (Root cause: com.kms.katalon.core.exception.StepFailedException: Unable to verify object 'Object Repository/Page_Foleon/span_The email address or password you entered is incorrect Please try again' is present
	at com.kms.katalon.core.webui.keyword.internal.WebUIKeywordMain.stepFailed(WebUIKeywordMain.groovy:64)
	at com.kms.katalon.core.webui.keyword.internal.WebUIKeywordMain.runKeyword(WebUIKeywordMain.groovy:26)
	at com.kms.katalon.core.webui.keyword.builtin.VerifyElementPresentKeyword.verifyElementPresent(VerifyElementPresentKeyword.groovy:92)
	at com.kms.katalon.core.webui.keyword.builtin.VerifyElementPresentKeyword.execute(VerifyElementPresentKeyword.groovy:68)
	at com.kms.katalon.core.keyword.internal.KeywordExecutor.executeKeywordForPlatform(KeywordExecutor.groovy:56)
	at com.kms.katalon.core.webui.keyword.WebUiBuiltInKeywords.verifyElementPresent(WebUiBuiltInKeywords.groovy:1434)
	at com.kms.katalon.core.webui.keyword.WebUiBuiltInKeywords$verifyElementPresent$3.call(Unknown Source)
	at Foleon_Logon invalid authenticate.run(Foleon_Logon invalid authenticate:29)
	at com.kms.katalon.core.main.ScriptEngine.run(ScriptEngine.java:194)
	at com.kms.katalon.core.main.ScriptEngine.runScriptAsRawText(ScriptEngine.java:119)
	at com.kms.katalon.core.main.TestCaseExecutor.runScript(TestCaseExecutor.java:331)
	at com.kms.katalon.core.main.TestCaseExecutor.doExecute(TestCaseExecutor.java:322)
	at com.kms.katalon.core.main.TestCaseExecutor.processExecutionPhase(TestCaseExecutor.java:301)
	at com.kms.katalon.core.main.TestCaseExecutor.accessMainPhase(TestCaseExecutor.java:293)
	at com.kms.katalon.core.main.TestCaseExecutor.execute(TestCaseExecutor.java:227)
	at com.kms.katalon.core.main.TestSuiteExecutor.accessTestCaseMainPhase(TestSuiteExecutor.java:129)
	at com.kms.katalon.core.main.TestSuiteExecutor.accessTestSuiteMainPhase(TestSuiteExecutor.java:112)
	at com.kms.katalon.core.main.TestSuiteExecutor.execute(TestSuiteExecutor.java:81)
	at com.kms.katalon.core.main.TestCaseMain.startTestSuite(TestCaseMain.java:157)
	at com.kms.katalon.core.main.TestCaseMain$startTestSuite$0.call(Unknown Source)
	at TempTestSuite1553682416297.run(TempTestSuite1553682416297.groovy:35)
Caused by: com.kms.katalon.core.exception.StepFailedException: com.kms.katalon.core.webui.exception.WebElementNotFoundException: Web element with id: 'Object Repository/Page_Foleon/span_The email address or password you entered is incorrect Please try again' located by 'By.xpath: //*[@font-size = 'xs']' not found
	at com.kms.katalon.core.webui.keyword.internal.WebUIKeywordMain.stepFailed(WebUIKeywordMain.groovy:64)
	at com.kms.katalon.core.webui.keyword.builtin.VerifyElementPresentKeyword$_verifyElementPresent_closure1.doCall(VerifyElementPresentKeyword.groovy:85)
	at com.kms.katalon.core.webui.keyword.builtin.VerifyElementPresentKeyword$_verifyElementPresent_closure1.call(VerifyElementPresentKeyword.groovy)
	at com.kms.katalon.core.webui.keyword.internal.WebUIKeywordMain.runKeyword(WebUIKeywordMain.groovy:20)
	... 19 more
)
[[ATTACHMENT|/Users/siju/Documents/FOLEON PRODUCTION/Foleon Production/Reports/Foleon Prod Test/20190327_112646/1553682504571.png]]

2019-03-27 11:28:24 - [MESSAGE][FAILED] - verifyElementPresent(findTestObject("Object Repository/Page_Foleon/span_The email address or password you entered is incorrect Please try again"), 2) FAILED.
Reason:
com.kms.katalon.core.exception.StepFailedException: Unable to verify object 'Object Repository/Page_Foleon/span_The email address or password you entered is incorrect Please try again' is present
	at com.kms.katalon.core.webui.keyword.internal.WebUIKeywordMain.stepFailed(WebUIKeywordMain.groovy:64)
	at com.kms.katalon.core.webui.keyword.internal.WebUIKeywordMain.runKeyword(WebUIKeywordMain.groovy:26)
	at com.kms.katalon.core.webui.keyword.builtin.VerifyElementPresentKeyword.verifyElementPresent(VerifyElementPresentKeyword.groovy:92)
	at com.kms.katalon.core.webui.keyword.builtin.VerifyElementPresentKeyword.execute(VerifyElementPresentKeyword.groovy:68)
	at com.kms.katalon.core.keyword.internal.KeywordExecutor.executeKeywordForPlatform(KeywordExecutor.groovy:56)
	at com.kms.katalon.core.webui.keyword.WebUiBuiltInKeywords.verifyElementPresent(WebUiBuiltInKeywords.groovy:1434)
	at com.kms.katalon.core.webui.keyword.WebUiBuiltInKeywords$verifyElementPresent$3.call(Unknown Source)
	at Foleon_Logon invalid authenticate.run(Foleon_Logon invalid authenticate:29)
	at com.kms.katalon.core.main.ScriptEngine.run(ScriptEngine.java:194)
	at com.kms.katalon.core.main.ScriptEngine.runScriptAsRawText(ScriptEngine.java:119)
	at com.kms.katalon.core.main.TestCaseExecutor.runScript(TestCaseExecutor.java:331)
	at com.kms.katalon.core.main.TestCaseExecutor.doExecute(TestCaseExecutor.java:322)
	at com.kms.katalon.core.main.TestCaseExecutor.processExecutionPhase(TestCaseExecutor.java:301)
	at com.kms.katalon.core.main.TestCaseExecutor.accessMainPhase(TestCaseExecutor.java:293)
	at com.kms.katalon.core.main.TestCaseExecutor.execute(TestCaseExecutor.java:227)
	at com.kms.katalon.core.main.TestSuiteExecutor.accessTestCaseMainPhase(TestSuiteExecutor.java:129)
	at com.kms.katalon.core.main.TestSuiteExecutor.accessTestSuiteMainPhase(TestSuiteExecutor.java:112)
	at com.kms.katalon.core.main.TestSuiteExecutor.execute(TestSuiteExecutor.java:81)
	at com.kms.katalon.core.main.TestCaseMain.startTestSuite(TestCaseMain.java:157)
	at com.kms.katalon.core.main.TestCaseMain$startTestSuite$0.call(Unknown Source)
	at TempTestSuite1553682416297.run(TempTestSuite1553682416297.groovy:35)
Caused by: com.kms.katalon.core.exception.StepFailedException: com.kms.katalon.core.webui.exception.WebElementNotFoundException: Web element with id: 'Object Repository/Page_Foleon/span_The email address or password you entered is incorrect Please try again' located by 'By.xpath: //*[@font-size = 'xs']' not found
	at com.kms.katalon.core.webui.keyword.internal.WebUIKeywordMain.stepFailed(WebUIKeywordMain.groovy:64)
	at com.kms.katalon.core.webui.keyword.builtin.VerifyElementPresentKeyword$_verifyElementPresent_closure1.doCall(VerifyElementPresentKeyword.groovy:85)
	at com.kms.katalon.core.webui.keyword.builtin.VerifyElementPresentKeyword$_verifyElementPresent_closure1.call(VerifyElementPresentKeyword.groovy)
	at com.kms.katalon.core.webui.keyword.internal.WebUIKeywordMain.runKeyword(WebUIKeywordMain.groovy:20)
	... 19 more]]></system-out>
         <system-err><![CDATA[2019-03-27 11:28:11 - [TEST_CASE][FAILED] - Test Cases/Foleon_Logon invalid authenticate: Test Cases/Foleon_Logon invalid authenticate FAILED.
Reason:
com.kms.katalon.core.exception.StepFailedException: Unable to verify object 'Object Repository/Page_Foleon/span_The email address or password you entered is incorrect Please try again' is present
	at com.kms.katalon.core.webui.keyword.internal.WebUIKeywordMain.stepFailed(WebUIKeywordMain.groovy:64)
	at com.kms.katalon.core.webui.keyword.internal.WebUIKeywordMain.runKeyword(WebUIKeywordMain.groovy:26)
	at com.kms.katalon.core.webui.keyword.builtin.VerifyElementPresentKeyword.verifyElementPresent(VerifyElementPresentKeyword.groovy:92)
	at com.kms.katalon.core.webui.keyword.builtin.VerifyElementPresentKeyword.execute(VerifyElementPresentKeyword.groovy:68)
	at com.kms.katalon.core.keyword.internal.KeywordExecutor.executeKeywordForPlatform(KeywordExecutor.groovy:56)
	at com.kms.katalon.core.webui.keyword.WebUiBuiltInKeywords.verifyElementPresent(WebUiBuiltInKeywords.groovy:1434)
	at com.kms.katalon.core.webui.keyword.WebUiBuiltInKeywords$verifyElementPresent$3.call(Unknown Source)
	at Foleon_Logon invalid authenticate.run(Foleon_Logon invalid authenticate:29)
	at com.kms.katalon.core.main.ScriptEngine.run(ScriptEngine.java:194)
	at com.kms.katalon.core.main.ScriptEngine.runScriptAsRawText(ScriptEngine.java:119)
	at com.kms.katalon.core.main.TestCaseExecutor.runScript(TestCaseExecutor.java:331)
	at com.kms.katalon.core.main.TestCaseExecutor.doExecute(TestCaseExecutor.java:322)
	at com.kms.katalon.core.main.TestCaseExecutor.processExecutionPhase(TestCaseExecutor.java:301)
	at com.kms.katalon.core.main.TestCaseExecutor.accessMainPhase(TestCaseExecutor.java:293)
	at com.kms.katalon.core.main.TestCaseExecutor.execute(TestCaseExecutor.java:227)
	at com.kms.katalon.core.main.TestSuiteExecutor.accessTestCaseMainPhase(TestSuiteExecutor.java:129)
	at com.kms.katalon.core.main.TestSuiteExecutor.accessTestSuiteMainPhase(TestSuiteExecutor.java:112)
	at com.kms.katalon.core.main.TestSuiteExecutor.execute(TestSuiteExecutor.java:81)
	at com.kms.katalon.core.main.TestCaseMain.startTestSuite(TestCaseMain.java:157)
	at com.kms.katalon.core.main.TestCaseMain$startTestSuite$0.call(Unknown Source)
	at TempTestSuite1553682416297.run(TempTestSuite1553682416297.groovy:35)
Caused by: com.kms.katalon.core.exception.StepFailedException: com.kms.katalon.core.webui.exception.WebElementNotFoundException: Web element with id: 'Object Repository/Page_Foleon/span_The email address or password you entered is incorrect Please try again' located by 'By.xpath: //*[@font-size = 'xs']' not found
	at com.kms.katalon.core.webui.keyword.internal.WebUIKeywordMain.stepFailed(WebUIKeywordMain.groovy:64)
	at com.kms.katalon.core.webui.keyword.builtin.VerifyElementPresentKeyword$_verifyElementPresent_closure1.doCall(VerifyElementPresentKeyword.groovy:85)
	at com.kms.katalon.core.webui.keyword.builtin.VerifyElementPresentKeyword$_verifyElementPresent_closure1.call(VerifyElementPresentKeyword.groovy)
	at com.kms.katalon.core.webui.keyword.internal.WebUIKeywordMain.runKeyword(WebUIKeywordMain.groovy:20)
	... 19 more]]></system-err>
      </testcase>
      <system-out><![CDATA[2019-03-27 11:26:57 - [TEST_SUITE][FAILED] - Foleon Prod Test: Test Cases/Foleon_Logon invalid authenticate FAILED.
Reason:
com.kms.katalon.core.exception.StepFailedException: Unable to verify object 'Object Repository/Page_Foleon/span_The email address or password you entered is incorrect Please try again' is present
	at com.kms.katalon.core.webui.keyword.internal.WebUIKeywordMain.stepFailed(WebUIKeywordMain.groovy:64)
	at com.kms.katalon.core.webui.keyword.internal.WebUIKeywordMain.runKeyword(WebUIKeywordMain.groovy:26)
	at com.kms.katalon.core.webui.keyword.builtin.VerifyElementPresentKeyword.verifyElementPresent(VerifyElementPresentKeyword.groovy:92)
	at com.kms.katalon.core.webui.keyword.builtin.VerifyElementPresentKeyword.execute(VerifyElementPresentKeyword.groovy:68)
	at com.kms.katalon.core.keyword.internal.KeywordExecutor.executeKeywordForPlatform(KeywordExecutor.groovy:56)
	at com.kms.katalon.core.webui.keyword.WebUiBuiltInKeywords.verifyElementPresent(WebUiBuiltInKeywords.groovy:1434)
	at com.kms.katalon.core.webui.keyword.WebUiBuiltInKeywords$verifyElementPresent$3.call(Unknown Source)
	at Foleon_Logon invalid authenticate.run(Foleon_Logon invalid authenticate:29)
	at com.kms.katalon.core.main.ScriptEngine.run(ScriptEngine.java:194)
	at com.kms.katalon.core.main.ScriptEngine.runScriptAsRawText(ScriptEngine.java:119)
	at com.kms.katalon.core.main.TestCaseExecutor.runScript(TestCaseExecutor.java:331)
	at com.kms.katalon.core.main.TestCaseExecutor.doExecute(TestCaseExecutor.java:322)
	at com.kms.katalon.core.main.TestCaseExecutor.processExecutionPhase(TestCaseExecutor.java:301)
	at com.kms.katalon.core.main.TestCaseExecutor.accessMainPhase(TestCaseExecutor.java:293)
	at com.kms.katalon.core.main.TestCaseExecutor.execute(TestCaseExecutor.java:227)
	at com.kms.katalon.core.main.TestSuiteExecutor.accessTestCaseMainPhase(TestSuiteExecutor.java:129)
	at com.kms.katalon.core.main.TestSuiteExecutor.accessTestSuiteMainPhase(TestSuiteExecutor.java:112)
	at com.kms.katalon.core.main.TestSuiteExecutor.execute(TestSuiteExecutor.java:81)
	at com.kms.katalon.core.main.TestCaseMain.startTestSuite(TestCaseMain.java:157)
	at com.kms.katalon.core.main.TestCaseMain$startTestSuite$0.call(Unknown Source)
	at TempTestSuite1553682416297.run(TempTestSuite1553682416297.groovy:35)
Caused by: com.kms.katalon.core.exception.StepFailedException: com.kms.katalon.core.webui.exception.WebElementNotFoundException: Web element with id: 'Object Repository/Page_Foleon/span_The email address or password you entered is incorrect Please try again' located by 'By.xpath: //*[@font-size = 'xs']' not found
	at com.kms.katalon.core.webui.keyword.internal.WebUIKeywordMain.stepFailed(WebUIKeywordMain.groovy:64)
	at com.kms.katalon.core.webui.keyword.builtin.VerifyElementPresentKeyword$_verifyElementPresent_closure1.doCall(VerifyElementPresentKeyword.groovy:85)
	at com.kms.katalon.core.webui.keyword.builtin.VerifyElementPresentKeyword$_verifyElementPresent_closure1.call(VerifyElementPresentKeyword.groovy)
	at com.kms.katalon.core.webui.keyword.internal.WebUIKeywordMain.runKeyword(WebUIKeywordMain.groovy:20)
	... 19 more]]></system-out>
      <system-err><![CDATA[2019-03-27 11:26:57 - [TEST_SUITE][FAILED] - Foleon Prod Test: Test Cases/Foleon_Logon invalid authenticate FAILED.
Reason:
com.kms.katalon.core.exception.StepFailedException: Unable to verify object 'Object Repository/Page_Foleon/span_The email address or password you entered is incorrect Please try again' is present
	at com.kms.katalon.core.webui.keyword.internal.WebUIKeywordMain.stepFailed(WebUIKeywordMain.groovy:64)
	at com.kms.katalon.core.webui.keyword.internal.WebUIKeywordMain.runKeyword(WebUIKeywordMain.groovy:26)
	at com.kms.katalon.core.webui.keyword.builtin.VerifyElementPresentKeyword.verifyElementPresent(VerifyElementPresentKeyword.groovy:92)
	at com.kms.katalon.core.webui.keyword.builtin.VerifyElementPresentKeyword.execute(VerifyElementPresentKeyword.groovy:68)
	at com.kms.katalon.core.keyword.internal.KeywordExecutor.executeKeywordForPlatform(KeywordExecutor.groovy:56)
	at com.kms.katalon.core.webui.keyword.WebUiBuiltInKeywords.verifyElementPresent(WebUiBuiltInKeywords.groovy:1434)
	at com.kms.katalon.core.webui.keyword.WebUiBuiltInKeywords$verifyElementPresent$3.call(Unknown Source)
	at Foleon_Logon invalid authenticate.run(Foleon_Logon invalid authenticate:29)
	at com.kms.katalon.core.main.ScriptEngine.run(ScriptEngine.java:194)
	at com.kms.katalon.core.main.ScriptEngine.runScriptAsRawText(ScriptEngine.java:119)
	at com.kms.katalon.core.main.TestCaseExecutor.runScript(TestCaseExecutor.java:331)
	at com.kms.katalon.core.main.TestCaseExecutor.doExecute(TestCaseExecutor.java:322)
	at com.kms.katalon.core.main.TestCaseExecutor.processExecutionPhase(TestCaseExecutor.java:301)
	at com.kms.katalon.core.main.TestCaseExecutor.accessMainPhase(TestCaseExecutor.java:293)
	at com.kms.katalon.core.main.TestCaseExecutor.execute(TestCaseExecutor.java:227)
	at com.kms.katalon.core.main.TestSuiteExecutor.accessTestCaseMainPhase(TestSuiteExecutor.java:129)
	at com.kms.katalon.core.main.TestSuiteExecutor.accessTestSuiteMainPhase(TestSuiteExecutor.java:112)
	at com.kms.katalon.core.main.TestSuiteExecutor.execute(TestSuiteExecutor.java:81)
	at com.kms.katalon.core.main.TestCaseMain.startTestSuite(TestCaseMain.java:157)
	at com.kms.katalon.core.main.TestCaseMain$startTestSuite$0.call(Unknown Source)
	at TempTestSuite1553682416297.run(TempTestSuite1553682416297.groovy:35)
Caused by: com.kms.katalon.core.exception.StepFailedException: com.kms.katalon.core.webui.exception.WebElementNotFoundException: Web element with id: 'Object Repository/Page_Foleon/span_The email address or password you entered is incorrect Please try again' located by 'By.xpath: //*[@font-size = 'xs']' not found
	at com.kms.katalon.core.webui.keyword.internal.WebUIKeywordMain.stepFailed(WebUIKeywordMain.groovy:64)
	at com.kms.katalon.core.webui.keyword.builtin.VerifyElementPresentKeyword$_verifyElementPresent_closure1.doCall(VerifyElementPresentKeyword.groovy:85)
	at com.kms.katalon.core.webui.keyword.builtin.VerifyElementPresentKeyword$_verifyElementPresent_closure1.call(VerifyElementPresentKeyword.groovy)
	at com.kms.katalon.core.webui.keyword.internal.WebUIKeywordMain.runKeyword(WebUIKeywordMain.groovy:20)
	... 19 more]]></system-err>
   </testsuite>
</testsuites>
