<?xml version="1.0" encoding="UTF-8"?>
<testsuites name="Foleon Prod Test" time="36" tests="3" failures="1" errors="0">
   <testsuite name="Foleon Prod Test" tests="3" failures="1" errors="0" time="36" timestamp="2019-03-26 14:20:37" hostname="siju - 10.34.12.118" id="Test Suites/Foleon Prod Test">
      <properties>
         <property name="deviceName" value=""/>
         <property name="devicePlatform" value=""/>
         <property name="logFolder" value="/Users/siju/Documents/FOLEON PRODUCTION/Foleon Production/Reports/Foleon Prod Test/20190326_142025"/>
         <property name="logFiles" value="/Users/siju/Documents/FOLEON PRODUCTION/Foleon Production/Reports/Foleon Prod Test/20190326_142025/execution0.log"/>
         <property name="attachments" value="/Users/siju/Documents/FOLEON PRODUCTION/Foleon Production/Reports/Foleon Prod Test/20190326_142025/1553606469825.png, /Users/siju/Documents/FOLEON PRODUCTION/Foleon Production/Reports/Foleon Prod Test/20190326_142025/1553606473670.png"/>
         <property name="hostName" value="siju - 10.34.12.118"/>
         <property name="os" value="Mac OS X 64bit"/>
         <property name="katalonVersion" value="6.1.0.1"/>
         <property name="browser" value="Chrome 73.0.3683.86"/>
         <property name="hostAddress" value="10.34.12.118"/>
         <property name="sessionId" value="171ca55781b6e784338002ef10945f4d"/>
         <property name="seleniumVersion" value="3.7.1"/>
         <property name="proxyInformation" value="ProxyInformation{proxyOption=NO_PROXY, proxyServerType=HTTP, password=, proxyServerAddress=, proxyServerPort=0}"/>
         <property name="platform" value="Mac OS X"/>
      </properties>
      <testcase name="Test Cases/Foleon_Logon invalid authenticate" classname="Test Cases/Foleon_Logon invalid authenticate" status="PASSED">
         <system-out><![CDATA[2019-03-26 14:20:37 - [TEST_CASE][PASSED] - Test Cases/Foleon_Logon invalid authenticate: Test Cases/Foleon_Logon invalid authenticate

2019-03-26 14:20:37 - [TEST_STEP][PASSED] - openBrowser(""): Browser is opened with url: ''

2019-03-26 14:20:37 - [MESSAGE][INFO] - Starting 'Chrome' driver

2019-03-26 14:20:37 - [MESSAGE][INFO] - Action delay is set to 0 seconds

2019-03-26 14:20:39 - [MESSAGE][PASSED] - Browser is opened with url: ''

2019-03-26 14:20:39 - [TEST_STEP][PASSED] - navigateToUrl("http://editor.unicornheaven.co/login"): Navigate to 'http://editor.unicornheaven.co/login' successfully

2019-03-26 14:20:44 - [MESSAGE][PASSED] - Navigate to 'http://editor.unicornheaven.co/login' successfully

2019-03-26 14:20:44 - [TEST_STEP][PASSED] - setText(findTestObject("Object Repository/Page_Foleon/input_Email address_sc-hSdWYo biyAbi"), Email): Text 'a' is set on object 'Object Repository/Page_Foleon/input_Email address_sc-hSdWYo biyAbi'

2019-03-26 14:20:45 - [MESSAGE][PASSED] - Text 'a' is set on object 'Object Repository/Page_Foleon/input_Email address_sc-hSdWYo biyAbi'

2019-03-26 14:20:45 - [TEST_STEP][PASSED] - setText(findTestObject("Object Repository/Page_Foleon/input_Password_sc-hSdWYo biyAbi"), Password): Text 'a' is set on object 'Object Repository/Page_Foleon/input_Password_sc-hSdWYo biyAbi'

2019-03-26 14:20:45 - [MESSAGE][PASSED] - Text 'a' is set on object 'Object Repository/Page_Foleon/input_Password_sc-hSdWYo biyAbi'

2019-03-26 14:20:45 - [TEST_STEP][PASSED] - click(findTestObject("Object Repository/Page_Foleon/button_Log in"), STOP_ON_FAILURE): Object: 'Object Repository/Page_Foleon/button_Log in' is clicked on

2019-03-26 14:20:45 - [MESSAGE][PASSED] - Object: 'Object Repository/Page_Foleon/button_Log in' is clicked on

2019-03-26 14:20:45 - [TEST_STEP][PASSED] - verifyElementPresent(findTestObject("Object Repository/Page_Foleon/span_The email address or password you entered is incorrect Please try again"), 2): Object 'Object Repository/Page_Foleon/span_The email address or password you entered is incorrect Please try again' is present

2019-03-26 14:20:45 - [MESSAGE][PASSED] - Object 'Object Repository/Page_Foleon/span_The email address or password you entered is incorrect Please try again' is present

2019-03-26 14:20:45 - [TEST_STEP][PASSED] - verifyElementPresent(findTestObject("Object Repository/Page_Foleon/div_The email address or password you entered is incorrect Please try again"), 2): Object 'Object Repository/Page_Foleon/div_The email address or password you entered is incorrect Please try again' is present

2019-03-26 14:20:45 - [MESSAGE][PASSED] - Object 'Object Repository/Page_Foleon/div_The email address or password you entered is incorrect Please try again' is present

2019-03-26 14:20:45 - [TEST_STEP][PASSED] - closeBrowser(): Browser is closed

2019-03-26 14:20:45 - [MESSAGE][PASSED] - Browser is closed]]></system-out>
         <system-err><![CDATA[]]></system-err>
      </testcase>
      <testcase name="Test Cases/Foleon_Logon invalid authenticate" classname="Test Cases/Foleon_Logon invalid authenticate" status="PASSED">
         <system-out><![CDATA[2019-03-26 14:20:45 - [TEST_CASE][PASSED] - Test Cases/Foleon_Logon invalid authenticate: Test Cases/Foleon_Logon invalid authenticate

2019-03-26 14:20:45 - [TEST_STEP][PASSED] - openBrowser(""): Browser is opened with url: ''

2019-03-26 14:20:45 - [MESSAGE][INFO] - Starting 'Chrome' driver

2019-03-26 14:20:46 - [MESSAGE][PASSED] - Browser is opened with url: ''

2019-03-26 14:20:46 - [TEST_STEP][PASSED] - navigateToUrl("http://editor.unicornheaven.co/login"): Navigate to 'http://editor.unicornheaven.co/login' successfully

2019-03-26 14:20:52 - [MESSAGE][PASSED] - Navigate to 'http://editor.unicornheaven.co/login' successfully

2019-03-26 14:20:52 - [TEST_STEP][PASSED] - setText(findTestObject("Object Repository/Page_Foleon/input_Email address_sc-hSdWYo biyAbi"), Email): Text '' is set on object 'Object Repository/Page_Foleon/input_Email address_sc-hSdWYo biyAbi'

2019-03-26 14:20:52 - [MESSAGE][PASSED] - Text '' is set on object 'Object Repository/Page_Foleon/input_Email address_sc-hSdWYo biyAbi'

2019-03-26 14:20:52 - [TEST_STEP][PASSED] - setText(findTestObject("Object Repository/Page_Foleon/input_Password_sc-hSdWYo biyAbi"), Password): Text '' is set on object 'Object Repository/Page_Foleon/input_Password_sc-hSdWYo biyAbi'

2019-03-26 14:20:52 - [MESSAGE][PASSED] - Text '' is set on object 'Object Repository/Page_Foleon/input_Password_sc-hSdWYo biyAbi'

2019-03-26 14:20:52 - [TEST_STEP][PASSED] - click(findTestObject("Object Repository/Page_Foleon/button_Log in"), STOP_ON_FAILURE): Object: 'Object Repository/Page_Foleon/button_Log in' is clicked on

2019-03-26 14:20:52 - [MESSAGE][PASSED] - Object: 'Object Repository/Page_Foleon/button_Log in' is clicked on

2019-03-26 14:20:52 - [TEST_STEP][PASSED] - verifyElementPresent(findTestObject("Object Repository/Page_Foleon/span_The email address or password you entered is incorrect Please try again"), 2): Object 'Object Repository/Page_Foleon/span_The email address or password you entered is incorrect Please try again' is present

2019-03-26 14:20:53 - [MESSAGE][PASSED] - Object 'Object Repository/Page_Foleon/span_The email address or password you entered is incorrect Please try again' is present

2019-03-26 14:20:53 - [TEST_STEP][PASSED] - verifyElementPresent(findTestObject("Object Repository/Page_Foleon/div_The email address or password you entered is incorrect Please try again"), 2): Object 'Object Repository/Page_Foleon/div_The email address or password you entered is incorrect Please try again' is present

2019-03-26 14:20:53 - [MESSAGE][PASSED] - Object 'Object Repository/Page_Foleon/div_The email address or password you entered is incorrect Please try again' is present

2019-03-26 14:20:53 - [TEST_STEP][PASSED] - closeBrowser(): Browser is closed

2019-03-26 14:20:53 - [MESSAGE][PASSED] - Browser is closed]]></system-out>
         <system-err><![CDATA[]]></system-err>
      </testcase>
      <testcase name="Test Cases/Foleon_Logon invalid authenticate" classname="Test Cases/Foleon_Logon invalid authenticate" status="PASSED">
         <system-out><![CDATA[2019-03-26 14:20:53 - [TEST_CASE][PASSED] - Test Cases/Foleon_Logon invalid authenticate: Test Cases/Foleon_Logon invalid authenticate

2019-03-26 14:20:53 - [TEST_STEP][PASSED] - openBrowser(""): Browser is opened with url: ''

2019-03-26 14:20:53 - [MESSAGE][INFO] - Starting 'Chrome' driver

2019-03-26 14:20:54 - [MESSAGE][PASSED] - Browser is opened with url: ''

2019-03-26 14:20:54 - [TEST_STEP][PASSED] - navigateToUrl("http://editor.unicornheaven.co/login"): Navigate to 'http://editor.unicornheaven.co/login' successfully

2019-03-26 14:20:59 - [MESSAGE][PASSED] - Navigate to 'http://editor.unicornheaven.co/login' successfully

2019-03-26 14:20:59 - [TEST_STEP][PASSED] - setText(findTestObject("Object Repository/Page_Foleon/input_Email address_sc-hSdWYo biyAbi"), Email): Text '#$@xy3.com' is set on object 'Object Repository/Page_Foleon/input_Email address_sc-hSdWYo biyAbi'

2019-03-26 14:20:59 - [MESSAGE][PASSED] - Text '#$@xy3.com' is set on object 'Object Repository/Page_Foleon/input_Email address_sc-hSdWYo biyAbi'

2019-03-26 14:20:59 - [TEST_STEP][PASSED] - setText(findTestObject("Object Repository/Page_Foleon/input_Password_sc-hSdWYo biyAbi"), Password): Text '  765' is set on object 'Object Repository/Page_Foleon/input_Password_sc-hSdWYo biyAbi'

2019-03-26 14:20:59 - [MESSAGE][PASSED] - Text '  765' is set on object 'Object Repository/Page_Foleon/input_Password_sc-hSdWYo biyAbi'

2019-03-26 14:20:59 - [TEST_STEP][PASSED] - click(findTestObject("Object Repository/Page_Foleon/button_Log in"), STOP_ON_FAILURE): Object: 'Object Repository/Page_Foleon/button_Log in' is clicked on

2019-03-26 14:21:00 - [MESSAGE][PASSED] - Object: 'Object Repository/Page_Foleon/button_Log in' is clicked on

2019-03-26 14:21:00 - [TEST_STEP][PASSED] - verifyElementPresent(findTestObject("Object Repository/Page_Foleon/span_The email address or password you entered is incorrect Please try again"), 2): Object 'Object Repository/Page_Foleon/span_The email address or password you entered is incorrect Please try again' is present

2019-03-26 14:21:00 - [MESSAGE][PASSED] - Object 'Object Repository/Page_Foleon/span_The email address or password you entered is incorrect Please try again' is present

2019-03-26 14:21:00 - [TEST_STEP][PASSED] - verifyElementPresent(findTestObject("Object Repository/Page_Foleon/div_The email address or password you entered is incorrect Please try again"), 2): Object 'Object Repository/Page_Foleon/div_The email address or password you entered is incorrect Please try again' is present

2019-03-26 14:21:00 - [MESSAGE][PASSED] - Object 'Object Repository/Page_Foleon/div_The email address or password you entered is incorrect Please try again' is present

2019-03-26 14:21:00 - [TEST_STEP][PASSED] - closeBrowser(): Browser is closed

2019-03-26 14:21:00 - [MESSAGE][PASSED] - Browser is closed]]></system-out>
         <system-err><![CDATA[]]></system-err>
      </testcase>
      <testcase name="Test Cases/Foleon_Logon invalid authenticate" classname="Test Cases/Foleon_Logon invalid authenticate" status="FAILED">
         <failure type="FAILED" message="Test Cases/Foleon_Logon invalid authenticate FAILED.
Reason:
com.kms.katalon.core.exception.StepFailedException: Unable to verify object 'Object Repository/Page_Foleon/span_The email address or password you entered is incorrect Please try again' is present
	at com.kms.katalon.core.webui.keyword.internal.WebUIKeywordMain.stepFailed(WebUIKeywordMain.groovy:64)
	at com.kms.katalon.core.webui.keyword.internal.WebUIKeywordMain.runKeyword(WebUIKeywordMain.groovy:26)
	at com.kms.katalon.core.webui.keyword.builtin.VerifyElementPresentKeyword.verifyElementPresent(VerifyElementPresentKeyword.groovy:92)
	at com.kms.katalon.core.webui.keyword.builtin.VerifyElementPresentKeyword.execute(VerifyElementPresentKeyword.groovy:68)
	at com.kms.katalon.core.keyword.internal.KeywordExecutor.executeKeywordForPlatform(KeywordExecutor.groovy:56)
	at com.kms.katalon.core.webui.keyword.WebUiBuiltInKeywords.verifyElementPresent(WebUiBuiltInKeywords.groovy:1434)
	at com.kms.katalon.core.webui.keyword.WebUiBuiltInKeywords$verifyElementPresent$3.call(Unknown Source)
	at Foleon_Logon invalid authenticate.run(Foleon_Logon invalid authenticate:29)
	at com.kms.katalon.core.main.ScriptEngine.run(ScriptEngine.java:194)
	at com.kms.katalon.core.main.ScriptEngine.runScriptAsRawText(ScriptEngine.java:119)
	at com.kms.katalon.core.main.TestCaseExecutor.runScript(TestCaseExecutor.java:331)
	at com.kms.katalon.core.main.TestCaseExecutor.doExecute(TestCaseExecutor.java:322)
	at com.kms.katalon.core.main.TestCaseExecutor.processExecutionPhase(TestCaseExecutor.java:301)
	at com.kms.katalon.core.main.TestCaseExecutor.accessMainPhase(TestCaseExecutor.java:293)
	at com.kms.katalon.core.main.TestCaseExecutor.execute(TestCaseExecutor.java:227)
	at com.kms.katalon.core.main.TestSuiteExecutor.accessTestCaseMainPhase(TestSuiteExecutor.java:129)
	at com.kms.katalon.core.main.TestSuiteExecutor.accessTestSuiteMainPhase(TestSuiteExecutor.java:112)
	at com.kms.katalon.core.main.TestSuiteExecutor.execute(TestSuiteExecutor.java:81)
	at com.kms.katalon.core.main.TestCaseMain.startTestSuite(TestCaseMain.java:157)
	at com.kms.katalon.core.main.TestCaseMain$startTestSuite$0.call(Unknown Source)
	at TempTestSuite1553606435750.run(TempTestSuite1553606435750.groovy:35)
Caused by: com.kms.katalon.core.exception.StepFailedException: com.kms.katalon.core.webui.exception.WebElementNotFoundException: Web element with id: 'Object Repository/Page_Foleon/span_The email address or password you entered is incorrect Please try again' located by 'By.xpath: //*[@font-size = 'xs']' not found
	at com.kms.katalon.core.webui.keyword.internal.WebUIKeywordMain.stepFailed(WebUIKeywordMain.groovy:64)
	at com.kms.katalon.core.webui.keyword.builtin.VerifyElementPresentKeyword$_verifyElementPresent_closure1.doCall(VerifyElementPresentKeyword.groovy:85)
	at com.kms.katalon.core.webui.keyword.builtin.VerifyElementPresentKeyword$_verifyElementPresent_closure1.call(VerifyElementPresentKeyword.groovy)
	at com.kms.katalon.core.webui.keyword.internal.WebUIKeywordMain.runKeyword(WebUIKeywordMain.groovy:20)
	... 19 more
"/>
         <system-out><![CDATA[2019-03-26 14:21:00 - [TEST_CASE][FAILED] - Test Cases/Foleon_Logon invalid authenticate: Test Cases/Foleon_Logon invalid authenticate FAILED.
Reason:
com.kms.katalon.core.exception.StepFailedException: Unable to verify object 'Object Repository/Page_Foleon/span_The email address or password you entered is incorrect Please try again' is present
	at com.kms.katalon.core.webui.keyword.internal.WebUIKeywordMain.stepFailed(WebUIKeywordMain.groovy:64)
	at com.kms.katalon.core.webui.keyword.internal.WebUIKeywordMain.runKeyword(WebUIKeywordMain.groovy:26)
	at com.kms.katalon.core.webui.keyword.builtin.VerifyElementPresentKeyword.verifyElementPresent(VerifyElementPresentKeyword.groovy:92)
	at com.kms.katalon.core.webui.keyword.builtin.VerifyElementPresentKeyword.execute(VerifyElementPresentKeyword.groovy:68)
	at com.kms.katalon.core.keyword.internal.KeywordExecutor.executeKeywordForPlatform(KeywordExecutor.groovy:56)
	at com.kms.katalon.core.webui.keyword.WebUiBuiltInKeywords.verifyElementPresent(WebUiBuiltInKeywords.groovy:1434)
	at com.kms.katalon.core.webui.keyword.WebUiBuiltInKeywords$verifyElementPresent$3.call(Unknown Source)
	at Foleon_Logon invalid authenticate.run(Foleon_Logon invalid authenticate:29)
	at com.kms.katalon.core.main.ScriptEngine.run(ScriptEngine.java:194)
	at com.kms.katalon.core.main.ScriptEngine.runScriptAsRawText(ScriptEngine.java:119)
	at com.kms.katalon.core.main.TestCaseExecutor.runScript(TestCaseExecutor.java:331)
	at com.kms.katalon.core.main.TestCaseExecutor.doExecute(TestCaseExecutor.java:322)
	at com.kms.katalon.core.main.TestCaseExecutor.processExecutionPhase(TestCaseExecutor.java:301)
	at com.kms.katalon.core.main.TestCaseExecutor.accessMainPhase(TestCaseExecutor.java:293)
	at com.kms.katalon.core.main.TestCaseExecutor.execute(TestCaseExecutor.java:227)
	at com.kms.katalon.core.main.TestSuiteExecutor.accessTestCaseMainPhase(TestSuiteExecutor.java:129)
	at com.kms.katalon.core.main.TestSuiteExecutor.accessTestSuiteMainPhase(TestSuiteExecutor.java:112)
	at com.kms.katalon.core.main.TestSuiteExecutor.execute(TestSuiteExecutor.java:81)
	at com.kms.katalon.core.main.TestCaseMain.startTestSuite(TestCaseMain.java:157)
	at com.kms.katalon.core.main.TestCaseMain$startTestSuite$0.call(Unknown Source)
	at TempTestSuite1553606435750.run(TempTestSuite1553606435750.groovy:35)
Caused by: com.kms.katalon.core.exception.StepFailedException: com.kms.katalon.core.webui.exception.WebElementNotFoundException: Web element with id: 'Object Repository/Page_Foleon/span_The email address or password you entered is incorrect Please try again' located by 'By.xpath: //*[@font-size = 'xs']' not found
	at com.kms.katalon.core.webui.keyword.internal.WebUIKeywordMain.stepFailed(WebUIKeywordMain.groovy:64)
	at com.kms.katalon.core.webui.keyword.builtin.VerifyElementPresentKeyword$_verifyElementPresent_closure1.doCall(VerifyElementPresentKeyword.groovy:85)
	at com.kms.katalon.core.webui.keyword.builtin.VerifyElementPresentKeyword$_verifyElementPresent_closure1.call(VerifyElementPresentKeyword.groovy)
	at com.kms.katalon.core.webui.keyword.internal.WebUIKeywordMain.runKeyword(WebUIKeywordMain.groovy:20)
	... 19 more


2019-03-26 14:21:00 - [TEST_STEP][PASSED] - openBrowser(""): Browser is opened with url: ''

2019-03-26 14:21:00 - [MESSAGE][INFO] - Starting 'Chrome' driver

2019-03-26 14:21:01 - [MESSAGE][PASSED] - Browser is opened with url: ''

2019-03-26 14:21:01 - [TEST_STEP][PASSED] - navigateToUrl("http://editor.unicornheaven.co/login"): Navigate to 'http://editor.unicornheaven.co/login' successfully

2019-03-26 14:21:07 - [MESSAGE][PASSED] - Navigate to 'http://editor.unicornheaven.co/login' successfully

2019-03-26 14:21:07 - [TEST_STEP][PASSED] - setText(findTestObject("Object Repository/Page_Foleon/input_Email address_sc-hSdWYo biyAbi"), Email): Text 'm.memic90@gmail.com' is set on object 'Object Repository/Page_Foleon/input_Email address_sc-hSdWYo biyAbi'

2019-03-26 14:21:07 - [MESSAGE][PASSED] - Text 'm.memic90@gmail.com' is set on object 'Object Repository/Page_Foleon/input_Email address_sc-hSdWYo biyAbi'

2019-03-26 14:21:07 - [TEST_STEP][PASSED] - setText(findTestObject("Object Repository/Page_Foleon/input_Password_sc-hSdWYo biyAbi"), Password): Text 'rtfm2013' is set on object 'Object Repository/Page_Foleon/input_Password_sc-hSdWYo biyAbi'

2019-03-26 14:21:07 - [MESSAGE][PASSED] - Text 'rtfm2013' is set on object 'Object Repository/Page_Foleon/input_Password_sc-hSdWYo biyAbi'

2019-03-26 14:21:07 - [TEST_STEP][PASSED] - click(findTestObject("Object Repository/Page_Foleon/button_Log in"), STOP_ON_FAILURE): Object: 'Object Repository/Page_Foleon/button_Log in' is clicked on

2019-03-26 14:21:07 - [MESSAGE][PASSED] - Object: 'Object Repository/Page_Foleon/button_Log in' is clicked on

2019-03-26 14:21:07 - [TEST_STEP][FAILED] - verifyElementPresent(findTestObject("Object Repository/Page_Foleon/span_The email address or password you entered is incorrect Please try again"), 2): verifyElementPresent(findTestObject("Object Repository/Page_Foleon/span_The email address or password you entered is incorrect Please try again"), 2) FAILED.
Reason:
com.kms.katalon.core.exception.StepFailedException: Unable to verify object 'Object Repository/Page_Foleon/span_The email address or password you entered is incorrect Please try again' is present
	at com.kms.katalon.core.webui.keyword.internal.WebUIKeywordMain.stepFailed(WebUIKeywordMain.groovy:64)
	at com.kms.katalon.core.webui.keyword.internal.WebUIKeywordMain.runKeyword(WebUIKeywordMain.groovy:26)
	at com.kms.katalon.core.webui.keyword.builtin.VerifyElementPresentKeyword.verifyElementPresent(VerifyElementPresentKeyword.groovy:92)
	at com.kms.katalon.core.webui.keyword.builtin.VerifyElementPresentKeyword.execute(VerifyElementPresentKeyword.groovy:68)
	at com.kms.katalon.core.keyword.internal.KeywordExecutor.executeKeywordForPlatform(KeywordExecutor.groovy:56)
	at com.kms.katalon.core.webui.keyword.WebUiBuiltInKeywords.verifyElementPresent(WebUiBuiltInKeywords.groovy:1434)
	at com.kms.katalon.core.webui.keyword.WebUiBuiltInKeywords$verifyElementPresent$3.call(Unknown Source)
	at Foleon_Logon invalid authenticate.run(Foleon_Logon invalid authenticate:29)
	at com.kms.katalon.core.main.ScriptEngine.run(ScriptEngine.java:194)
	at com.kms.katalon.core.main.ScriptEngine.runScriptAsRawText(ScriptEngine.java:119)
	at com.kms.katalon.core.main.TestCaseExecutor.runScript(TestCaseExecutor.java:331)
	at com.kms.katalon.core.main.TestCaseExecutor.doExecute(TestCaseExecutor.java:322)
	at com.kms.katalon.core.main.TestCaseExecutor.processExecutionPhase(TestCaseExecutor.java:301)
	at com.kms.katalon.core.main.TestCaseExecutor.accessMainPhase(TestCaseExecutor.java:293)
	at com.kms.katalon.core.main.TestCaseExecutor.execute(TestCaseExecutor.java:227)
	at com.kms.katalon.core.main.TestSuiteExecutor.accessTestCaseMainPhase(TestSuiteExecutor.java:129)
	at com.kms.katalon.core.main.TestSuiteExecutor.accessTestSuiteMainPhase(TestSuiteExecutor.java:112)
	at com.kms.katalon.core.main.TestSuiteExecutor.execute(TestSuiteExecutor.java:81)
	at com.kms.katalon.core.main.TestCaseMain.startTestSuite(TestCaseMain.java:157)
	at com.kms.katalon.core.main.TestCaseMain$startTestSuite$0.call(Unknown Source)
	at TempTestSuite1553606435750.run(TempTestSuite1553606435750.groovy:35)
Caused by: com.kms.katalon.core.exception.StepFailedException: com.kms.katalon.core.webui.exception.WebElementNotFoundException: Web element with id: 'Object Repository/Page_Foleon/span_The email address or password you entered is incorrect Please try again' located by 'By.xpath: //*[@font-size = 'xs']' not found
	at com.kms.katalon.core.webui.keyword.internal.WebUIKeywordMain.stepFailed(WebUIKeywordMain.groovy:64)
	at com.kms.katalon.core.webui.keyword.builtin.VerifyElementPresentKeyword$_verifyElementPresent_closure1.doCall(VerifyElementPresentKeyword.groovy:85)
	at com.kms.katalon.core.webui.keyword.builtin.VerifyElementPresentKeyword$_verifyElementPresent_closure1.call(VerifyElementPresentKeyword.groovy)
	at com.kms.katalon.core.webui.keyword.internal.WebUIKeywordMain.runKeyword(WebUIKeywordMain.groovy:20)
	... 19 more


2019-03-26 14:21:09 - [MESSAGE][INFO] - Unable to find the element located by 'By.xpath: //*[@font-size = 'xs']'. Please recheck the objects properties to make sure the desired element is located. 

2019-03-26 14:21:13 - [MESSAGE][FAILED] - com.kms.katalon.core.webui.exception.WebElementNotFoundException: Web element with id: 'Object Repository/Page_Foleon/span_The email address or password you entered is incorrect Please try again' located by 'By.xpath: //*[@font-size = 'xs']' not found (Root cause: com.kms.katalon.core.exception.StepFailedException: com.kms.katalon.core.webui.exception.WebElementNotFoundException: Web element with id: 'Object Repository/Page_Foleon/span_The email address or password you entered is incorrect Please try again' located by 'By.xpath: //*[@font-size = 'xs']' not found
	at com.kms.katalon.core.webui.keyword.internal.WebUIKeywordMain.stepFailed(WebUIKeywordMain.groovy:64)
	at com.kms.katalon.core.webui.keyword.builtin.VerifyElementPresentKeyword$_verifyElementPresent_closure1.doCall(VerifyElementPresentKeyword.groovy:85)
	at com.kms.katalon.core.webui.keyword.builtin.VerifyElementPresentKeyword$_verifyElementPresent_closure1.call(VerifyElementPresentKeyword.groovy)
	at com.kms.katalon.core.webui.keyword.internal.WebUIKeywordMain.runKeyword(WebUIKeywordMain.groovy:20)
	at com.kms.katalon.core.webui.keyword.builtin.VerifyElementPresentKeyword.verifyElementPresent(VerifyElementPresentKeyword.groovy:92)
	at com.kms.katalon.core.webui.keyword.builtin.VerifyElementPresentKeyword.execute(VerifyElementPresentKeyword.groovy:68)
	at com.kms.katalon.core.keyword.internal.KeywordExecutor.executeKeywordForPlatform(KeywordExecutor.groovy:56)
	at com.kms.katalon.core.webui.keyword.WebUiBuiltInKeywords.verifyElementPresent(WebUiBuiltInKeywords.groovy:1434)
	at com.kms.katalon.core.webui.keyword.WebUiBuiltInKeywords$verifyElementPresent$3.call(Unknown Source)
	at Foleon_Logon invalid authenticate.run(Foleon_Logon invalid authenticate:29)
	at com.kms.katalon.core.main.ScriptEngine.run(ScriptEngine.java:194)
	at com.kms.katalon.core.main.ScriptEngine.runScriptAsRawText(ScriptEngine.java:119)
	at com.kms.katalon.core.main.TestCaseExecutor.runScript(TestCaseExecutor.java:331)
	at com.kms.katalon.core.main.TestCaseExecutor.doExecute(TestCaseExecutor.java:322)
	at com.kms.katalon.core.main.TestCaseExecutor.processExecutionPhase(TestCaseExecutor.java:301)
	at com.kms.katalon.core.main.TestCaseExecutor.accessMainPhase(TestCaseExecutor.java:293)
	at com.kms.katalon.core.main.TestCaseExecutor.execute(TestCaseExecutor.java:227)
	at com.kms.katalon.core.main.TestSuiteExecutor.accessTestCaseMainPhase(TestSuiteExecutor.java:129)
	at com.kms.katalon.core.main.TestSuiteExecutor.accessTestSuiteMainPhase(TestSuiteExecutor.java:112)
	at com.kms.katalon.core.main.TestSuiteExecutor.execute(TestSuiteExecutor.java:81)
	at com.kms.katalon.core.main.TestCaseMain.startTestSuite(TestCaseMain.java:157)
	at com.kms.katalon.core.main.TestCaseMain$startTestSuite$0.call(Unknown Source)
	at TempTestSuite1553606435750.run(TempTestSuite1553606435750.groovy:35)
)
[[ATTACHMENT|/Users/siju/Documents/FOLEON PRODUCTION/Foleon Production/Reports/Foleon Prod Test/20190326_142025/1553606469825.png]]

2019-03-26 14:21:14 - [MESSAGE][FAILED] - Unable to verify object 'Object Repository/Page_Foleon/span_The email address or password you entered is incorrect Please try again' is present (Root cause: com.kms.katalon.core.exception.StepFailedException: Unable to verify object 'Object Repository/Page_Foleon/span_The email address or password you entered is incorrect Please try again' is present
	at com.kms.katalon.core.webui.keyword.internal.WebUIKeywordMain.stepFailed(WebUIKeywordMain.groovy:64)
	at com.kms.katalon.core.webui.keyword.internal.WebUIKeywordMain.runKeyword(WebUIKeywordMain.groovy:26)
	at com.kms.katalon.core.webui.keyword.builtin.VerifyElementPresentKeyword.verifyElementPresent(VerifyElementPresentKeyword.groovy:92)
	at com.kms.katalon.core.webui.keyword.builtin.VerifyElementPresentKeyword.execute(VerifyElementPresentKeyword.groovy:68)
	at com.kms.katalon.core.keyword.internal.KeywordExecutor.executeKeywordForPlatform(KeywordExecutor.groovy:56)
	at com.kms.katalon.core.webui.keyword.WebUiBuiltInKeywords.verifyElementPresent(WebUiBuiltInKeywords.groovy:1434)
	at com.kms.katalon.core.webui.keyword.WebUiBuiltInKeywords$verifyElementPresent$3.call(Unknown Source)
	at Foleon_Logon invalid authenticate.run(Foleon_Logon invalid authenticate:29)
	at com.kms.katalon.core.main.ScriptEngine.run(ScriptEngine.java:194)
	at com.kms.katalon.core.main.ScriptEngine.runScriptAsRawText(ScriptEngine.java:119)
	at com.kms.katalon.core.main.TestCaseExecutor.runScript(TestCaseExecutor.java:331)
	at com.kms.katalon.core.main.TestCaseExecutor.doExecute(TestCaseExecutor.java:322)
	at com.kms.katalon.core.main.TestCaseExecutor.processExecutionPhase(TestCaseExecutor.java:301)
	at com.kms.katalon.core.main.TestCaseExecutor.accessMainPhase(TestCaseExecutor.java:293)
	at com.kms.katalon.core.main.TestCaseExecutor.execute(TestCaseExecutor.java:227)
	at com.kms.katalon.core.main.TestSuiteExecutor.accessTestCaseMainPhase(TestSuiteExecutor.java:129)
	at com.kms.katalon.core.main.TestSuiteExecutor.accessTestSuiteMainPhase(TestSuiteExecutor.java:112)
	at com.kms.katalon.core.main.TestSuiteExecutor.execute(TestSuiteExecutor.java:81)
	at com.kms.katalon.core.main.TestCaseMain.startTestSuite(TestCaseMain.java:157)
	at com.kms.katalon.core.main.TestCaseMain$startTestSuite$0.call(Unknown Source)
	at TempTestSuite1553606435750.run(TempTestSuite1553606435750.groovy:35)
Caused by: com.kms.katalon.core.exception.StepFailedException: com.kms.katalon.core.webui.exception.WebElementNotFoundException: Web element with id: 'Object Repository/Page_Foleon/span_The email address or password you entered is incorrect Please try again' located by 'By.xpath: //*[@font-size = 'xs']' not found
	at com.kms.katalon.core.webui.keyword.internal.WebUIKeywordMain.stepFailed(WebUIKeywordMain.groovy:64)
	at com.kms.katalon.core.webui.keyword.builtin.VerifyElementPresentKeyword$_verifyElementPresent_closure1.doCall(VerifyElementPresentKeyword.groovy:85)
	at com.kms.katalon.core.webui.keyword.builtin.VerifyElementPresentKeyword$_verifyElementPresent_closure1.call(VerifyElementPresentKeyword.groovy)
	at com.kms.katalon.core.webui.keyword.internal.WebUIKeywordMain.runKeyword(WebUIKeywordMain.groovy:20)
	... 19 more
)
[[ATTACHMENT|/Users/siju/Documents/FOLEON PRODUCTION/Foleon Production/Reports/Foleon Prod Test/20190326_142025/1553606473670.png]]

2019-03-26 14:21:14 - [MESSAGE][FAILED] - verifyElementPresent(findTestObject("Object Repository/Page_Foleon/span_The email address or password you entered is incorrect Please try again"), 2) FAILED.
Reason:
com.kms.katalon.core.exception.StepFailedException: Unable to verify object 'Object Repository/Page_Foleon/span_The email address or password you entered is incorrect Please try again' is present
	at com.kms.katalon.core.webui.keyword.internal.WebUIKeywordMain.stepFailed(WebUIKeywordMain.groovy:64)
	at com.kms.katalon.core.webui.keyword.internal.WebUIKeywordMain.runKeyword(WebUIKeywordMain.groovy:26)
	at com.kms.katalon.core.webui.keyword.builtin.VerifyElementPresentKeyword.verifyElementPresent(VerifyElementPresentKeyword.groovy:92)
	at com.kms.katalon.core.webui.keyword.builtin.VerifyElementPresentKeyword.execute(VerifyElementPresentKeyword.groovy:68)
	at com.kms.katalon.core.keyword.internal.KeywordExecutor.executeKeywordForPlatform(KeywordExecutor.groovy:56)
	at com.kms.katalon.core.webui.keyword.WebUiBuiltInKeywords.verifyElementPresent(WebUiBuiltInKeywords.groovy:1434)
	at com.kms.katalon.core.webui.keyword.WebUiBuiltInKeywords$verifyElementPresent$3.call(Unknown Source)
	at Foleon_Logon invalid authenticate.run(Foleon_Logon invalid authenticate:29)
	at com.kms.katalon.core.main.ScriptEngine.run(ScriptEngine.java:194)
	at com.kms.katalon.core.main.ScriptEngine.runScriptAsRawText(ScriptEngine.java:119)
	at com.kms.katalon.core.main.TestCaseExecutor.runScript(TestCaseExecutor.java:331)
	at com.kms.katalon.core.main.TestCaseExecutor.doExecute(TestCaseExecutor.java:322)
	at com.kms.katalon.core.main.TestCaseExecutor.processExecutionPhase(TestCaseExecutor.java:301)
	at com.kms.katalon.core.main.TestCaseExecutor.accessMainPhase(TestCaseExecutor.java:293)
	at com.kms.katalon.core.main.TestCaseExecutor.execute(TestCaseExecutor.java:227)
	at com.kms.katalon.core.main.TestSuiteExecutor.accessTestCaseMainPhase(TestSuiteExecutor.java:129)
	at com.kms.katalon.core.main.TestSuiteExecutor.accessTestSuiteMainPhase(TestSuiteExecutor.java:112)
	at com.kms.katalon.core.main.TestSuiteExecutor.execute(TestSuiteExecutor.java:81)
	at com.kms.katalon.core.main.TestCaseMain.startTestSuite(TestCaseMain.java:157)
	at com.kms.katalon.core.main.TestCaseMain$startTestSuite$0.call(Unknown Source)
	at TempTestSuite1553606435750.run(TempTestSuite1553606435750.groovy:35)
Caused by: com.kms.katalon.core.exception.StepFailedException: com.kms.katalon.core.webui.exception.WebElementNotFoundException: Web element with id: 'Object Repository/Page_Foleon/span_The email address or password you entered is incorrect Please try again' located by 'By.xpath: //*[@font-size = 'xs']' not found
	at com.kms.katalon.core.webui.keyword.internal.WebUIKeywordMain.stepFailed(WebUIKeywordMain.groovy:64)
	at com.kms.katalon.core.webui.keyword.builtin.VerifyElementPresentKeyword$_verifyElementPresent_closure1.doCall(VerifyElementPresentKeyword.groovy:85)
	at com.kms.katalon.core.webui.keyword.builtin.VerifyElementPresentKeyword$_verifyElementPresent_closure1.call(VerifyElementPresentKeyword.groovy)
	at com.kms.katalon.core.webui.keyword.internal.WebUIKeywordMain.runKeyword(WebUIKeywordMain.groovy:20)
	... 19 more]]></system-out>
         <system-err><![CDATA[2019-03-26 14:21:00 - [TEST_CASE][FAILED] - Test Cases/Foleon_Logon invalid authenticate: Test Cases/Foleon_Logon invalid authenticate FAILED.
Reason:
com.kms.katalon.core.exception.StepFailedException: Unable to verify object 'Object Repository/Page_Foleon/span_The email address or password you entered is incorrect Please try again' is present
	at com.kms.katalon.core.webui.keyword.internal.WebUIKeywordMain.stepFailed(WebUIKeywordMain.groovy:64)
	at com.kms.katalon.core.webui.keyword.internal.WebUIKeywordMain.runKeyword(WebUIKeywordMain.groovy:26)
	at com.kms.katalon.core.webui.keyword.builtin.VerifyElementPresentKeyword.verifyElementPresent(VerifyElementPresentKeyword.groovy:92)
	at com.kms.katalon.core.webui.keyword.builtin.VerifyElementPresentKeyword.execute(VerifyElementPresentKeyword.groovy:68)
	at com.kms.katalon.core.keyword.internal.KeywordExecutor.executeKeywordForPlatform(KeywordExecutor.groovy:56)
	at com.kms.katalon.core.webui.keyword.WebUiBuiltInKeywords.verifyElementPresent(WebUiBuiltInKeywords.groovy:1434)
	at com.kms.katalon.core.webui.keyword.WebUiBuiltInKeywords$verifyElementPresent$3.call(Unknown Source)
	at Foleon_Logon invalid authenticate.run(Foleon_Logon invalid authenticate:29)
	at com.kms.katalon.core.main.ScriptEngine.run(ScriptEngine.java:194)
	at com.kms.katalon.core.main.ScriptEngine.runScriptAsRawText(ScriptEngine.java:119)
	at com.kms.katalon.core.main.TestCaseExecutor.runScript(TestCaseExecutor.java:331)
	at com.kms.katalon.core.main.TestCaseExecutor.doExecute(TestCaseExecutor.java:322)
	at com.kms.katalon.core.main.TestCaseExecutor.processExecutionPhase(TestCaseExecutor.java:301)
	at com.kms.katalon.core.main.TestCaseExecutor.accessMainPhase(TestCaseExecutor.java:293)
	at com.kms.katalon.core.main.TestCaseExecutor.execute(TestCaseExecutor.java:227)
	at com.kms.katalon.core.main.TestSuiteExecutor.accessTestCaseMainPhase(TestSuiteExecutor.java:129)
	at com.kms.katalon.core.main.TestSuiteExecutor.accessTestSuiteMainPhase(TestSuiteExecutor.java:112)
	at com.kms.katalon.core.main.TestSuiteExecutor.execute(TestSuiteExecutor.java:81)
	at com.kms.katalon.core.main.TestCaseMain.startTestSuite(TestCaseMain.java:157)
	at com.kms.katalon.core.main.TestCaseMain$startTestSuite$0.call(Unknown Source)
	at TempTestSuite1553606435750.run(TempTestSuite1553606435750.groovy:35)
Caused by: com.kms.katalon.core.exception.StepFailedException: com.kms.katalon.core.webui.exception.WebElementNotFoundException: Web element with id: 'Object Repository/Page_Foleon/span_The email address or password you entered is incorrect Please try again' located by 'By.xpath: //*[@font-size = 'xs']' not found
	at com.kms.katalon.core.webui.keyword.internal.WebUIKeywordMain.stepFailed(WebUIKeywordMain.groovy:64)
	at com.kms.katalon.core.webui.keyword.builtin.VerifyElementPresentKeyword$_verifyElementPresent_closure1.doCall(VerifyElementPresentKeyword.groovy:85)
	at com.kms.katalon.core.webui.keyword.builtin.VerifyElementPresentKeyword$_verifyElementPresent_closure1.call(VerifyElementPresentKeyword.groovy)
	at com.kms.katalon.core.webui.keyword.internal.WebUIKeywordMain.runKeyword(WebUIKeywordMain.groovy:20)
	... 19 more]]></system-err>
      </testcase>
      <system-out><![CDATA[2019-03-26 14:20:37 - [TEST_SUITE][FAILED] - Foleon Prod Test: Test Cases/Foleon_Logon invalid authenticate FAILED.
Reason:
com.kms.katalon.core.exception.StepFailedException: Unable to verify object 'Object Repository/Page_Foleon/span_The email address or password you entered is incorrect Please try again' is present
	at com.kms.katalon.core.webui.keyword.internal.WebUIKeywordMain.stepFailed(WebUIKeywordMain.groovy:64)
	at com.kms.katalon.core.webui.keyword.internal.WebUIKeywordMain.runKeyword(WebUIKeywordMain.groovy:26)
	at com.kms.katalon.core.webui.keyword.builtin.VerifyElementPresentKeyword.verifyElementPresent(VerifyElementPresentKeyword.groovy:92)
	at com.kms.katalon.core.webui.keyword.builtin.VerifyElementPresentKeyword.execute(VerifyElementPresentKeyword.groovy:68)
	at com.kms.katalon.core.keyword.internal.KeywordExecutor.executeKeywordForPlatform(KeywordExecutor.groovy:56)
	at com.kms.katalon.core.webui.keyword.WebUiBuiltInKeywords.verifyElementPresent(WebUiBuiltInKeywords.groovy:1434)
	at com.kms.katalon.core.webui.keyword.WebUiBuiltInKeywords$verifyElementPresent$3.call(Unknown Source)
	at Foleon_Logon invalid authenticate.run(Foleon_Logon invalid authenticate:29)
	at com.kms.katalon.core.main.ScriptEngine.run(ScriptEngine.java:194)
	at com.kms.katalon.core.main.ScriptEngine.runScriptAsRawText(ScriptEngine.java:119)
	at com.kms.katalon.core.main.TestCaseExecutor.runScript(TestCaseExecutor.java:331)
	at com.kms.katalon.core.main.TestCaseExecutor.doExecute(TestCaseExecutor.java:322)
	at com.kms.katalon.core.main.TestCaseExecutor.processExecutionPhase(TestCaseExecutor.java:301)
	at com.kms.katalon.core.main.TestCaseExecutor.accessMainPhase(TestCaseExecutor.java:293)
	at com.kms.katalon.core.main.TestCaseExecutor.execute(TestCaseExecutor.java:227)
	at com.kms.katalon.core.main.TestSuiteExecutor.accessTestCaseMainPhase(TestSuiteExecutor.java:129)
	at com.kms.katalon.core.main.TestSuiteExecutor.accessTestSuiteMainPhase(TestSuiteExecutor.java:112)
	at com.kms.katalon.core.main.TestSuiteExecutor.execute(TestSuiteExecutor.java:81)
	at com.kms.katalon.core.main.TestCaseMain.startTestSuite(TestCaseMain.java:157)
	at com.kms.katalon.core.main.TestCaseMain$startTestSuite$0.call(Unknown Source)
	at TempTestSuite1553606435750.run(TempTestSuite1553606435750.groovy:35)
Caused by: com.kms.katalon.core.exception.StepFailedException: com.kms.katalon.core.webui.exception.WebElementNotFoundException: Web element with id: 'Object Repository/Page_Foleon/span_The email address or password you entered is incorrect Please try again' located by 'By.xpath: //*[@font-size = 'xs']' not found
	at com.kms.katalon.core.webui.keyword.internal.WebUIKeywordMain.stepFailed(WebUIKeywordMain.groovy:64)
	at com.kms.katalon.core.webui.keyword.builtin.VerifyElementPresentKeyword$_verifyElementPresent_closure1.doCall(VerifyElementPresentKeyword.groovy:85)
	at com.kms.katalon.core.webui.keyword.builtin.VerifyElementPresentKeyword$_verifyElementPresent_closure1.call(VerifyElementPresentKeyword.groovy)
	at com.kms.katalon.core.webui.keyword.internal.WebUIKeywordMain.runKeyword(WebUIKeywordMain.groovy:20)
	... 19 more]]></system-out>
      <system-err><![CDATA[2019-03-26 14:20:37 - [TEST_SUITE][FAILED] - Foleon Prod Test: Test Cases/Foleon_Logon invalid authenticate FAILED.
Reason:
com.kms.katalon.core.exception.StepFailedException: Unable to verify object 'Object Repository/Page_Foleon/span_The email address or password you entered is incorrect Please try again' is present
	at com.kms.katalon.core.webui.keyword.internal.WebUIKeywordMain.stepFailed(WebUIKeywordMain.groovy:64)
	at com.kms.katalon.core.webui.keyword.internal.WebUIKeywordMain.runKeyword(WebUIKeywordMain.groovy:26)
	at com.kms.katalon.core.webui.keyword.builtin.VerifyElementPresentKeyword.verifyElementPresent(VerifyElementPresentKeyword.groovy:92)
	at com.kms.katalon.core.webui.keyword.builtin.VerifyElementPresentKeyword.execute(VerifyElementPresentKeyword.groovy:68)
	at com.kms.katalon.core.keyword.internal.KeywordExecutor.executeKeywordForPlatform(KeywordExecutor.groovy:56)
	at com.kms.katalon.core.webui.keyword.WebUiBuiltInKeywords.verifyElementPresent(WebUiBuiltInKeywords.groovy:1434)
	at com.kms.katalon.core.webui.keyword.WebUiBuiltInKeywords$verifyElementPresent$3.call(Unknown Source)
	at Foleon_Logon invalid authenticate.run(Foleon_Logon invalid authenticate:29)
	at com.kms.katalon.core.main.ScriptEngine.run(ScriptEngine.java:194)
	at com.kms.katalon.core.main.ScriptEngine.runScriptAsRawText(ScriptEngine.java:119)
	at com.kms.katalon.core.main.TestCaseExecutor.runScript(TestCaseExecutor.java:331)
	at com.kms.katalon.core.main.TestCaseExecutor.doExecute(TestCaseExecutor.java:322)
	at com.kms.katalon.core.main.TestCaseExecutor.processExecutionPhase(TestCaseExecutor.java:301)
	at com.kms.katalon.core.main.TestCaseExecutor.accessMainPhase(TestCaseExecutor.java:293)
	at com.kms.katalon.core.main.TestCaseExecutor.execute(TestCaseExecutor.java:227)
	at com.kms.katalon.core.main.TestSuiteExecutor.accessTestCaseMainPhase(TestSuiteExecutor.java:129)
	at com.kms.katalon.core.main.TestSuiteExecutor.accessTestSuiteMainPhase(TestSuiteExecutor.java:112)
	at com.kms.katalon.core.main.TestSuiteExecutor.execute(TestSuiteExecutor.java:81)
	at com.kms.katalon.core.main.TestCaseMain.startTestSuite(TestCaseMain.java:157)
	at com.kms.katalon.core.main.TestCaseMain$startTestSuite$0.call(Unknown Source)
	at TempTestSuite1553606435750.run(TempTestSuite1553606435750.groovy:35)
Caused by: com.kms.katalon.core.exception.StepFailedException: com.kms.katalon.core.webui.exception.WebElementNotFoundException: Web element with id: 'Object Repository/Page_Foleon/span_The email address or password you entered is incorrect Please try again' located by 'By.xpath: //*[@font-size = 'xs']' not found
	at com.kms.katalon.core.webui.keyword.internal.WebUIKeywordMain.stepFailed(WebUIKeywordMain.groovy:64)
	at com.kms.katalon.core.webui.keyword.builtin.VerifyElementPresentKeyword$_verifyElementPresent_closure1.doCall(VerifyElementPresentKeyword.groovy:85)
	at com.kms.katalon.core.webui.keyword.builtin.VerifyElementPresentKeyword$_verifyElementPresent_closure1.call(VerifyElementPresentKeyword.groovy)
	at com.kms.katalon.core.webui.keyword.internal.WebUIKeywordMain.runKeyword(WebUIKeywordMain.groovy:20)
	... 19 more]]></system-err>
   </testsuite>
</testsuites>
